<?xml version="1.0" encoding="utf-8"?>
<CoverageSession xmlns:xsd="http://www.w3.org/2001/XMLSchema" xmlns:xsi="http://www.w3.org/2001/XMLSchema-instance" Version="0.0.0.0">
  <Summary numSequencePoints="498" visitedSequencePoints="416" numBranchPoints="0" visitedBranchPoints="0" sequenceCoverage="83.53" branchCoverage="0.0" maxCyclomaticComplexity="0" minCyclomaticComplexity="0" maxCrapScore="0" minCrapScore="0" visitedClasses="25" numClasses="25" visitedMethods="64" numMethods="64" />
  <Modules>
    <Module>
      <Summary numSequencePoints="102" visitedSequencePoints="102" numBranchPoints="0" visitedBranchPoints="0" sequenceCoverage="100.0" branchCoverage="0.0" maxCyclomaticComplexity="0" minCyclomaticComplexity="0" maxCrapScore="0" minCrapScore="0" visitedClasses="1" numClasses="1" visitedMethods="2" numMethods="2" />
      <ModuleTime>0001-01-01T00:00:00</ModuleTime>
      <ModuleName>Assembly-CSharp-Editor</ModuleName>
      <Files>
        <File uid="1" fullPath="C:/Users/limkt/Desktop/S11P12E204/game/Assets/Toon/Editor/RemoveUnusedMaterialProperties.cs" />
        <File uid="2" fullPath="C:/Users/limkt/Desktop/S11P12E204/game/Assets/Toon/Editor/CopyMaterialParameter.cs" />
        <File uid="3" fullPath="C:/Users/limkt/Desktop/S11P12E204/game/Assets/Toon/Editor/RemoveUnusedShaderKeywordsFromUTS2Material.cs" />
        <File uid="4" fullPath="C:/Users/limkt/Desktop/S11P12E204/game/Assets/Toon/Editor/UTS2GUI.cs" />
      </Files>
      <Classes>
        <Class>
          <Summary numSequencePoints="102" visitedSequencePoints="102" numBranchPoints="0" visitedBranchPoints="0" sequenceCoverage="100.0" branchCoverage="0.0" maxCyclomaticComplexity="0" minCyclomaticComplexity="0" maxCrapScore="0" minCrapScore="0" visitedClasses="1" numClasses="1" visitedMethods="2" numMethods="2" />
          <FullName>UnityChan.UTS2GUI</FullName>
          <Methods>
            <Method visited="true" cyclomaticComplexity="0" nPathComplexity="0" sequenceCoverage="100.0" branchCoverage="0" crapScore="0" isConstructor="true" isStatic="false" isGetter="false" isSetter="false">
              <Summary numSequencePoints="83" visitedSequencePoints="83" numBranchPoints="0" visitedBranchPoints="0" sequenceCoverage="100.0" branchCoverage="0" maxCyclomaticComplexity="0" minCyclomaticComplexity="0" maxCrapScore="0" minCrapScore="0" visitedClasses="0" numClasses="0" visitedMethods="1" numMethods="1" />
              <MetadataToken>100663342</MetadataToken>
              <Name>UnityChan.UTS2GUI::UTS2GUI()</Name>
              <FileRef uid="4" />
              <SequencePoints>
                <SequencePoint vc="1" uspid="4450" ordinal="0" offset="0" sl="34" sc="9" el="34" ec="9" bec="0" bev="0" fileid="4" />
                <SequencePoint vc="1" uspid="4451" ordinal="0" offset="25" sl="35" sc="9" el="35" ec="9" bec="0" bev="0" fileid="4" />
                <SequencePoint vc="1" uspid="4452" ordinal="0" offset="50" sl="45" sc="9" el="45" ec="9" bec="0" bev="0" fileid="4" />
                <SequencePoint vc="1" uspid="4453" ordinal="0" offset="57" sl="46" sc="9" el="46" ec="9" bec="0" bev="0" fileid="4" />
                <SequencePoint vc="1" uspid="4454" ordinal="0" offset="64" sl="69" sc="9" el="69" ec="9" bec="0" bev="0" fileid="4" />
                <SequencePoint vc="1" uspid="4455" ordinal="0" offset="71" sl="70" sc="9" el="70" ec="9" bec="0" bev="0" fileid="4" />
                <SequencePoint vc="1" uspid="4456" ordinal="0" offset="78" sl="71" sc="9" el="71" ec="9" bec="0" bev="0" fileid="4" />
                <SequencePoint vc="1" uspid="4457" ordinal="0" offset="85" sl="72" sc="9" el="72" ec="9" bec="0" bev="0" fileid="4" />
                <SequencePoint vc="1" uspid="4458" ordinal="0" offset="92" sl="73" sc="9" el="73" ec="9" bec="0" bev="0" fileid="4" />
                <SequencePoint vc="1" uspid="4459" ordinal="0" offset="99" sl="74" sc="9" el="74" ec="9" bec="0" bev="0" fileid="4" />
                <SequencePoint vc="1" uspid="4460" ordinal="0" offset="106" sl="75" sc="9" el="75" ec="9" bec="0" bev="0" fileid="4" />
                <SequencePoint vc="1" uspid="4461" ordinal="0" offset="113" sl="76" sc="9" el="76" ec="9" bec="0" bev="0" fileid="4" />
                <SequencePoint vc="1" uspid="4462" ordinal="0" offset="120" sl="77" sc="9" el="77" ec="9" bec="0" bev="0" fileid="4" />
                <SequencePoint vc="1" uspid="4463" ordinal="0" offset="127" sl="78" sc="9" el="78" ec="9" bec="0" bev="0" fileid="4" />
                <SequencePoint vc="1" uspid="4464" ordinal="0" offset="134" sl="79" sc="9" el="79" ec="9" bec="0" bev="0" fileid="4" />
                <SequencePoint vc="1" uspid="4465" ordinal="0" offset="141" sl="80" sc="9" el="80" ec="9" bec="0" bev="0" fileid="4" />
                <SequencePoint vc="1" uspid="4466" ordinal="0" offset="148" sl="81" sc="9" el="81" ec="9" bec="0" bev="0" fileid="4" />
                <SequencePoint vc="1" uspid="4467" ordinal="0" offset="155" sl="82" sc="9" el="82" ec="9" bec="0" bev="0" fileid="4" />
                <SequencePoint vc="1" uspid="4468" ordinal="0" offset="162" sl="83" sc="9" el="83" ec="9" bec="0" bev="0" fileid="4" />
                <SequencePoint vc="1" uspid="4469" ordinal="0" offset="169" sl="84" sc="9" el="84" ec="9" bec="0" bev="0" fileid="4" />
                <SequencePoint vc="1" uspid="4470" ordinal="0" offset="176" sl="85" sc="9" el="85" ec="9" bec="0" bev="0" fileid="4" />
                <SequencePoint vc="1" uspid="4471" ordinal="0" offset="183" sl="86" sc="9" el="86" ec="9" bec="0" bev="0" fileid="4" />
                <SequencePoint vc="1" uspid="4472" ordinal="0" offset="190" sl="87" sc="9" el="87" ec="9" bec="0" bev="0" fileid="4" />
                <SequencePoint vc="1" uspid="4473" ordinal="0" offset="197" sl="88" sc="9" el="88" ec="9" bec="0" bev="0" fileid="4" />
                <SequencePoint vc="1" uspid="4474" ordinal="0" offset="204" sl="89" sc="9" el="89" ec="9" bec="0" bev="0" fileid="4" />
                <SequencePoint vc="1" uspid="4475" ordinal="0" offset="211" sl="90" sc="9" el="90" ec="9" bec="0" bev="0" fileid="4" />
                <SequencePoint vc="1" uspid="4476" ordinal="0" offset="218" sl="91" sc="9" el="91" ec="9" bec="0" bev="0" fileid="4" />
                <SequencePoint vc="1" uspid="4477" ordinal="0" offset="225" sl="92" sc="9" el="92" ec="9" bec="0" bev="0" fileid="4" />
                <SequencePoint vc="1" uspid="4478" ordinal="0" offset="232" sl="93" sc="9" el="93" ec="9" bec="0" bev="0" fileid="4" />
                <SequencePoint vc="1" uspid="4479" ordinal="0" offset="239" sl="94" sc="9" el="94" ec="9" bec="0" bev="0" fileid="4" />
                <SequencePoint vc="1" uspid="4480" ordinal="0" offset="246" sl="95" sc="9" el="95" ec="9" bec="0" bev="0" fileid="4" />
                <SequencePoint vc="1" uspid="4481" ordinal="0" offset="253" sl="96" sc="9" el="96" ec="9" bec="0" bev="0" fileid="4" />
                <SequencePoint vc="1" uspid="4482" ordinal="0" offset="260" sl="97" sc="9" el="97" ec="9" bec="0" bev="0" fileid="4" />
                <SequencePoint vc="1" uspid="4483" ordinal="0" offset="267" sl="98" sc="9" el="98" ec="9" bec="0" bev="0" fileid="4" />
                <SequencePoint vc="1" uspid="4484" ordinal="0" offset="274" sl="99" sc="9" el="99" ec="9" bec="0" bev="0" fileid="4" />
                <SequencePoint vc="1" uspid="4485" ordinal="0" offset="281" sl="100" sc="9" el="100" ec="9" bec="0" bev="0" fileid="4" />
                <SequencePoint vc="1" uspid="4486" ordinal="0" offset="288" sl="101" sc="9" el="101" ec="9" bec="0" bev="0" fileid="4" />
                <SequencePoint vc="1" uspid="4487" ordinal="0" offset="295" sl="102" sc="9" el="102" ec="9" bec="0" bev="0" fileid="4" />
                <SequencePoint vc="1" uspid="4488" ordinal="0" offset="302" sl="103" sc="9" el="103" ec="9" bec="0" bev="0" fileid="4" />
                <SequencePoint vc="1" uspid="4489" ordinal="0" offset="309" sl="104" sc="9" el="104" ec="9" bec="0" bev="0" fileid="4" />
                <SequencePoint vc="1" uspid="4490" ordinal="0" offset="316" sl="105" sc="9" el="105" ec="9" bec="0" bev="0" fileid="4" />
                <SequencePoint vc="1" uspid="4491" ordinal="0" offset="323" sl="106" sc="9" el="106" ec="9" bec="0" bev="0" fileid="4" />
                <SequencePoint vc="1" uspid="4492" ordinal="0" offset="330" sl="107" sc="9" el="107" ec="9" bec="0" bev="0" fileid="4" />
                <SequencePoint vc="1" uspid="4493" ordinal="0" offset="337" sl="108" sc="9" el="108" ec="9" bec="0" bev="0" fileid="4" />
                <SequencePoint vc="1" uspid="4494" ordinal="0" offset="344" sl="109" sc="9" el="109" ec="9" bec="0" bev="0" fileid="4" />
                <SequencePoint vc="1" uspid="4495" ordinal="0" offset="351" sl="110" sc="9" el="110" ec="9" bec="0" bev="0" fileid="4" />
                <SequencePoint vc="1" uspid="4496" ordinal="0" offset="358" sl="111" sc="9" el="111" ec="9" bec="0" bev="0" fileid="4" />
                <SequencePoint vc="1" uspid="4497" ordinal="0" offset="365" sl="112" sc="9" el="112" ec="9" bec="0" bev="0" fileid="4" />
                <SequencePoint vc="1" uspid="4498" ordinal="0" offset="372" sl="113" sc="9" el="113" ec="9" bec="0" bev="0" fileid="4" />
                <SequencePoint vc="1" uspid="4499" ordinal="0" offset="379" sl="114" sc="9" el="114" ec="9" bec="0" bev="0" fileid="4" />
                <SequencePoint vc="1" uspid="4500" ordinal="0" offset="386" sl="115" sc="9" el="115" ec="9" bec="0" bev="0" fileid="4" />
                <SequencePoint vc="1" uspid="4501" ordinal="0" offset="393" sl="116" sc="9" el="116" ec="9" bec="0" bev="0" fileid="4" />
                <SequencePoint vc="1" uspid="4502" ordinal="0" offset="400" sl="117" sc="9" el="117" ec="9" bec="0" bev="0" fileid="4" />
                <SequencePoint vc="1" uspid="4503" ordinal="0" offset="407" sl="118" sc="9" el="118" ec="9" bec="0" bev="0" fileid="4" />
                <SequencePoint vc="1" uspid="4504" ordinal="0" offset="414" sl="119" sc="9" el="119" ec="9" bec="0" bev="0" fileid="4" />
                <SequencePoint vc="1" uspid="4505" ordinal="0" offset="421" sl="120" sc="9" el="120" ec="9" bec="0" bev="0" fileid="4" />
                <SequencePoint vc="1" uspid="4506" ordinal="0" offset="428" sl="121" sc="9" el="121" ec="9" bec="0" bev="0" fileid="4" />
                <SequencePoint vc="1" uspid="4507" ordinal="0" offset="435" sl="122" sc="9" el="122" ec="9" bec="0" bev="0" fileid="4" />
                <SequencePoint vc="1" uspid="4508" ordinal="0" offset="442" sl="123" sc="9" el="123" ec="9" bec="0" bev="0" fileid="4" />
                <SequencePoint vc="1" uspid="4509" ordinal="0" offset="449" sl="124" sc="9" el="124" ec="9" bec="0" bev="0" fileid="4" />
                <SequencePoint vc="1" uspid="4510" ordinal="0" offset="456" sl="125" sc="9" el="125" ec="9" bec="0" bev="0" fileid="4" />
                <SequencePoint vc="1" uspid="4511" ordinal="0" offset="463" sl="126" sc="9" el="126" ec="9" bec="0" bev="0" fileid="4" />
                <SequencePoint vc="1" uspid="4512" ordinal="0" offset="470" sl="127" sc="9" el="127" ec="9" bec="0" bev="0" fileid="4" />
                <SequencePoint vc="1" uspid="4513" ordinal="0" offset="477" sl="128" sc="9" el="128" ec="9" bec="0" bev="0" fileid="4" />
                <SequencePoint vc="1" uspid="4514" ordinal="0" offset="484" sl="129" sc="9" el="129" ec="9" bec="0" bev="0" fileid="4" />
                <SequencePoint vc="1" uspid="4515" ordinal="0" offset="491" sl="130" sc="9" el="130" ec="9" bec="0" bev="0" fileid="4" />
                <SequencePoint vc="1" uspid="4516" ordinal="0" offset="498" sl="131" sc="9" el="131" ec="9" bec="0" bev="0" fileid="4" />
                <SequencePoint vc="1" uspid="4517" ordinal="0" offset="505" sl="132" sc="9" el="132" ec="9" bec="0" bev="0" fileid="4" />
                <SequencePoint vc="1" uspid="4518" ordinal="0" offset="512" sl="133" sc="9" el="133" ec="9" bec="0" bev="0" fileid="4" />
                <SequencePoint vc="1" uspid="4519" ordinal="0" offset="519" sl="134" sc="9" el="134" ec="9" bec="0" bev="0" fileid="4" />
                <SequencePoint vc="1" uspid="4520" ordinal="0" offset="526" sl="135" sc="9" el="135" ec="9" bec="0" bev="0" fileid="4" />
                <SequencePoint vc="1" uspid="4521" ordinal="0" offset="533" sl="136" sc="9" el="136" ec="9" bec="0" bev="0" fileid="4" />
                <SequencePoint vc="1" uspid="4522" ordinal="0" offset="540" sl="137" sc="9" el="137" ec="9" bec="0" bev="0" fileid="4" />
                <SequencePoint vc="1" uspid="4523" ordinal="0" offset="547" sl="138" sc="9" el="138" ec="9" bec="0" bev="0" fileid="4" />
                <SequencePoint vc="1" uspid="4524" ordinal="0" offset="554" sl="139" sc="9" el="139" ec="9" bec="0" bev="0" fileid="4" />
                <SequencePoint vc="1" uspid="4525" ordinal="0" offset="561" sl="140" sc="9" el="140" ec="9" bec="0" bev="0" fileid="4" />
                <SequencePoint vc="1" uspid="4526" ordinal="0" offset="568" sl="141" sc="9" el="141" ec="9" bec="0" bev="0" fileid="4" />
                <SequencePoint vc="1" uspid="4527" ordinal="0" offset="575" sl="142" sc="9" el="142" ec="9" bec="0" bev="0" fileid="4" />
                <SequencePoint vc="1" uspid="4528" ordinal="0" offset="582" sl="143" sc="9" el="143" ec="9" bec="0" bev="0" fileid="4" />
                <SequencePoint vc="1" uspid="4529" ordinal="0" offset="589" sl="144" sc="9" el="144" ec="9" bec="0" bev="0" fileid="4" />
                <SequencePoint vc="1" uspid="4530" ordinal="0" offset="596" sl="145" sc="9" el="145" ec="9" bec="0" bev="0" fileid="4" />
                <SequencePoint vc="1" uspid="4531" ordinal="0" offset="603" sl="146" sc="9" el="146" ec="9" bec="0" bev="0" fileid="4" />
                <SequencePoint vc="1" uspid="4532" ordinal="0" offset="610" sl="147" sc="9" el="147" ec="9" bec="0" bev="0" fileid="4" />
              </SequencePoints>
              <BranchPoints />
            </Method>
            <Method visited="true" cyclomaticComplexity="0" nPathComplexity="0" sequenceCoverage="100.0" branchCoverage="0" crapScore="0" isConstructor="true" isStatic="true" isGetter="false" isSetter="false">
              <Summary numSequencePoints="19" visitedSequencePoints="19" numBranchPoints="0" visitedBranchPoints="0" sequenceCoverage="100.0" branchCoverage="0" maxCyclomaticComplexity="0" minCyclomaticComplexity="0" maxCrapScore="0" minCrapScore="0" visitedClasses="0" numClasses="0" visitedMethods="1" numMethods="1" />
              <MetadataToken>100663343</MetadataToken>
              <Name>static UnityChan.UTS2GUI::UTS2GUI()</Name>
              <FileRef uid="4" />
              <SequencePoints>
                <SequencePoint vc="1" uspid="4533" ordinal="0" offset="0" sl="39" sc="9" el="39" ec="9" bec="0" bev="0" fileid="4" />
                <SequencePoint vc="1" uspid="4534" ordinal="0" offset="10" sl="42" sc="9" el="42" ec="9" bec="0" bev="0" fileid="4" />
                <SequencePoint vc="1" uspid="4535" ordinal="0" offset="16" sl="43" sc="9" el="43" ec="9" bec="0" bev="0" fileid="4" />
                <SequencePoint vc="1" uspid="4536" ordinal="0" offset="22" sl="49" sc="9" el="49" ec="9" bec="0" bev="0" fileid="4" />
                <SequencePoint vc="1" uspid="4537" ordinal="0" offset="28" sl="50" sc="9" el="50" ec="9" bec="0" bev="0" fileid="4" />
                <SequencePoint vc="1" uspid="4538" ordinal="0" offset="34" sl="51" sc="13" el="51" ec="13" bec="0" bev="0" fileid="4" />
                <SequencePoint vc="1" uspid="4539" ordinal="0" offset="40" sl="52" sc="13" el="52" ec="13" bec="0" bev="0" fileid="4" />
                <SequencePoint vc="1" uspid="4540" ordinal="0" offset="46" sl="53" sc="9" el="53" ec="9" bec="0" bev="0" fileid="4" />
                <SequencePoint vc="1" uspid="4541" ordinal="0" offset="52" sl="54" sc="13" el="54" ec="13" bec="0" bev="0" fileid="4" />
                <SequencePoint vc="1" uspid="4542" ordinal="0" offset="58" sl="55" sc="9" el="55" ec="9" bec="0" bev="0" fileid="4" />
                <SequencePoint vc="1" uspid="4543" ordinal="0" offset="64" sl="56" sc="9" el="56" ec="9" bec="0" bev="0" fileid="4" />
                <SequencePoint vc="1" uspid="4544" ordinal="0" offset="70" sl="57" sc="9" el="57" ec="9" bec="0" bev="0" fileid="4" />
                <SequencePoint vc="1" uspid="4545" ordinal="0" offset="76" sl="58" sc="9" el="58" ec="9" bec="0" bev="0" fileid="4" />
                <SequencePoint vc="1" uspid="4546" ordinal="0" offset="82" sl="59" sc="9" el="59" ec="9" bec="0" bev="0" fileid="4" />
                <SequencePoint vc="1" uspid="4547" ordinal="0" offset="88" sl="60" sc="9" el="60" ec="9" bec="0" bev="0" fileid="4" />
                <SequencePoint vc="1" uspid="4548" ordinal="0" offset="94" sl="61" sc="13" el="61" ec="13" bec="0" bev="0" fileid="4" />
                <SequencePoint vc="1" uspid="4549" ordinal="0" offset="100" sl="62" sc="9" el="62" ec="9" bec="0" bev="0" fileid="4" />
                <SequencePoint vc="1" uspid="4550" ordinal="0" offset="106" sl="63" sc="9" el="63" ec="9" bec="0" bev="0" fileid="4" />
                <SequencePoint vc="1" uspid="4551" ordinal="0" offset="112" sl="64" sc="9" el="64" ec="9" bec="0" bev="0" fileid="4" />
              </SequencePoints>
              <BranchPoints />
            </Method>
          </Methods>
        </Class>
      </Classes>
    </Module>
    <Module>
      <Summary numSequencePoints="381" visitedSequencePoints="299" numBranchPoints="0" visitedBranchPoints="0" sequenceCoverage="78.48" branchCoverage="0.0" maxCyclomaticComplexity="0" minCyclomaticComplexity="0" maxCrapScore="0" minCrapScore="0" visitedClasses="22" numClasses="22" visitedMethods="60" numMethods="60" />
      <ModuleTime>0001-01-01T00:00:00</ModuleTime>
      <ModuleName>Scenes</ModuleName>
      <Files>
        <File uid="5" fullPath="C:/Users/limkt/Desktop/S11P12E204/game/Assets/Scripts/Game/BaseRound.cs" />
        <File uid="6" fullPath="C:/Users/limkt/Desktop/S11P12E204/game/Assets/Scripts/Game/GameRound.cs" />
        <File uid="7" fullPath="C:/Users/limkt/Desktop/S11P12E204/game/Assets/Scripts/Game/GameScore.cs" />
        <File uid="8" fullPath="C:/Users/limkt/Desktop/S11P12E204/game/Assets/Scripts/Managers/CoroutineManager.cs" />
        <File uid="9" fullPath="C:/Users/limkt/Desktop/S11P12E204/game/Assets/Scripts/Managers/ExSceneManager.cs" />
        <File uid="10" fullPath="C:/Users/limkt/Desktop/S11P12E204/game/Assets/Scripts/Managers/Managers.cs" />
        <File uid="11" fullPath="C:/Users/limkt/Desktop/S11P12E204/game/Assets/Scripts/Managers/MapManager.cs" />
        <File uid="12" fullPath="C:/Users/limkt/Desktop/S11P12E204/game/Assets/Scripts/Managers/NetworkManager.cs" />
        <File uid="13" fullPath="C:/Users/limkt/Desktop/S11P12E204/game/Assets/Scripts/Managers/PlayManager.cs" />
        <File uid="14" fullPath="C:/Users/limkt/Desktop/S11P12E204/game/Assets/Scripts/Managers/ResourceManager.cs" />
        <File uid="15" fullPath="C:/Users/limkt/Desktop/S11P12E204/game/Assets/Scripts/Managers/SoundManager.cs" />
        <File uid="16" fullPath="C:/Users/limkt/Desktop/S11P12E204/game/Assets/Scripts/Player/PlayerController.cs" />
        <File uid="17" fullPath="C:/Users/limkt/Desktop/S11P12E204/game/Assets/Scripts/Player/PlayerMovement.cs" />
        <File uid="18" fullPath="C:/Users/limkt/Desktop/S11P12E204/game/Assets/Scripts/Player/PlayerTrigger.cs" />
        <File uid="19" fullPath="C:/Users/limkt/Desktop/S11P12E204/game/Assets/Scripts/Scenes/BaseScene.cs" />
        <File uid="20" fullPath="C:/Users/limkt/Desktop/S11P12E204/game/Assets/Scripts/Scenes/DifficultyScene.cs" />
        <File uid="21" fullPath="C:/Users/limkt/Desktop/S11P12E204/game/Assets/Scripts/Scenes/GameScene.cs" />
        <File uid="22" fullPath="C:/Users/limkt/Desktop/S11P12E204/game/Assets/Scripts/Scenes/MainScene.cs" />
        <File uid="23" fullPath="C:/Users/limkt/Desktop/S11P12E204/game/Assets/Scripts/Scenes/ScoreScene.cs" />
        <File uid="24" fullPath="C:/Users/limkt/Desktop/S11P12E204/game/Assets/Scripts/UI/BlinkText.cs" />
        <File uid="25" fullPath="C:/Users/limkt/Desktop/S11P12E204/game/Assets/Scripts/UI/Button.cs" />
        <File uid="26" fullPath="C:/Users/limkt/Desktop/S11P12E204/game/Assets/Scripts/UI/StopBtn.cs" />
        <File uid="27" fullPath="C:/Users/limkt/Desktop/S11P12E204/game/Assets/Scripts/UI/VolumeController.cs" />
        <File uid="28" fullPath="C:/Users/limkt/Desktop/S11P12E204/game/Assets/Scripts/Walls/WallGenerator.cs" />
        <File uid="29" fullPath="C:/Users/limkt/Desktop/S11P12E204/game/Assets/Scripts/Walls/WallTrigger.cs" />
      </Files>
      <Classes>
        <Class>
          <Summary numSequencePoints="5" visitedSequencePoints="5" numBranchPoints="0" visitedBranchPoints="0" sequenceCoverage="100.0" branchCoverage="0.0" maxCyclomaticComplexity="0" minCyclomaticComplexity="0" maxCrapScore="0" minCrapScore="0" visitedClasses="1" numClasses="1" visitedMethods="1" numMethods="1" />
          <FullName>BaseRound</FullName>
          <Methods>
            <Method visited="true" cyclomaticComplexity="0" nPathComplexity="0" sequenceCoverage="100.0" branchCoverage="0" crapScore="0" isConstructor="false" isStatic="false" isGetter="false" isSetter="false">
              <Summary numSequencePoints="5" visitedSequencePoints="5" numBranchPoints="0" visitedBranchPoints="0" sequenceCoverage="100.0" branchCoverage="0" maxCyclomaticComplexity="0" minCyclomaticComplexity="0" maxCrapScore="0" minCrapScore="0" visitedClasses="0" numClasses="0" visitedMethods="1" numMethods="1" />
              <MetadataToken>100663297</MetadataToken>
              <Name>System.Void BaseRound::Enter(GameScene)</Name>
              <FileRef uid="5" />
              <SequencePoints>
                <SequencePoint vc="1" uspid="4570" ordinal="0" offset="0" sl="12" sc="5" el="12" ec="5" bec="0" bev="0" fileid="5" />
                <SequencePoint vc="1" uspid="4571" ordinal="0" offset="1" sl="13" sc="9" el="13" ec="9" bec="0" bev="0" fileid="5" />
                <SequencePoint vc="1" uspid="4572" ordinal="0" offset="15" sl="14" sc="9" el="14" ec="9" bec="0" bev="0" fileid="5" />
                <SequencePoint vc="1" uspid="4573" ordinal="0" offset="34" sl="15" sc="9" el="15" ec="9" bec="0" bev="0" fileid="5" />
                <SequencePoint vc="1" uspid="4574" ordinal="0" offset="52" sl="16" sc="5" el="16" ec="5" bec="0" bev="0" fileid="5" />
              </SequencePoints>
              <BranchPoints />
            </Method>
          </Methods>
        </Class>
        <Class>
          <Summary numSequencePoints="11" visitedSequencePoints="8" numBranchPoints="0" visitedBranchPoints="0" sequenceCoverage="72.73" branchCoverage="0.0" maxCyclomaticComplexity="0" minCyclomaticComplexity="0" maxCrapScore="0" minCrapScore="0" visitedClasses="1" numClasses="1" visitedMethods="2" numMethods="2" />
          <FullName>Round1</FullName>
          <Methods>
            <Method visited="true" cyclomaticComplexity="0" nPathComplexity="0" sequenceCoverage="100.0" branchCoverage="0" crapScore="0" isConstructor="false" isStatic="false" isGetter="false" isSetter="false">
              <Summary numSequencePoints="5" visitedSequencePoints="5" numBranchPoints="0" visitedBranchPoints="0" sequenceCoverage="100.0" branchCoverage="0" maxCyclomaticComplexity="0" minCyclomaticComplexity="0" maxCrapScore="0" minCrapScore="0" visitedClasses="0" numClasses="0" visitedMethods="1" numMethods="1" />
              <MetadataToken>100663301</MetadataToken>
              <Name>System.Void Round1::Enter(GameScene)</Name>
              <FileRef uid="6" />
              <SequencePoints>
                <SequencePoint vc="1" uspid="4575" ordinal="0" offset="0" sl="8" sc="5" el="8" ec="5" bec="0" bev="0" fileid="6" />
                <SequencePoint vc="1" uspid="4576" ordinal="0" offset="1" sl="9" sc="9" el="9" ec="9" bec="0" bev="0" fileid="6" />
                <SequencePoint vc="1" uspid="4577" ordinal="0" offset="12" sl="10" sc="9" el="10" ec="9" bec="0" bev="0" fileid="6" />
                <SequencePoint vc="1" uspid="4578" ordinal="0" offset="20" sl="11" sc="9" el="11" ec="9" bec="0" bev="0" fileid="6" />
                <SequencePoint vc="1" uspid="4579" ordinal="0" offset="38" sl="12" sc="5" el="12" ec="5" bec="0" bev="0" fileid="6" />
              </SequencePoints>
              <BranchPoints />
            </Method>
            <Method visited="true" cyclomaticComplexity="0" nPathComplexity="0" sequenceCoverage="50.00" branchCoverage="0" crapScore="0" isConstructor="false" isStatic="false" isGetter="false" isSetter="false">
              <Summary numSequencePoints="6" visitedSequencePoints="3" numBranchPoints="0" visitedBranchPoints="0" sequenceCoverage="50.00" branchCoverage="0" maxCyclomaticComplexity="0" minCyclomaticComplexity="0" maxCrapScore="0" minCrapScore="0" visitedClasses="0" numClasses="0" visitedMethods="1" numMethods="1" />
              <MetadataToken>100663302</MetadataToken>
              <Name>System.Void Round1::Update(GameScene)</Name>
              <FileRef uid="6" />
              <SequencePoints>
                <SequencePoint vc="11" uspid="4580" ordinal="0" offset="0" sl="15" sc="5" el="15" ec="5" bec="0" bev="0" fileid="6" />
                <SequencePoint vc="11" uspid="4581" ordinal="0" offset="1" sl="16" sc="9" el="16" ec="9" bec="0" bev="0" fileid="6" />
                <SequencePoint vc="0" uspid="4582" ordinal="0" offset="22" sl="17" sc="9" el="17" ec="9" bec="0" bev="0" fileid="6" />
                <SequencePoint vc="0" uspid="4583" ordinal="0" offset="23" sl="18" sc="13" el="18" ec="13" bec="0" bev="0" fileid="6" />
                <SequencePoint vc="0" uspid="4584" ordinal="0" offset="35" sl="19" sc="9" el="19" ec="9" bec="0" bev="0" fileid="6" />
                <SequencePoint vc="11" uspid="4585" ordinal="0" offset="36" sl="20" sc="5" el="20" ec="5" bec="0" bev="0" fileid="6" />
              </SequencePoints>
              <BranchPoints />
            </Method>
          </Methods>
        </Class>
        <Class>
          <Summary numSequencePoints="3" visitedSequencePoints="3" numBranchPoints="0" visitedBranchPoints="0" sequenceCoverage="100.0" branchCoverage="0.0" maxCyclomaticComplexity="0" minCyclomaticComplexity="0" maxCrapScore="0" minCrapScore="0" visitedClasses="1" numClasses="1" visitedMethods="1" numMethods="1" />
          <FullName>CoroutineManager</FullName>
          <Methods>
            <Method visited="true" cyclomaticComplexity="0" nPathComplexity="0" sequenceCoverage="100.0" branchCoverage="0" crapScore="0" isConstructor="false" isStatic="false" isGetter="false" isSetter="false">
              <Summary numSequencePoints="3" visitedSequencePoints="3" numBranchPoints="0" visitedBranchPoints="0" sequenceCoverage="100.0" branchCoverage="0" maxCyclomaticComplexity="0" minCyclomaticComplexity="0" maxCrapScore="0" minCrapScore="0" visitedClasses="0" numClasses="0" visitedMethods="1" numMethods="1" />
              <MetadataToken>100663317</MetadataToken>
              <Name>UnityEngine.Coroutine CoroutineManager::Run(System.Collections.IEnumerator)</Name>
              <FileRef uid="8" />
              <SequencePoints>
                <SequencePoint vc="2" uspid="4639" ordinal="0" offset="0" sl="8" sc="5" el="8" ec="5" bec="0" bev="0" fileid="8" />
                <SequencePoint vc="2" uspid="4640" ordinal="0" offset="1" sl="9" sc="9" el="9" ec="9" bec="0" bev="0" fileid="8" />
                <SequencePoint vc="2" uspid="4641" ordinal="0" offset="11" sl="10" sc="5" el="10" ec="5" bec="0" bev="0" fileid="8" />
              </SequencePoints>
              <BranchPoints />
            </Method>
          </Methods>
        </Class>
        <Class>
          <Summary numSequencePoints="10" visitedSequencePoints="10" numBranchPoints="0" visitedBranchPoints="0" sequenceCoverage="100.0" branchCoverage="0.0" maxCyclomaticComplexity="0" minCyclomaticComplexity="0" maxCrapScore="0" minCrapScore="0" visitedClasses="1" numClasses="1" visitedMethods="2" numMethods="2" />
          <FullName>ExSceneManager</FullName>
          <Methods>
            <Method visited="true" cyclomaticComplexity="0" nPathComplexity="0" sequenceCoverage="100.0" branchCoverage="0" crapScore="0" isConstructor="false" isStatic="false" isGetter="false" isSetter="false">
              <Summary numSequencePoints="6" visitedSequencePoints="6" numBranchPoints="0" visitedBranchPoints="0" sequenceCoverage="100.0" branchCoverage="0" maxCyclomaticComplexity="0" minCyclomaticComplexity="0" maxCrapScore="0" minCrapScore="0" visitedClasses="0" numClasses="0" visitedMethods="1" numMethods="1" />
              <MetadataToken>100663321</MetadataToken>
              <Name>System.Void ExSceneManager::LoadScene(Define/Scene)</Name>
              <FileRef uid="9" />
              <SequencePoints>
                <SequencePoint vc="1" uspid="4648" ordinal="0" offset="0" sl="13" sc="5" el="13" ec="5" bec="0" bev="0" fileid="9" />
                <SequencePoint vc="1" uspid="4649" ordinal="0" offset="1" sl="14" sc="9" el="14" ec="9" bec="0" bev="0" fileid="9" />
                <SequencePoint vc="1" uspid="4650" ordinal="0" offset="12" sl="16" sc="9" el="16" ec="9" bec="0" bev="0" fileid="9" />
                <SequencePoint vc="1" uspid="4651" ordinal="0" offset="23" sl="17" sc="13" el="17" ec="13" bec="0" bev="0" fileid="9" />
                <SequencePoint vc="1" uspid="4652" ordinal="0" offset="40" sl="19" sc="9" el="19" ec="9" bec="0" bev="0" fileid="9" />
                <SequencePoint vc="1" uspid="4653" ordinal="0" offset="53" sl="20" sc="5" el="20" ec="5" bec="0" bev="0" fileid="9" />
              </SequencePoints>
              <BranchPoints />
            </Method>
            <Method visited="true" cyclomaticComplexity="0" nPathComplexity="0" sequenceCoverage="100.0" branchCoverage="0" crapScore="0" isConstructor="false" isStatic="false" isGetter="false" isSetter="false">
              <Summary numSequencePoints="4" visitedSequencePoints="4" numBranchPoints="0" visitedBranchPoints="0" sequenceCoverage="100.0" branchCoverage="0" maxCyclomaticComplexity="0" minCyclomaticComplexity="0" maxCrapScore="0" minCrapScore="0" visitedClasses="0" numClasses="0" visitedMethods="1" numMethods="1" />
              <MetadataToken>100663322</MetadataToken>
              <Name>System.String ExSceneManager::GetSceneName(Define/Scene)</Name>
              <FileRef uid="9" />
              <SequencePoints>
                <SequencePoint vc="1" uspid="4654" ordinal="0" offset="0" sl="24" sc="5" el="24" ec="5" bec="0" bev="0" fileid="9" />
                <SequencePoint vc="1" uspid="4655" ordinal="0" offset="1" sl="25" sc="9" el="25" ec="9" bec="0" bev="0" fileid="9" />
                <SequencePoint vc="1" uspid="4656" ordinal="0" offset="23" sl="26" sc="9" el="26" ec="9" bec="0" bev="0" fileid="9" />
                <SequencePoint vc="1" uspid="4657" ordinal="0" offset="27" sl="27" sc="5" el="27" ec="5" bec="0" bev="0" fileid="9" />
              </SequencePoints>
              <BranchPoints />
            </Method>
          </Methods>
        </Class>
        <Class>
          <Summary numSequencePoints="49" visitedSequencePoints="49" numBranchPoints="0" visitedBranchPoints="0" sequenceCoverage="100.0" branchCoverage="0.0" maxCyclomaticComplexity="0" minCyclomaticComplexity="0" maxCrapScore="0" minCrapScore="0" visitedClasses="1" numClasses="1" visitedMethods="14" numMethods="14" />
          <FullName>Managers</FullName>
          <Methods>
            <Method visited="true" cyclomaticComplexity="0" nPathComplexity="0" sequenceCoverage="100.0" branchCoverage="0" crapScore="0" isConstructor="false" isStatic="true" isGetter="true" isSetter="false">
              <Summary numSequencePoints="4" visitedSequencePoints="4" numBranchPoints="0" visitedBranchPoints="0" sequenceCoverage="100.0" branchCoverage="0" maxCyclomaticComplexity="0" minCyclomaticComplexity="0" maxCrapScore="0" minCrapScore="0" visitedClasses="0" numClasses="0" visitedMethods="1" numMethods="1" />
              <MetadataToken>100663324</MetadataToken>
              <Name>static Managers Managers::get_Instance()</Name>
              <FileRef uid="10" />
              <SequencePoints>
                <SequencePoint vc="9" uspid="4658" ordinal="0" offset="0" sl="8" sc="36" el="8" ec="36" bec="0" bev="0" fileid="10" />
                <SequencePoint vc="9" uspid="4659" ordinal="0" offset="1" sl="8" sc="38" el="8" ec="38" bec="0" bev="0" fileid="10" />
                <SequencePoint vc="9" uspid="4660" ordinal="0" offset="7" sl="8" sc="46" el="8" ec="46" bec="0" bev="0" fileid="10" />
                <SequencePoint vc="9" uspid="4661" ordinal="0" offset="15" sl="8" sc="63" el="8" ec="63" bec="0" bev="0" fileid="10" />
              </SequencePoints>
              <BranchPoints />
            </Method>
            <Method visited="true" cyclomaticComplexity="0" nPathComplexity="0" sequenceCoverage="100.0" branchCoverage="0" crapScore="0" isConstructor="false" isStatic="true" isGetter="true" isSetter="false">
              <Summary numSequencePoints="1" visitedSequencePoints="1" numBranchPoints="0" visitedBranchPoints="0" sequenceCoverage="100.0" branchCoverage="0" maxCyclomaticComplexity="0" minCyclomaticComplexity="0" maxCrapScore="0" minCrapScore="0" visitedClasses="0" numClasses="0" visitedMethods="1" numMethods="1" />
              <MetadataToken>100663325</MetadataToken>
              <Name>static MapManager Managers::get_Map()</Name>
              <FileRef uid="10" />
              <SequencePoints>
                <SequencePoint vc="1" uspid="4662" ordinal="0" offset="0" sl="20" sc="36" el="20" ec="36" bec="0" bev="0" fileid="10" />
              </SequencePoints>
              <BranchPoints />
            </Method>
            <Method visited="true" cyclomaticComplexity="0" nPathComplexity="0" sequenceCoverage="100.0" branchCoverage="0" crapScore="0" isConstructor="false" isStatic="true" isGetter="false" isSetter="true">
              <Summary numSequencePoints="1" visitedSequencePoints="1" numBranchPoints="0" visitedBranchPoints="0" sequenceCoverage="100.0" branchCoverage="0" maxCyclomaticComplexity="0" minCyclomaticComplexity="0" maxCrapScore="0" minCrapScore="0" visitedClasses="0" numClasses="0" visitedMethods="1" numMethods="1" />
              <MetadataToken>100663326</MetadataToken>
              <Name>static System.Void Managers::set_Map(MapManager)</Name>
              <FileRef uid="10" />
              <SequencePoints>
                <SequencePoint vc="1" uspid="4663" ordinal="0" offset="0" sl="20" sc="41" el="20" ec="41" bec="0" bev="0" fileid="10" />
              </SequencePoints>
              <BranchPoints />
            </Method>
            <Method visited="true" cyclomaticComplexity="0" nPathComplexity="0" sequenceCoverage="100.0" branchCoverage="0" crapScore="0" isConstructor="false" isStatic="true" isGetter="true" isSetter="false">
              <Summary numSequencePoints="1" visitedSequencePoints="1" numBranchPoints="0" visitedBranchPoints="0" sequenceCoverage="100.0" branchCoverage="0" maxCyclomaticComplexity="0" minCyclomaticComplexity="0" maxCrapScore="0" minCrapScore="0" visitedClasses="0" numClasses="0" visitedMethods="1" numMethods="1" />
              <MetadataToken>100663327</MetadataToken>
              <Name>static NetworkManager Managers::get_Network()</Name>
              <FileRef uid="10" />
              <SequencePoints>
                <SequencePoint vc="12" uspid="4664" ordinal="0" offset="0" sl="21" sc="44" el="21" ec="44" bec="0" bev="0" fileid="10" />
              </SequencePoints>
              <BranchPoints />
            </Method>
            <Method visited="true" cyclomaticComplexity="0" nPathComplexity="0" sequenceCoverage="100.0" branchCoverage="0" crapScore="0" isConstructor="false" isStatic="true" isGetter="false" isSetter="true">
              <Summary numSequencePoints="1" visitedSequencePoints="1" numBranchPoints="0" visitedBranchPoints="0" sequenceCoverage="100.0" branchCoverage="0" maxCyclomaticComplexity="0" minCyclomaticComplexity="0" maxCrapScore="0" minCrapScore="0" visitedClasses="0" numClasses="0" visitedMethods="1" numMethods="1" />
              <MetadataToken>100663328</MetadataToken>
              <Name>static System.Void Managers::set_Network(NetworkManager)</Name>
              <FileRef uid="10" />
              <SequencePoints>
                <SequencePoint vc="1" uspid="4665" ordinal="0" offset="0" sl="21" sc="49" el="21" ec="49" bec="0" bev="0" fileid="10" />
              </SequencePoints>
              <BranchPoints />
            </Method>
            <Method visited="true" cyclomaticComplexity="0" nPathComplexity="0" sequenceCoverage="100.0" branchCoverage="0" crapScore="0" isConstructor="false" isStatic="true" isGetter="true" isSetter="false">
              <Summary numSequencePoints="1" visitedSequencePoints="1" numBranchPoints="0" visitedBranchPoints="0" sequenceCoverage="100.0" branchCoverage="0" maxCyclomaticComplexity="0" minCyclomaticComplexity="0" maxCrapScore="0" minCrapScore="0" visitedClasses="0" numClasses="0" visitedMethods="1" numMethods="1" />
              <MetadataToken>100663329</MetadataToken>
              <Name>static CoroutineManager Managers::get_Coroutine()</Name>
              <FileRef uid="10" />
              <SequencePoints>
                <SequencePoint vc="3" uspid="4666" ordinal="0" offset="0" sl="22" sc="48" el="22" ec="48" bec="0" bev="0" fileid="10" />
              </SequencePoints>
              <BranchPoints />
            </Method>
            <Method visited="true" cyclomaticComplexity="0" nPathComplexity="0" sequenceCoverage="100.0" branchCoverage="0" crapScore="0" isConstructor="false" isStatic="true" isGetter="false" isSetter="true">
              <Summary numSequencePoints="1" visitedSequencePoints="1" numBranchPoints="0" visitedBranchPoints="0" sequenceCoverage="100.0" branchCoverage="0" maxCyclomaticComplexity="0" minCyclomaticComplexity="0" maxCrapScore="0" minCrapScore="0" visitedClasses="0" numClasses="0" visitedMethods="1" numMethods="1" />
              <MetadataToken>100663330</MetadataToken>
              <Name>static System.Void Managers::set_Coroutine(CoroutineManager)</Name>
              <FileRef uid="10" />
              <SequencePoints>
                <SequencePoint vc="1" uspid="4667" ordinal="0" offset="0" sl="22" sc="53" el="22" ec="53" bec="0" bev="0" fileid="10" />
              </SequencePoints>
              <BranchPoints />
            </Method>
            <Method visited="true" cyclomaticComplexity="0" nPathComplexity="0" sequenceCoverage="100.0" branchCoverage="0" crapScore="0" isConstructor="false" isStatic="true" isGetter="true" isSetter="false">
              <Summary numSequencePoints="3" visitedSequencePoints="3" numBranchPoints="0" visitedBranchPoints="0" sequenceCoverage="100.0" branchCoverage="0" maxCyclomaticComplexity="0" minCyclomaticComplexity="0" maxCrapScore="0" minCrapScore="0" visitedClasses="0" numClasses="0" visitedMethods="1" numMethods="1" />
              <MetadataToken>100663331</MetadataToken>
              <Name>static PlayManager Managers::get_Play()</Name>
              <FileRef uid="10" />
              <SequencePoints>
                <SequencePoint vc="3" uspid="4668" ordinal="0" offset="0" sl="23" sc="42" el="23" ec="42" bec="0" bev="0" fileid="10" />
                <SequencePoint vc="3" uspid="4669" ordinal="0" offset="1" sl="23" sc="44" el="23" ec="44" bec="0" bev="0" fileid="10" />
                <SequencePoint vc="3" uspid="4670" ordinal="0" offset="14" sl="23" sc="67" el="23" ec="67" bec="0" bev="0" fileid="10" />
              </SequencePoints>
              <BranchPoints />
            </Method>
            <Method visited="true" cyclomaticComplexity="0" nPathComplexity="0" sequenceCoverage="100.0" branchCoverage="0" crapScore="0" isConstructor="false" isStatic="true" isGetter="true" isSetter="false">
              <Summary numSequencePoints="3" visitedSequencePoints="3" numBranchPoints="0" visitedBranchPoints="0" sequenceCoverage="100.0" branchCoverage="0" maxCyclomaticComplexity="0" minCyclomaticComplexity="0" maxCrapScore="0" minCrapScore="0" visitedClasses="0" numClasses="0" visitedMethods="1" numMethods="1" />
              <MetadataToken>100663332</MetadataToken>
              <Name>static SoundManager Managers::get_Sound()</Name>
              <FileRef uid="10" />
              <SequencePoints>
                <SequencePoint vc="2" uspid="4671" ordinal="0" offset="0" sl="24" sc="44" el="24" ec="44" bec="0" bev="0" fileid="10" />
                <SequencePoint vc="2" uspid="4672" ordinal="0" offset="1" sl="24" sc="46" el="24" ec="46" bec="0" bev="0" fileid="10" />
                <SequencePoint vc="2" uspid="4673" ordinal="0" offset="14" sl="24" sc="70" el="24" ec="70" bec="0" bev="0" fileid="10" />
              </SequencePoints>
              <BranchPoints />
            </Method>
            <Method visited="true" cyclomaticComplexity="0" nPathComplexity="0" sequenceCoverage="100.0" branchCoverage="0" crapScore="0" isConstructor="false" isStatic="true" isGetter="true" isSetter="false">
              <Summary numSequencePoints="3" visitedSequencePoints="3" numBranchPoints="0" visitedBranchPoints="0" sequenceCoverage="100.0" branchCoverage="0" maxCyclomaticComplexity="0" minCyclomaticComplexity="0" maxCrapScore="0" minCrapScore="0" visitedClasses="0" numClasses="0" visitedMethods="1" numMethods="1" />
              <MetadataToken>100663333</MetadataToken>
              <Name>static ExSceneManager Managers::get_Scene()</Name>
              <FileRef uid="10" />
              <SequencePoints>
                <SequencePoint vc="1" uspid="4674" ordinal="0" offset="0" sl="25" sc="46" el="25" ec="46" bec="0" bev="0" fileid="10" />
                <SequencePoint vc="1" uspid="4675" ordinal="0" offset="1" sl="25" sc="48" el="25" ec="48" bec="0" bev="0" fileid="10" />
                <SequencePoint vc="1" uspid="4676" ordinal="0" offset="14" sl="25" sc="72" el="25" ec="72" bec="0" bev="0" fileid="10" />
              </SequencePoints>
              <BranchPoints />
            </Method>
            <Method visited="true" cyclomaticComplexity="0" nPathComplexity="0" sequenceCoverage="100.0" branchCoverage="0" crapScore="0" isConstructor="false" isStatic="true" isGetter="true" isSetter="false">
              <Summary numSequencePoints="3" visitedSequencePoints="3" numBranchPoints="0" visitedBranchPoints="0" sequenceCoverage="100.0" branchCoverage="0" maxCyclomaticComplexity="0" minCyclomaticComplexity="0" maxCrapScore="0" minCrapScore="0" visitedClasses="0" numClasses="0" visitedMethods="1" numMethods="1" />
              <MetadataToken>100663334</MetadataToken>
              <Name>static ResourceManager Managers::get_Resource()</Name>
              <FileRef uid="10" />
              <SequencePoints>
                <SequencePoint vc="3" uspid="4677" ordinal="0" offset="0" sl="26" sc="50" el="26" ec="50" bec="0" bev="0" fileid="10" />
                <SequencePoint vc="3" uspid="4678" ordinal="0" offset="1" sl="26" sc="52" el="26" ec="52" bec="0" bev="0" fileid="10" />
                <SequencePoint vc="3" uspid="4679" ordinal="0" offset="14" sl="26" sc="79" el="26" ec="79" bec="0" bev="0" fileid="10" />
              </SequencePoints>
              <BranchPoints />
            </Method>
            <Method visited="true" cyclomaticComplexity="0" nPathComplexity="0" sequenceCoverage="100.0" branchCoverage="0" crapScore="0" isConstructor="false" isStatic="false" isGetter="false" isSetter="false">
              <Summary numSequencePoints="3" visitedSequencePoints="3" numBranchPoints="0" visitedBranchPoints="0" sequenceCoverage="100.0" branchCoverage="0" maxCyclomaticComplexity="0" minCyclomaticComplexity="0" maxCrapScore="0" minCrapScore="0" visitedClasses="0" numClasses="0" visitedMethods="1" numMethods="1" />
              <MetadataToken>100663335</MetadataToken>
              <Name>System.Void Managers::Start()</Name>
              <FileRef uid="10" />
              <SequencePoints>
                <SequencePoint vc="1" uspid="4680" ordinal="0" offset="0" sl="30" sc="5" el="30" ec="5" bec="0" bev="0" fileid="10" />
                <SequencePoint vc="1" uspid="4681" ordinal="0" offset="1" sl="31" sc="9" el="31" ec="9" bec="0" bev="0" fileid="10" />
                <SequencePoint vc="1" uspid="4682" ordinal="0" offset="7" sl="32" sc="5" el="32" ec="5" bec="0" bev="0" fileid="10" />
              </SequencePoints>
              <BranchPoints />
            </Method>
            <Method visited="true" cyclomaticComplexity="0" nPathComplexity="0" sequenceCoverage="100.0" branchCoverage="0" crapScore="0" isConstructor="false" isStatic="true" isGetter="false" isSetter="false">
              <Summary numSequencePoints="20" visitedSequencePoints="20" numBranchPoints="0" visitedBranchPoints="0" sequenceCoverage="100.0" branchCoverage="0" maxCyclomaticComplexity="0" minCyclomaticComplexity="0" maxCrapScore="0" minCrapScore="0" visitedClasses="0" numClasses="0" visitedMethods="1" numMethods="1" />
              <MetadataToken>100663336</MetadataToken>
              <Name>static System.Void Managers::Init()</Name>
              <FileRef uid="10" />
              <SequencePoints>
                <SequencePoint vc="10" uspid="4683" ordinal="0" offset="0" sl="36" sc="5" el="36" ec="5" bec="0" bev="0" fileid="10" />
                <SequencePoint vc="10" uspid="4684" ordinal="0" offset="1" sl="37" sc="9" el="37" ec="9" bec="0" bev="0" fileid="10" />
                <SequencePoint vc="1" uspid="4685" ordinal="0" offset="19" sl="38" sc="9" el="38" ec="9" bec="0" bev="0" fileid="10" />
                <SequencePoint vc="1" uspid="4686" ordinal="0" offset="20" sl="40" sc="13" el="40" ec="13" bec="0" bev="0" fileid="10" />
                <SequencePoint vc="1" uspid="4687" ordinal="0" offset="31" sl="43" sc="13" el="43" ec="13" bec="0" bev="0" fileid="10" />
                <SequencePoint vc="1" uspid="4688" ordinal="0" offset="42" sl="44" sc="13" el="44" ec="13" bec="0" bev="0" fileid="10" />
                <SequencePoint vc="1" uspid="4689" ordinal="0" offset="43" sl="45" sc="17" el="45" ec="17" bec="0" bev="0" fileid="10" />
                <SequencePoint vc="1" uspid="4690" ordinal="0" offset="61" sl="46" sc="13" el="46" ec="13" bec="0" bev="0" fileid="10" />
                <SequencePoint vc="1" uspid="4691" ordinal="0" offset="62" sl="49" sc="13" el="49" ec="13" bec="0" bev="0" fileid="10" />
                <SequencePoint vc="1" uspid="4692" ordinal="0" offset="78" sl="50" sc="13" el="50" ec="13" bec="0" bev="0" fileid="10" />
                <SequencePoint vc="1" uspid="4693" ordinal="0" offset="79" sl="51" sc="17" el="51" ec="17" bec="0" bev="0" fileid="10" />
                <SequencePoint vc="1" uspid="4694" ordinal="0" offset="86" sl="52" sc="17" el="52" ec="17" bec="0" bev="0" fileid="10" />
                <SequencePoint vc="1" uspid="4695" ordinal="0" offset="98" sl="53" sc="17" el="53" ec="17" bec="0" bev="0" fileid="10" />
                <SequencePoint vc="1" uspid="4696" ordinal="0" offset="110" sl="54" sc="17" el="54" ec="17" bec="0" bev="0" fileid="10" />
                <SequencePoint vc="1" uspid="4697" ordinal="0" offset="122" sl="55" sc="13" el="55" ec="13" bec="0" bev="0" fileid="10" />
                <SequencePoint vc="1" uspid="4698" ordinal="0" offset="123" sl="58" sc="13" el="58" ec="13" bec="0" bev="0" fileid="10" />
                <SequencePoint vc="1" uspid="4699" ordinal="0" offset="130" sl="59" sc="13" el="59" ec="13" bec="0" bev="0" fileid="10" />
                <SequencePoint vc="1" uspid="4700" ordinal="0" offset="141" sl="61" sc="13" el="61" ec="13" bec="0" bev="0" fileid="10" />
                <SequencePoint vc="1" uspid="4701" ordinal="0" offset="157" sl="62" sc="9" el="62" ec="9" bec="0" bev="0" fileid="10" />
                <SequencePoint vc="10" uspid="4702" ordinal="0" offset="158" sl="63" sc="5" el="63" ec="5" bec="0" bev="0" fileid="10" />
              </SequencePoints>
              <BranchPoints />
            </Method>
            <Method visited="true" cyclomaticComplexity="0" nPathComplexity="0" sequenceCoverage="100.0" branchCoverage="0" crapScore="0" isConstructor="true" isStatic="false" isGetter="false" isSetter="false">
              <Summary numSequencePoints="4" visitedSequencePoints="4" numBranchPoints="0" visitedBranchPoints="0" sequenceCoverage="100.0" branchCoverage="0" maxCyclomaticComplexity="0" minCyclomaticComplexity="0" maxCrapScore="0" minCrapScore="0" visitedClasses="0" numClasses="0" visitedMethods="1" numMethods="1" />
              <MetadataToken>100663337</MetadataToken>
              <Name>Managers::Managers()</Name>
              <FileRef uid="10" />
              <SequencePoints>
                <SequencePoint vc="1" uspid="4703" ordinal="0" offset="0" sl="14" sc="5" el="14" ec="5" bec="0" bev="0" fileid="10" />
                <SequencePoint vc="1" uspid="4704" ordinal="0" offset="11" sl="15" sc="5" el="15" ec="5" bec="0" bev="0" fileid="10" />
                <SequencePoint vc="1" uspid="4705" ordinal="0" offset="22" sl="16" sc="5" el="16" ec="5" bec="0" bev="0" fileid="10" />
                <SequencePoint vc="1" uspid="4706" ordinal="0" offset="33" sl="17" sc="5" el="17" ec="5" bec="0" bev="0" fileid="10" />
              </SequencePoints>
              <BranchPoints />
            </Method>
          </Methods>
        </Class>
        <Class>
          <Summary numSequencePoints="7" visitedSequencePoints="7" numBranchPoints="0" visitedBranchPoints="0" sequenceCoverage="100.0" branchCoverage="0.0" maxCyclomaticComplexity="0" minCyclomaticComplexity="0" maxCrapScore="0" minCrapScore="0" visitedClasses="1" numClasses="1" visitedMethods="2" numMethods="2" />
          <FullName>MapManager</FullName>
          <Methods>
            <Method visited="true" cyclomaticComplexity="0" nPathComplexity="0" sequenceCoverage="100.0" branchCoverage="0" crapScore="0" isConstructor="false" isStatic="false" isGetter="false" isSetter="false">
              <Summary numSequencePoints="3" visitedSequencePoints="3" numBranchPoints="0" visitedBranchPoints="0" sequenceCoverage="100.0" branchCoverage="0" maxCyclomaticComplexity="0" minCyclomaticComplexity="0" maxCrapScore="0" minCrapScore="0" visitedClasses="0" numClasses="0" visitedMethods="1" numMethods="1" />
              <MetadataToken>100663338</MetadataToken>
              <Name>System.Void MapManager::Init()</Name>
              <FileRef uid="11" />
              <SequencePoints>
                <SequencePoint vc="1" uspid="4707" ordinal="0" offset="0" sl="10" sc="5" el="10" ec="5" bec="0" bev="0" fileid="11" />
                <SequencePoint vc="1" uspid="4708" ordinal="0" offset="1" sl="11" sc="9" el="11" ec="9" bec="0" bev="0" fileid="11" />
                <SequencePoint vc="1" uspid="4709" ordinal="0" offset="20" sl="12" sc="5" el="12" ec="5" bec="0" bev="0" fileid="11" />
              </SequencePoints>
              <BranchPoints />
            </Method>
            <Method visited="true" cyclomaticComplexity="0" nPathComplexity="0" sequenceCoverage="100.0" branchCoverage="0" crapScore="0" isConstructor="false" isStatic="false" isGetter="false" isSetter="false">
              <Summary numSequencePoints="4" visitedSequencePoints="4" numBranchPoints="0" visitedBranchPoints="0" sequenceCoverage="100.0" branchCoverage="0" maxCyclomaticComplexity="0" minCyclomaticComplexity="0" maxCrapScore="0" minCrapScore="0" visitedClasses="0" numClasses="0" visitedMethods="1" numMethods="1" />
              <MetadataToken>100663339</MetadataToken>
              <Name>System.Void MapManager::SetMap(Define/Map)</Name>
              <FileRef uid="11" />
              <SequencePoints>
                <SequencePoint vc="1" uspid="4710" ordinal="0" offset="0" sl="16" sc="5" el="16" ec="5" bec="0" bev="0" fileid="11" />
                <SequencePoint vc="1" uspid="4711" ordinal="0" offset="1" sl="18" sc="9" el="18" ec="9" bec="0" bev="0" fileid="11" />
                <SequencePoint vc="1" uspid="4712" ordinal="0" offset="28" sl="19" sc="9" el="19" ec="9" bec="0" bev="0" fileid="11" />
                <SequencePoint vc="1" uspid="4713" ordinal="0" offset="51" sl="20" sc="5" el="20" ec="5" bec="0" bev="0" fileid="11" />
              </SequencePoints>
              <BranchPoints />
            </Method>
          </Methods>
        </Class>
        <Class>
          <Summary numSequencePoints="4" visitedSequencePoints="4" numBranchPoints="0" visitedBranchPoints="0" sequenceCoverage="100.0" branchCoverage="0.0" maxCyclomaticComplexity="0" minCyclomaticComplexity="0" maxCrapScore="0" minCrapScore="0" visitedClasses="1" numClasses="1" visitedMethods="2" numMethods="2" />
          <FullName>NetworkManager</FullName>
          <Methods>
            <Method visited="true" cyclomaticComplexity="0" nPathComplexity="0" sequenceCoverage="100.0" branchCoverage="0" crapScore="0" isConstructor="false" isStatic="false" isGetter="false" isSetter="false">
              <Summary numSequencePoints="3" visitedSequencePoints="3" numBranchPoints="0" visitedBranchPoints="0" sequenceCoverage="100.0" branchCoverage="0" maxCyclomaticComplexity="0" minCyclomaticComplexity="0" maxCrapScore="0" minCrapScore="0" visitedClasses="0" numClasses="0" visitedMethods="1" numMethods="1" />
              <MetadataToken>100663342</MetadataToken>
              <Name>System.Void NetworkManager::Awake()</Name>
              <FileRef uid="12" />
              <SequencePoints>
                <SequencePoint vc="1" uspid="4714" ordinal="0" offset="0" sl="15" sc="5" el="15" ec="5" bec="0" bev="0" fileid="12" />
                <SequencePoint vc="1" uspid="4715" ordinal="0" offset="1" sl="16" sc="9" el="16" ec="9" bec="0" bev="0" fileid="12" />
                <SequencePoint vc="1" uspid="4716" ordinal="0" offset="8" sl="17" sc="5" el="17" ec="5" bec="0" bev="0" fileid="12" />
              </SequencePoints>
              <BranchPoints />
            </Method>
            <Method visited="true" cyclomaticComplexity="0" nPathComplexity="0" sequenceCoverage="100.0" branchCoverage="0" crapScore="0" isConstructor="true" isStatic="false" isGetter="false" isSetter="false">
              <Summary numSequencePoints="1" visitedSequencePoints="1" numBranchPoints="0" visitedBranchPoints="0" sequenceCoverage="100.0" branchCoverage="0" maxCyclomaticComplexity="0" minCyclomaticComplexity="0" maxCrapScore="0" minCrapScore="0" visitedClasses="0" numClasses="0" visitedMethods="1" numMethods="1" />
              <MetadataToken>100663346</MetadataToken>
              <Name>NetworkManager::NetworkManager()</Name>
              <FileRef uid="12" />
              <SequencePoints>
                <SequencePoint vc="1" uspid="4725" ordinal="0" offset="0" sl="11" sc="5" el="11" ec="5" bec="0" bev="0" fileid="12" />
              </SequencePoints>
              <BranchPoints />
            </Method>
          </Methods>
        </Class>
        <Class>
          <Summary numSequencePoints="7" visitedSequencePoints="7" numBranchPoints="0" visitedBranchPoints="0" sequenceCoverage="100.0" branchCoverage="0.0" maxCyclomaticComplexity="0" minCyclomaticComplexity="0" maxCrapScore="0" minCrapScore="0" visitedClasses="1" numClasses="1" visitedMethods="3" numMethods="3" />
          <FullName>PlayManager</FullName>
          <Methods>
            <Method visited="true" cyclomaticComplexity="0" nPathComplexity="0" sequenceCoverage="100.0" branchCoverage="0" crapScore="0" isConstructor="false" isStatic="false" isGetter="true" isSetter="false">
              <Summary numSequencePoints="3" visitedSequencePoints="3" numBranchPoints="0" visitedBranchPoints="0" sequenceCoverage="100.0" branchCoverage="0" maxCyclomaticComplexity="0" minCyclomaticComplexity="0" maxCrapScore="0" minCrapScore="0" visitedClasses="0" numClasses="0" visitedMethods="1" numMethods="1" />
              <MetadataToken>100663347</MetadataToken>
              <Name>System.Int32 PlayManager::get_DiffLevel()</Name>
              <FileRef uid="13" />
              <SequencePoints>
                <SequencePoint vc="2" uspid="4726" ordinal="0" offset="0" sl="9" sc="32" el="9" ec="32" bec="0" bev="0" fileid="13" />
                <SequencePoint vc="2" uspid="4727" ordinal="0" offset="1" sl="9" sc="34" el="9" ec="34" bec="0" bev="0" fileid="13" />
                <SequencePoint vc="2" uspid="4728" ordinal="0" offset="10" sl="9" sc="53" el="9" ec="53" bec="0" bev="0" fileid="13" />
              </SequencePoints>
              <BranchPoints />
            </Method>
            <Method visited="true" cyclomaticComplexity="0" nPathComplexity="0" sequenceCoverage="100.0" branchCoverage="0" crapScore="0" isConstructor="false" isStatic="false" isGetter="false" isSetter="true">
              <Summary numSequencePoints="3" visitedSequencePoints="3" numBranchPoints="0" visitedBranchPoints="0" sequenceCoverage="100.0" branchCoverage="0" maxCyclomaticComplexity="0" minCyclomaticComplexity="0" maxCrapScore="0" minCrapScore="0" visitedClasses="0" numClasses="0" visitedMethods="1" numMethods="1" />
              <MetadataToken>100663348</MetadataToken>
              <Name>System.Void PlayManager::set_DiffLevel(System.Int32)</Name>
              <FileRef uid="13" />
              <SequencePoints>
                <SequencePoint vc="1" uspid="4729" ordinal="0" offset="0" sl="9" sc="59" el="9" ec="59" bec="0" bev="0" fileid="13" />
                <SequencePoint vc="1" uspid="4730" ordinal="0" offset="1" sl="9" sc="61" el="9" ec="61" bec="0" bev="0" fileid="13" />
                <SequencePoint vc="1" uspid="4731" ordinal="0" offset="8" sl="9" sc="81" el="9" ec="81" bec="0" bev="0" fileid="13" />
              </SequencePoints>
              <BranchPoints />
            </Method>
            <Method visited="true" cyclomaticComplexity="0" nPathComplexity="0" sequenceCoverage="100.0" branchCoverage="0" crapScore="0" isConstructor="true" isStatic="false" isGetter="false" isSetter="false">
              <Summary numSequencePoints="1" visitedSequencePoints="1" numBranchPoints="0" visitedBranchPoints="0" sequenceCoverage="100.0" branchCoverage="0" maxCyclomaticComplexity="0" minCyclomaticComplexity="0" maxCrapScore="0" minCrapScore="0" visitedClasses="0" numClasses="0" visitedMethods="1" numMethods="1" />
              <MetadataToken>100663349</MetadataToken>
              <Name>PlayManager::PlayManager()</Name>
              <FileRef uid="13" />
              <SequencePoints>
                <SequencePoint vc="1" uspid="4732" ordinal="0" offset="0" sl="7" sc="5" el="7" ec="5" bec="0" bev="0" fileid="13" />
              </SequencePoints>
              <BranchPoints />
            </Method>
          </Methods>
        </Class>
        <Class>
          <Summary numSequencePoints="24" visitedSequencePoints="17" numBranchPoints="0" visitedBranchPoints="0" sequenceCoverage="70.83" branchCoverage="0.0" maxCyclomaticComplexity="0" minCyclomaticComplexity="0" maxCrapScore="0" minCrapScore="0" visitedClasses="1" numClasses="1" visitedMethods="2" numMethods="2" />
          <FullName>ResourceManager</FullName>
          <Methods>
            <Method visited="true" cyclomaticComplexity="0" nPathComplexity="0" sequenceCoverage="69.57" branchCoverage="0" crapScore="0" isConstructor="false" isStatic="false" isGetter="false" isSetter="false">
              <Summary numSequencePoints="23" visitedSequencePoints="16" numBranchPoints="0" visitedBranchPoints="0" sequenceCoverage="69.57" branchCoverage="0" maxCyclomaticComplexity="0" minCyclomaticComplexity="0" maxCrapScore="0" minCrapScore="0" visitedClasses="0" numClasses="0" visitedMethods="1" numMethods="1" />
              <MetadataToken>100663350</MetadataToken>
              <Name>T ResourceManager::Load[T](System.String)</Name>
              <FileRef uid="14" />
              <SequencePoints>
                <SequencePoint vc="3" uspid="4733" ordinal="0" offset="0" sl="12" sc="0" el="12" ec="0" bec="0" bev="0" fileid="14" />
                <SequencePoint vc="3" uspid="4734" ordinal="0" offset="1" sl="13" sc="0" el="13" ec="0" bec="0" bev="0" fileid="14" />
                <SequencePoint vc="1" uspid="4735" ordinal="0" offset="33" sl="14" sc="0" el="14" ec="0" bec="0" bev="0" fileid="14" />
                <SequencePoint vc="1" uspid="4736" ordinal="0" offset="34" sl="15" sc="0" el="15" ec="0" bec="0" bev="0" fileid="14" />
                <SequencePoint vc="1" uspid="4737" ordinal="0" offset="36" sl="16" sc="0" el="16" ec="0" bec="0" bev="0" fileid="14" />
                <SequencePoint vc="1" uspid="4738" ordinal="0" offset="45" sl="18" sc="0" el="18" ec="0" bec="0" bev="0" fileid="14" />
                <SequencePoint vc="1" uspid="4739" ordinal="0" offset="56" sl="18" sc="0" el="18" ec="0" bec="0" bev="0" fileid="14" />
                <SequencePoint vc="1" uspid="4740" ordinal="0" offset="66" sl="21" sc="0" el="21" ec="0" bec="0" bev="0" fileid="14" />
                <SequencePoint vc="0" uspid="4741" ordinal="0" offset="84" sl="22" sc="0" el="22" ec="0" bec="0" bev="0" fileid="14" />
                <SequencePoint vc="0" uspid="4742" ordinal="0" offset="85" sl="23" sc="0" el="23" ec="0" bec="0" bev="0" fileid="14" />
                <SequencePoint vc="0" uspid="4743" ordinal="0" offset="99" sl="25" sc="0" el="25" ec="0" bec="0" bev="0" fileid="14" />
                <SequencePoint vc="0" uspid="4744" ordinal="0" offset="113" sl="26" sc="0" el="26" ec="0" bec="0" bev="0" fileid="14" />
                <SequencePoint vc="0" uspid="4745" ordinal="0" offset="129" sl="27" sc="0" el="27" ec="0" bec="0" bev="0" fileid="14" />
                <SequencePoint vc="1" uspid="4746" ordinal="0" offset="132" sl="30" sc="0" el="30" ec="0" bec="0" bev="0" fileid="14" />
                <SequencePoint vc="1" uspid="4747" ordinal="0" offset="133" sl="31" sc="0" el="31" ec="0" bec="0" bev="0" fileid="14" />
                <SequencePoint vc="1" uspid="4748" ordinal="0" offset="141" sl="32" sc="0" el="32" ec="0" bec="0" bev="0" fileid="14" />
                <SequencePoint vc="1" uspid="4749" ordinal="0" offset="155" sl="33" sc="0" el="33" ec="0" bec="0" bev="0" fileid="14" />
                <SequencePoint vc="1" uspid="4750" ordinal="0" offset="156" sl="34" sc="0" el="34" ec="0" bec="0" bev="0" fileid="14" />
                <SequencePoint vc="1" uspid="4751" ordinal="0" offset="171" sl="35" sc="0" el="35" ec="0" bec="0" bev="0" fileid="14" />
                <SequencePoint vc="0" uspid="4752" ordinal="0" offset="187" sl="37" sc="0" el="37" ec="0" bec="0" bev="0" fileid="14" />
                <SequencePoint vc="0" uspid="4753" ordinal="0" offset="188" sl="38" sc="0" el="38" ec="0" bec="0" bev="0" fileid="14" />
                <SequencePoint vc="2" uspid="4754" ordinal="0" offset="189" sl="40" sc="0" el="40" ec="0" bec="0" bev="0" fileid="14" />
                <SequencePoint vc="3" uspid="4755" ordinal="0" offset="199" sl="41" sc="0" el="41" ec="0" bec="0" bev="0" fileid="14" />
              </SequencePoints>
              <BranchPoints />
            </Method>
            <Method visited="true" cyclomaticComplexity="0" nPathComplexity="0" sequenceCoverage="100.0" branchCoverage="0" crapScore="0" isConstructor="true" isStatic="false" isGetter="false" isSetter="false">
              <Summary numSequencePoints="1" visitedSequencePoints="1" numBranchPoints="0" visitedBranchPoints="0" sequenceCoverage="100.0" branchCoverage="0" maxCyclomaticComplexity="0" minCyclomaticComplexity="0" maxCrapScore="0" minCrapScore="0" visitedClasses="0" numClasses="0" visitedMethods="1" numMethods="1" />
              <MetadataToken>100663351</MetadataToken>
              <Name>ResourceManager::ResourceManager()</Name>
              <FileRef uid="14" />
              <SequencePoints>
                <SequencePoint vc="1" uspid="4756" ordinal="0" offset="0" sl="8" sc="5" el="8" ec="5" bec="0" bev="0" fileid="14" />
              </SequencePoints>
              <BranchPoints />
            </Method>
          </Methods>
        </Class>
        <Class>
          <Summary numSequencePoints="68" visitedSequencePoints="64" numBranchPoints="0" visitedBranchPoints="0" sequenceCoverage="94.12" branchCoverage="0.0" maxCyclomaticComplexity="0" minCyclomaticComplexity="0" maxCrapScore="0" minCrapScore="0" visitedClasses="1" numClasses="1" visitedMethods="5" numMethods="5" />
          <FullName>SoundManager</FullName>
          <Methods>
            <Method visited="true" cyclomaticComplexity="0" nPathComplexity="0" sequenceCoverage="100.0" branchCoverage="0" crapScore="0" isConstructor="false" isStatic="false" isGetter="false" isSetter="false">
              <Summary numSequencePoints="18" visitedSequencePoints="18" numBranchPoints="0" visitedBranchPoints="0" sequenceCoverage="100.0" branchCoverage="0" maxCyclomaticComplexity="0" minCyclomaticComplexity="0" maxCrapScore="0" minCrapScore="0" visitedClasses="0" numClasses="0" visitedMethods="1" numMethods="1" />
              <MetadataToken>100663354</MetadataToken>
              <Name>System.Void SoundManager::Init()</Name>
              <FileRef uid="15" />
              <SequencePoints>
                <SequencePoint vc="1" uspid="4763" ordinal="0" offset="0" sl="30" sc="5" el="30" ec="5" bec="0" bev="0" fileid="15" />
                <SequencePoint vc="1" uspid="4764" ordinal="0" offset="1" sl="32" sc="9" el="32" ec="9" bec="0" bev="0" fileid="15" />
                <SequencePoint vc="1" uspid="4765" ordinal="0" offset="12" sl="33" sc="9" el="33" ec="9" bec="0" bev="0" fileid="15" />
                <SequencePoint vc="1" uspid="4766" ordinal="0" offset="26" sl="34" sc="9" el="34" ec="9" bec="0" bev="0" fileid="15" />
                <SequencePoint vc="1" uspid="4767" ordinal="0" offset="27" sl="35" sc="13" el="35" ec="13" bec="0" bev="0" fileid="15" />
                <SequencePoint vc="1" uspid="4768" ordinal="0" offset="45" sl="36" sc="13" el="36" ec="13" bec="0" bev="0" fileid="15" />
                <SequencePoint vc="1" uspid="4769" ordinal="0" offset="52" sl="39" sc="13" el="39" ec="13" bec="0" bev="0" fileid="15" />
                <SequencePoint vc="1" uspid="4770" ordinal="0" offset="68" sl="40" sc="18" el="40" ec="18" bec="0" bev="0" fileid="15" />
                <SequencePoint vc="2" uspid="4771" ordinal="0" offset="72" sl="41" sc="13" el="41" ec="13" bec="0" bev="0" fileid="15" />
                <SequencePoint vc="2" uspid="4772" ordinal="0" offset="73" sl="42" sc="17" el="42" ec="17" bec="0" bev="0" fileid="15" />
                <SequencePoint vc="2" uspid="4773" ordinal="0" offset="90" sl="43" sc="17" el="43" ec="17" bec="0" bev="0" fileid="15" />
                <SequencePoint vc="2" uspid="4774" ordinal="0" offset="105" sl="44" sc="17" el="44" ec="17" bec="0" bev="0" fileid="15" />
                <SequencePoint vc="2" uspid="4775" ordinal="0" offset="124" sl="45" sc="13" el="45" ec="13" bec="0" bev="0" fileid="15" />
                <SequencePoint vc="2" uspid="4776" ordinal="0" offset="125" sl="40" sc="56" el="40" ec="56" bec="0" bev="0" fileid="15" />
                <SequencePoint vc="3" uspid="4777" ordinal="0" offset="129" sl="40" sc="29" el="40" ec="29" bec="0" bev="0" fileid="15" />
                <SequencePoint vc="1" uspid="4778" ordinal="0" offset="143" sl="47" sc="13" el="47" ec="13" bec="0" bev="0" fileid="15" />
                <SequencePoint vc="1" uspid="4779" ordinal="0" offset="158" sl="48" sc="9" el="48" ec="9" bec="0" bev="0" fileid="15" />
                <SequencePoint vc="1" uspid="4780" ordinal="0" offset="159" sl="49" sc="5" el="49" ec="5" bec="0" bev="0" fileid="15" />
              </SequencePoints>
              <BranchPoints />
            </Method>
            <Method visited="true" cyclomaticComplexity="0" nPathComplexity="0" sequenceCoverage="87.50" branchCoverage="0" crapScore="0" isConstructor="false" isStatic="false" isGetter="false" isSetter="false">
              <Summary numSequencePoints="8" visitedSequencePoints="7" numBranchPoints="0" visitedBranchPoints="0" sequenceCoverage="87.50" branchCoverage="0" maxCyclomaticComplexity="0" minCyclomaticComplexity="0" maxCrapScore="0" minCrapScore="0" visitedClasses="0" numClasses="0" visitedMethods="1" numMethods="1" />
              <MetadataToken>100663355</MetadataToken>
              <Name>System.Void SoundManager::Play(System.String, Define/Sound)</Name>
              <FileRef uid="15" />
              <SequencePoints>
                <SequencePoint vc="2" uspid="4781" ordinal="0" offset="0" sl="53" sc="5" el="53" ec="5" bec="0" bev="0" fileid="15" />
                <SequencePoint vc="2" uspid="4782" ordinal="0" offset="1" sl="54" sc="9" el="54" ec="9" bec="0" bev="0" fileid="15" />
                <SequencePoint vc="0" uspid="4783" ordinal="0" offset="23" sl="54" sc="63" el="54" ec="63" bec="0" bev="0" fileid="15" />
                <SequencePoint vc="2" uspid="4784" ordinal="0" offset="25" sl="56" sc="9" el="56" ec="9" bec="0" bev="0" fileid="15" />
                <SequencePoint vc="2" uspid="4785" ordinal="0" offset="34" sl="57" sc="9" el="57" ec="9" bec="0" bev="0" fileid="15" />
                <SequencePoint vc="2" uspid="4786" ordinal="0" offset="43" sl="59" sc="9" el="59" ec="9" bec="0" bev="0" fileid="15" />
                <SequencePoint vc="1" uspid="4787" ordinal="0" offset="51" sl="59" sc="39" el="59" ec="39" bec="0" bev="0" fileid="15" />
                <SequencePoint vc="2" uspid="4788" ordinal="0" offset="58" sl="60" sc="5" el="60" ec="5" bec="0" bev="0" fileid="15" />
              </SequencePoints>
              <BranchPoints />
            </Method>
            <Method visited="true" cyclomaticComplexity="0" nPathComplexity="0" sequenceCoverage="89.47" branchCoverage="0" crapScore="0" isConstructor="false" isStatic="false" isGetter="false" isSetter="false">
              <Summary numSequencePoints="19" visitedSequencePoints="17" numBranchPoints="0" visitedBranchPoints="0" sequenceCoverage="89.47" branchCoverage="0" maxCyclomaticComplexity="0" minCyclomaticComplexity="0" maxCrapScore="0" minCrapScore="0" visitedClasses="0" numClasses="0" visitedMethods="1" numMethods="1" />
              <MetadataToken>100663356</MetadataToken>
              <Name>System.Void SoundManager::Play(UnityEngine.AudioClip, Define/Sound)</Name>
              <FileRef uid="15" />
              <SequencePoints>
                <SequencePoint vc="2" uspid="4789" ordinal="0" offset="0" sl="64" sc="5" el="64" ec="5" bec="0" bev="0" fileid="15" />
                <SequencePoint vc="2" uspid="4790" ordinal="0" offset="1" sl="65" sc="9" el="65" ec="9" bec="0" bev="0" fileid="15" />
                <SequencePoint vc="0" uspid="4791" ordinal="0" offset="12" sl="65" sc="32" el="65" ec="32" bec="0" bev="0" fileid="15" />
                <SequencePoint vc="2" uspid="4792" ordinal="0" offset="14" sl="68" sc="9" el="68" ec="9" bec="0" bev="0" fileid="15" />
                <SequencePoint vc="1" uspid="4793" ordinal="0" offset="22" sl="69" sc="9" el="69" ec="9" bec="0" bev="0" fileid="15" />
                <SequencePoint vc="1" uspid="4794" ordinal="0" offset="23" sl="70" sc="13" el="70" ec="13" bec="0" bev="0" fileid="15" />
                <SequencePoint vc="1" uspid="4795" ordinal="0" offset="32" sl="71" sc="13" el="71" ec="13" bec="0" bev="0" fileid="15" />
                <SequencePoint vc="0" uspid="4796" ordinal="0" offset="42" sl="71" sc="40" el="71" ec="40" bec="0" bev="0" fileid="15" />
                <SequencePoint vc="1" uspid="4797" ordinal="0" offset="49" sl="72" sc="13" el="72" ec="13" bec="0" bev="0" fileid="15" />
                <SequencePoint vc="1" uspid="4798" ordinal="0" offset="62" sl="73" sc="13" el="73" ec="13" bec="0" bev="0" fileid="15" />
                <SequencePoint vc="1" uspid="4799" ordinal="0" offset="70" sl="74" sc="13" el="74" ec="13" bec="0" bev="0" fileid="15" />
                <SequencePoint vc="1" uspid="4800" ordinal="0" offset="77" sl="75" sc="13" el="75" ec="13" bec="0" bev="0" fileid="15" />
                <SequencePoint vc="1" uspid="4801" ordinal="0" offset="84" sl="76" sc="9" el="76" ec="9" bec="0" bev="0" fileid="15" />
                <SequencePoint vc="1" uspid="4802" ordinal="0" offset="87" sl="79" sc="9" el="79" ec="9" bec="0" bev="0" fileid="15" />
                <SequencePoint vc="1" uspid="4803" ordinal="0" offset="88" sl="80" sc="13" el="80" ec="13" bec="0" bev="0" fileid="15" />
                <SequencePoint vc="1" uspid="4804" ordinal="0" offset="98" sl="81" sc="13" el="81" ec="13" bec="0" bev="0" fileid="15" />
                <SequencePoint vc="1" uspid="4805" ordinal="0" offset="112" sl="82" sc="13" el="82" ec="13" bec="0" bev="0" fileid="15" />
                <SequencePoint vc="1" uspid="4806" ordinal="0" offset="121" sl="83" sc="9" el="83" ec="9" bec="0" bev="0" fileid="15" />
                <SequencePoint vc="2" uspid="4807" ordinal="0" offset="122" sl="84" sc="5" el="84" ec="5" bec="0" bev="0" fileid="15" />
              </SequencePoints>
              <BranchPoints />
            </Method>
            <Method visited="true" cyclomaticComplexity="0" nPathComplexity="0" sequenceCoverage="94.44" branchCoverage="0" crapScore="0" isConstructor="false" isStatic="false" isGetter="false" isSetter="false">
              <Summary numSequencePoints="18" visitedSequencePoints="17" numBranchPoints="0" visitedBranchPoints="0" sequenceCoverage="94.44" branchCoverage="0" maxCyclomaticComplexity="0" minCyclomaticComplexity="0" maxCrapScore="0" minCrapScore="0" visitedClasses="0" numClasses="0" visitedMethods="1" numMethods="1" />
              <MetadataToken>100663358</MetadataToken>
              <Name>UnityEngine.AudioClip SoundManager::GetOrAddAudioClip(System.String, Define/Sound)</Name>
              <FileRef uid="15" />
              <SequencePoints>
                <SequencePoint vc="2" uspid="4819" ordinal="0" offset="0" sl="99" sc="5" el="99" ec="5" bec="0" bev="0" fileid="15" />
                <SequencePoint vc="2" uspid="4820" ordinal="0" offset="1" sl="100" sc="9" el="100" ec="9" bec="0" bev="0" fileid="15" />
                <SequencePoint vc="2" uspid="4821" ordinal="0" offset="19" sl="100" sc="48" el="100" ec="48" bec="0" bev="0" fileid="15" />
                <SequencePoint vc="2" uspid="4822" ordinal="0" offset="32" sl="105" sc="9" el="105" ec="9" bec="0" bev="0" fileid="15" />
                <SequencePoint vc="1" uspid="4823" ordinal="0" offset="40" sl="106" sc="9" el="106" ec="9" bec="0" bev="0" fileid="15" />
                <SequencePoint vc="1" uspid="4824" ordinal="0" offset="41" sl="107" sc="13" el="107" ec="13" bec="0" bev="0" fileid="15" />
                <SequencePoint vc="1" uspid="4825" ordinal="0" offset="53" sl="109" sc="9" el="109" ec="9" bec="0" bev="0" fileid="15" />
                <SequencePoint vc="1" uspid="4826" ordinal="0" offset="56" sl="112" sc="9" el="112" ec="9" bec="0" bev="0" fileid="15" />
                <SequencePoint vc="1" uspid="4827" ordinal="0" offset="57" sl="113" sc="13" el="113" ec="13" bec="0" bev="0" fileid="15" />
                <SequencePoint vc="1" uspid="4828" ordinal="0" offset="78" sl="114" sc="13" el="114" ec="13" bec="0" bev="0" fileid="15" />
                <SequencePoint vc="1" uspid="4829" ordinal="0" offset="79" sl="115" sc="17" el="115" ec="17" bec="0" bev="0" fileid="15" />
                <SequencePoint vc="1" uspid="4830" ordinal="0" offset="91" sl="116" sc="17" el="116" ec="17" bec="0" bev="0" fileid="15" />
                <SequencePoint vc="1" uspid="4831" ordinal="0" offset="105" sl="117" sc="13" el="117" ec="13" bec="0" bev="0" fileid="15" />
                <SequencePoint vc="1" uspid="4832" ordinal="0" offset="106" sl="118" sc="9" el="118" ec="9" bec="0" bev="0" fileid="15" />
                <SequencePoint vc="2" uspid="4833" ordinal="0" offset="107" sl="121" sc="9" el="121" ec="9" bec="0" bev="0" fileid="15" />
                <SequencePoint vc="0" uspid="4834" ordinal="0" offset="120" sl="122" sc="13" el="122" ec="13" bec="0" bev="0" fileid="15" />
                <SequencePoint vc="2" uspid="4835" ordinal="0" offset="137" sl="124" sc="9" el="124" ec="9" bec="0" bev="0" fileid="15" />
                <SequencePoint vc="2" uspid="4836" ordinal="0" offset="142" sl="125" sc="5" el="125" ec="5" bec="0" bev="0" fileid="15" />
              </SequencePoints>
              <BranchPoints />
            </Method>
            <Method visited="true" cyclomaticComplexity="0" nPathComplexity="0" sequenceCoverage="100.0" branchCoverage="0" crapScore="0" isConstructor="true" isStatic="false" isGetter="false" isSetter="false">
              <Summary numSequencePoints="5" visitedSequencePoints="5" numBranchPoints="0" visitedBranchPoints="0" sequenceCoverage="100.0" branchCoverage="0" maxCyclomaticComplexity="0" minCyclomaticComplexity="0" maxCrapScore="0" minCrapScore="0" visitedClasses="0" numClasses="0" visitedMethods="1" numMethods="1" />
              <MetadataToken>100663361</MetadataToken>
              <Name>SoundManager::SoundManager()</Name>
              <FileRef uid="15" />
              <SequencePoints>
                <SequencePoint vc="1" uspid="4843" ordinal="0" offset="0" sl="9" sc="5" el="9" ec="5" bec="0" bev="0" fileid="15" />
                <SequencePoint vc="1" uspid="4844" ordinal="0" offset="12" sl="11" sc="5" el="11" ec="5" bec="0" bev="0" fileid="15" />
                <SequencePoint vc="1" uspid="4845" ordinal="0" offset="23" sl="13" sc="5" el="13" ec="5" bec="0" bev="0" fileid="15" />
                <SequencePoint vc="1" uspid="4846" ordinal="0" offset="34" sl="14" sc="5" el="14" ec="5" bec="0" bev="0" fileid="15" />
                <SequencePoint vc="1" uspid="4847" ordinal="0" offset="45" sl="15" sc="5" el="15" ec="5" bec="0" bev="0" fileid="15" />
              </SequencePoints>
              <BranchPoints />
            </Method>
          </Methods>
        </Class>
        <Class>
          <Summary numSequencePoints="26" visitedSequencePoints="10" numBranchPoints="0" visitedBranchPoints="0" sequenceCoverage="38.46" branchCoverage="0.0" maxCyclomaticComplexity="0" minCyclomaticComplexity="0" maxCrapScore="0" minCrapScore="0" visitedClasses="1" numClasses="1" visitedMethods="3" numMethods="3" />
          <FullName>PlayerController</FullName>
          <Methods>
            <Method visited="true" cyclomaticComplexity="0" nPathComplexity="0" sequenceCoverage="100.0" branchCoverage="0" crapScore="0" isConstructor="false" isStatic="false" isGetter="false" isSetter="false">
              <Summary numSequencePoints="4" visitedSequencePoints="4" numBranchPoints="0" visitedBranchPoints="0" sequenceCoverage="100.0" branchCoverage="0" maxCyclomaticComplexity="0" minCyclomaticComplexity="0" maxCrapScore="0" minCrapScore="0" visitedClasses="0" numClasses="0" visitedMethods="1" numMethods="1" />
              <MetadataToken>100663362</MetadataToken>
              <Name>System.Void PlayerController::Start()</Name>
              <FileRef uid="16" />
              <SequencePoints>
                <SequencePoint vc="1" uspid="4848" ordinal="0" offset="0" sl="13" sc="5" el="13" ec="5" bec="0" bev="0" fileid="16" />
                <SequencePoint vc="1" uspid="4849" ordinal="0" offset="1" sl="14" sc="9" el="14" ec="9" bec="0" bev="0" fileid="16" />
                <SequencePoint vc="1" uspid="4850" ordinal="0" offset="12" sl="15" sc="9" el="15" ec="9" bec="0" bev="0" fileid="16" />
                <SequencePoint vc="1" uspid="4851" ordinal="0" offset="31" sl="16" sc="5" el="16" ec="5" bec="0" bev="0" fileid="16" />
[...]
          <FullName>WallGenerator</FullName>
          <Methods>
            <Method visited="true" cyclomaticComplexity="0" nPathComplexity="0" sequenceCoverage="100.0" branchCoverage="0" crapScore="0" isConstructor="false" isStatic="false" isGetter="false" isSetter="false">
              <Summary numSequencePoints="4" visitedSequencePoints="4" numBranchPoints="0" visitedBranchPoints="0" sequenceCoverage="100.0" branchCoverage="0" maxCyclomaticComplexity="0" minCyclomaticComplexity="0" maxCrapScore="0" minCrapScore="0" visitedClasses="0" numClasses="0" visitedMethods="1" numMethods="1" />
              <MetadataToken>100663409</MetadataToken>
              <Name>System.Void WallGenerator::Start()</Name>
              <FileRef uid="28" />
              <SequencePoints>
                <SequencePoint vc="1" uspid="5074" ordinal="0" offset="0" sl="15" sc="5" el="15" ec="5" bec="0" bev="0" fileid="28" />
                <SequencePoint vc="1" uspid="5075" ordinal="0" offset="1" sl="16" sc="9" el="16" ec="9" bec="0" bev="0" fileid="28" />
                <SequencePoint vc="1" uspid="5076" ordinal="0" offset="12" sl="17" sc="9" el="17" ec="9" bec="0" bev="0" fileid="28" />
                <SequencePoint vc="1" uspid="5077" ordinal="0" offset="19" sl="18" sc="5" el="18" ec="5" bec="0" bev="0" fileid="28" />
              </SequencePoints>
              <BranchPoints />
            </Method>
            <Method visited="true" cyclomaticComplexity="0" nPathComplexity="0" sequenceCoverage="23.08" branchCoverage="0" crapScore="0" isConstructor="false" isStatic="false" isGetter="false" isSetter="false">
              <Summary numSequencePoints="13" visitedSequencePoints="3" numBranchPoints="0" visitedBranchPoints="0" sequenceCoverage="23.08" branchCoverage="0" maxCyclomaticComplexity="0" minCyclomaticComplexity="0" maxCrapScore="0" minCrapScore="0" visitedClasses="0" numClasses="0" visitedMethods="1" numMethods="1" />
              <MetadataToken>100663410</MetadataToken>
              <Name>System.Void WallGenerator::Update()</Name>
              <FileRef uid="28" />
              <SequencePoints>
                <SequencePoint vc="11" uspid="5078" ordinal="0" offset="0" sl="21" sc="5" el="21" ec="5" bec="0" bev="0" fileid="28" />
                <SequencePoint vc="11" uspid="5079" ordinal="0" offset="1" sl="22" sc="9" el="22" ec="9" bec="0" bev="0" fileid="28" />
                <SequencePoint vc="0" uspid="5080" ordinal="0" offset="19" sl="23" sc="9" el="23" ec="9" bec="0" bev="0" fileid="28" />
                <SequencePoint vc="0" uspid="5081" ordinal="0" offset="20" sl="24" sc="13" el="24" ec="13" bec="0" bev="0" fileid="28" />
                <SequencePoint vc="0" uspid="5082" ordinal="0" offset="38" sl="25" sc="13" el="25" ec="13" bec="0" bev="0" fileid="28" />
                <SequencePoint vc="0" uspid="5083" ordinal="0" offset="39" sl="26" sc="17" el="26" ec="17" bec="0" bev="0" fileid="28" />
                <SequencePoint vc="0" uspid="5084" ordinal="0" offset="52" sl="27" sc="13" el="27" ec="13" bec="0" bev="0" fileid="28" />
                <SequencePoint vc="0" uspid="5085" ordinal="0" offset="55" sl="28" sc="18" el="28" ec="18" bec="0" bev="0" fileid="28" />
                <SequencePoint vc="0" uspid="5086" ordinal="0" offset="73" sl="29" sc="13" el="29" ec="13" bec="0" bev="0" fileid="28" />
                <SequencePoint vc="0" uspid="5087" ordinal="0" offset="74" sl="30" sc="17" el="30" ec="17" bec="0" bev="0" fileid="28" />
                <SequencePoint vc="0" uspid="5088" ordinal="0" offset="87" sl="31" sc="13" el="31" ec="13" bec="0" bev="0" fileid="28" />
                <SequencePoint vc="0" uspid="5089" ordinal="0" offset="88" sl="32" sc="9" el="32" ec="9" bec="0" bev="0" fileid="28" />
                <SequencePoint vc="11" uspid="5090" ordinal="0" offset="89" sl="33" sc="5" el="33" ec="5" bec="0" bev="0" fileid="28" />
              </SequencePoints>
              <BranchPoints />
            </Method>
            <Method visited="true" cyclomaticComplexity="0" nPathComplexity="0" sequenceCoverage="100.0" branchCoverage="0" crapScore="0" isConstructor="false" isStatic="false" isGetter="false" isSetter="false">
              <Summary numSequencePoints="4" visitedSequencePoints="4" numBranchPoints="0" visitedBranchPoints="0" sequenceCoverage="100.0" branchCoverage="0" maxCyclomaticComplexity="0" minCyclomaticComplexity="0" maxCrapScore="0" minCrapScore="0" visitedClasses="0" numClasses="0" visitedMethods="1" numMethods="1" />
              <MetadataToken>100663412</MetadataToken>
              <Name>System.Void WallGenerator::SetGenSpeed()</Name>
              <FileRef uid="28" />
              <SequencePoints>
                <SequencePoint vc="1" uspid="5099" ordinal="0" offset="0" sl="48" sc="5" el="48" ec="5" bec="0" bev="0" fileid="28" />
                <SequencePoint vc="1" uspid="5100" ordinal="0" offset="1" sl="49" sc="9" el="49" ec="9" bec="0" bev="0" fileid="28" />
                <SequencePoint vc="1" uspid="5101" ordinal="0" offset="12" sl="50" sc="9" el="50" ec="9" bec="0" bev="0" fileid="28" />
                <SequencePoint vc="1" uspid="5102" ordinal="0" offset="60" sl="51" sc="5" el="51" ec="5" bec="0" bev="0" fileid="28" />
              </SequencePoints>
              <BranchPoints />
            </Method>
            <Method visited="true" cyclomaticComplexity="0" nPathComplexity="0" sequenceCoverage="100.0" branchCoverage="0" crapScore="0" isConstructor="true" isStatic="false" isGetter="false" isSetter="false">
              <Summary numSequencePoints="1" visitedSequencePoints="1" numBranchPoints="0" visitedBranchPoints="0" sequenceCoverage="100.0" branchCoverage="0" maxCyclomaticComplexity="0" minCyclomaticComplexity="0" maxCrapScore="0" minCrapScore="0" visitedClasses="0" numClasses="0" visitedMethods="1" numMethods="1" />
              <MetadataToken>100663413</MetadataToken>
              <Name>WallGenerator::WallGenerator()</Name>
              <FileRef uid="28" />
              <SequencePoints>
                <SequencePoint vc="1" uspid="5103" ordinal="0" offset="0" sl="9" sc="5" el="9" ec="5" bec="0" bev="0" fileid="28" />
              </SequencePoints>
              <BranchPoints />
            </Method>
          </Methods>
        </Class>
        <Class>
          <Summary numSequencePoints="1" visitedSequencePoints="1" numBranchPoints="0" visitedBranchPoints="0" sequenceCoverage="100.0" branchCoverage="0.0" maxCyclomaticComplexity="0" minCyclomaticComplexity="0" maxCrapScore="0" minCrapScore="0" visitedClasses="1" numClasses="1" visitedMethods="1" numMethods="1" />
          <FullName>WallTrigger</FullName>
          <Methods>
            <Method visited="true" cyclomaticComplexity="0" nPathComplexity="0" sequenceCoverage="100.0" branchCoverage="0" crapScore="0" isConstructor="true" isStatic="false" isGetter="false" isSetter="false">
              <Summary numSequencePoints="1" visitedSequencePoints="1" numBranchPoints="0" visitedBranchPoints="0" sequenceCoverage="100.0" branchCoverage="0" maxCyclomaticComplexity="0" minCyclomaticComplexity="0" maxCrapScore="0" minCrapScore="0" visitedClasses="0" numClasses="0" visitedMethods="1" numMethods="1" />
              <MetadataToken>100663417</MetadataToken>
              <Name>WallTrigger::WallTrigger()</Name>
              <FileRef uid="29" />
              <SequencePoints>
                <SequencePoint vc="25" uspid="5121" ordinal="0" offset="0" sl="7" sc="5" el="7" ec="5" bec="0" bev="0" fileid="29" />
              </SequencePoints>
              <BranchPoints />
            </Method>
          </Methods>
        </Class>
        <Class>
          <Summary numSequencePoints="17" visitedSequencePoints="3" numBranchPoints="0" visitedBranchPoints="0" sequenceCoverage="17.65" branchCoverage="0.0" maxCyclomaticComplexity="0" minCyclomaticComplexity="0" maxCrapScore="0" minCrapScore="0" visitedClasses="1" numClasses="1" visitedMethods="1" numMethods="1" />
          <FullName>BaseRound/&lt;ShowRoundImage&gt;d__3</FullName>
          <Methods>
            <Method visited="true" cyclomaticComplexity="0" nPathComplexity="0" sequenceCoverage="17.65" branchCoverage="0" crapScore="0" isConstructor="false" isStatic="false" isGetter="false" isSetter="false">
              <Summary numSequencePoints="17" visitedSequencePoints="3" numBranchPoints="0" visitedBranchPoints="0" sequenceCoverage="17.65" branchCoverage="0" maxCyclomaticComplexity="0" minCyclomaticComplexity="0" maxCrapScore="0" minCrapScore="0" visitedClasses="0" numClasses="0" visitedMethods="1" numMethods="1" />
              <MetadataToken>100663422</MetadataToken>
              <Name>System.Boolean BaseRound/&lt;ShowRoundImage&gt;d__3::MoveNext()</Name>
              <FileRef uid="5" />
              <SequencePoints>
                <SequencePoint vc="1" uspid="5122" ordinal="0" offset="45" sl="23" sc="5" el="23" ec="5" bec="0" bev="0" fileid="5" />
                <SequencePoint vc="1" uspid="5123" ordinal="0" offset="46" sl="24" sc="9" el="24" ec="9" bec="0" bev="0" fileid="5" />
                <SequencePoint vc="1" uspid="5124" ordinal="0" offset="58" sl="25" sc="9" el="25" ec="9" bec="0" bev="0" fileid="5" />
                <SequencePoint vc="0" uspid="5125" ordinal="0" offset="90" sl="27" sc="9" el="27" ec="9" bec="0" bev="0" fileid="5" />
                <SequencePoint vc="0" uspid="5126" ordinal="0" offset="108" sl="28" sc="9" el="28" ec="9" bec="0" bev="0" fileid="5" />
                <SequencePoint vc="0" uspid="5127" ordinal="0" offset="109" sl="29" sc="13" el="29" ec="13" bec="0" bev="0" fileid="5" />
                <SequencePoint vc="0" uspid="5128" ordinal="0" offset="126" sl="30" sc="9" el="30" ec="9" bec="0" bev="0" fileid="5" />
                <SequencePoint vc="0" uspid="5129" ordinal="0" offset="127" sl="32" sc="9" el="32" ec="9" bec="0" bev="0" fileid="5" />
                <SequencePoint vc="0" uspid="5130" ordinal="0" offset="151" sl="33" sc="9" el="33" ec="9" bec="0" bev="0" fileid="5" />
                <SequencePoint vc="0" uspid="5131" ordinal="0" offset="152" sl="34" sc="13" el="34" ec="13" bec="0" bev="0" fileid="5" />
                <SequencePoint vc="0" uspid="5132" ordinal="0" offset="194" sl="35" sc="13" el="35" ec="13" bec="0" bev="0" fileid="5" />
                <SequencePoint vc="0" uspid="5133" ordinal="0" offset="211" sl="37" sc="13" el="37" ec="13" bec="0" bev="0" fileid="5" />
                <SequencePoint vc="0" uspid="5134" ordinal="0" offset="234" sl="38" sc="13" el="38" ec="13" bec="0" bev="0" fileid="5" />
                <SequencePoint vc="0" uspid="5135" ordinal="0" offset="266" sl="39" sc="13" el="39" ec="13" bec="0" bev="0" fileid="5" />
                <SequencePoint vc="0" uspid="5136" ordinal="0" offset="289" sl="40" sc="13" el="40" ec="13" bec="0" bev="0" fileid="5" />
                <SequencePoint vc="0" uspid="5137" ordinal="0" offset="301" sl="41" sc="9" el="41" ec="9" bec="0" bev="0" fileid="5" />
                <SequencePoint vc="0" uspid="5138" ordinal="0" offset="302" sl="42" sc="5" el="42" ec="5" bec="0" bev="0" fileid="5" />
              </SequencePoints>
              <BranchPoints />
            </Method>
          </Methods>
        </Class>
        <Class>
          <Summary numSequencePoints="14" visitedSequencePoints="2" numBranchPoints="0" visitedBranchPoints="0" sequenceCoverage="14.29" branchCoverage="0.0" maxCyclomaticComplexity="0" minCyclomaticComplexity="0" maxCrapScore="0" minCrapScore="0" visitedClasses="1" numClasses="1" visitedMethods="1" numMethods="1" />
          <FullName>Round1/&lt;Countdown&gt;d__2</FullName>
          <Methods>
            <Method visited="true" cyclomaticComplexity="0" nPathComplexity="0" sequenceCoverage="14.29" branchCoverage="0" crapScore="0" isConstructor="false" isStatic="false" isGetter="false" isSetter="false">
              <Summary numSequencePoints="14" visitedSequencePoints="2" numBranchPoints="0" visitedBranchPoints="0" sequenceCoverage="14.29" branchCoverage="0" maxCyclomaticComplexity="0" minCyclomaticComplexity="0" maxCrapScore="0" minCrapScore="0" visitedClasses="0" numClasses="0" visitedMethods="1" numMethods="1" />
              <MetadataToken>100663428</MetadataToken>
              <Name>System.Boolean Round1/&lt;Countdown&gt;d__2::MoveNext()</Name>
              <FileRef uid="6" />
              <SequencePoints>
                <SequencePoint vc="1" uspid="5139" ordinal="0" offset="54" sl="23" sc="5" el="23" ec="5" bec="0" bev="0" fileid="6" />
                <SequencePoint vc="1" uspid="5140" ordinal="0" offset="55" sl="24" sc="9" el="24" ec="9" bec="0" bev="0" fileid="6" />
                <SequencePoint vc="0" uspid="5141" ordinal="0" offset="87" sl="26" sc="14" el="26" ec="14" bec="0" bev="0" fileid="6" />
                <SequencePoint vc="0" uspid="5142" ordinal="0" offset="99" sl="27" sc="9" el="27" ec="9" bec="0" bev="0" fileid="6" />
                <SequencePoint vc="0" uspid="5143" ordinal="0" offset="100" sl="28" sc="13" el="28" ec="13" bec="0" bev="0" fileid="6" />
                <SequencePoint vc="0" uspid="5144" ordinal="0" offset="135" sl="29" sc="13" el="29" ec="13" bec="0" bev="0" fileid="6" />
                <SequencePoint vc="0" uspid="5145" ordinal="0" offset="152" sl="30" sc="13" el="30" ec="13" bec="0" bev="0" fileid="6" />
                <SequencePoint vc="0" uspid="5146" ordinal="0" offset="175" sl="31" sc="13" el="31" ec="13" bec="0" bev="0" fileid="6" />
                <SequencePoint vc="0" uspid="5147" ordinal="0" offset="207" sl="32" sc="13" el="32" ec="13" bec="0" bev="0" fileid="6" />
                <SequencePoint vc="0" uspid="5148" ordinal="0" offset="230" sl="33" sc="13" el="33" ec="13" bec="0" bev="0" fileid="6" />
                <SequencePoint vc="0" uspid="5149" ordinal="0" offset="262" sl="34" sc="9" el="34" ec="9" bec="0" bev="0" fileid="6" />
                <SequencePoint vc="0" uspid="5150" ordinal="0" offset="263" sl="26" sc="53" el="26" ec="53" bec="0" bev="0" fileid="6" />
                <SequencePoint vc="0" uspid="5151" ordinal="0" offset="279" sl="26" sc="25" el="26" ec="25" bec="0" bev="0" fileid="6" />
                <SequencePoint vc="0" uspid="5152" ordinal="0" offset="307" sl="35" sc="5" el="35" ec="5" bec="0" bev="0" fileid="6" />
              </SequencePoints>
              <BranchPoints />
            </Method>
          </Methods>
        </Class>
      </Classes>
    </Module>
    <Module>
      <Summary numSequencePoints="15" visitedSequencePoints="15" numBranchPoints="0" visitedBranchPoints="0" sequenceCoverage="100.0" branchCoverage="0.0" maxCyclomaticComplexity="0" minCyclomaticComplexity="0" maxCrapScore="0" minCrapScore="0" visitedClasses="2" numClasses="2" visitedMethods="2" numMethods="2" />
      <ModuleTime>0001-01-01T00:00:00</ModuleTime>
      <ModuleName>Tests</ModuleName>
      <Files>
        <File uid="30" fullPath="C:/Users/limkt/Desktop/S11P12E204/game/Assets/Tests/DifficultySceneTests.cs" />
        <File uid="31" fullPath="C:/Users/limkt/Desktop/S11P12E204/game/Assets/Tests/MainSceneTests.cs" />
        <File uid="32" fullPath="C:/Users/limkt/Desktop/S11P12E204/game/Assets/Tests/NewTestScript.cs" />
      </Files>
      <Classes>
        <Class>
          <Summary numSequencePoints="7" visitedSequencePoints="7" numBranchPoints="0" visitedBranchPoints="0" sequenceCoverage="100.0" branchCoverage="0.0" maxCyclomaticComplexity="0" minCyclomaticComplexity="0" maxCrapScore="0" minCrapScore="0" visitedClasses="1" numClasses="1" visitedMethods="1" numMethods="1" />
          <FullName>DifficultySceneTests</FullName>
          <Methods>
            <Method visited="true" cyclomaticComplexity="0" nPathComplexity="0" sequenceCoverage="100.0" branchCoverage="0" crapScore="0" isConstructor="false" isStatic="false" isGetter="false" isSetter="false">
              <Summary numSequencePoints="7" visitedSequencePoints="7" numBranchPoints="0" visitedBranchPoints="0" sequenceCoverage="100.0" branchCoverage="0" maxCyclomaticComplexity="0" minCyclomaticComplexity="0" maxCrapScore="0" minCrapScore="0" visitedClasses="0" numClasses="0" visitedMethods="1" numMethods="1" />
              <MetadataToken>100663297</MetadataToken>
              <Name>System.Void DifficultySceneTests::Setup()</Name>
              <FileRef uid="30" />
              <SequencePoints>
                <SequencePoint vc="1" uspid="5169" ordinal="0" offset="0" sl="16" sc="5" el="16" ec="5" bec="0" bev="0" fileid="30" />
                <SequencePoint vc="1" uspid="5170" ordinal="0" offset="1" sl="18" sc="9" el="18" ec="9" bec="0" bev="0" fileid="30" />
                <SequencePoint vc="1" uspid="5171" ordinal="0" offset="7" sl="19" sc="9" el="19" ec="9" bec="0" bev="0" fileid="30" />
                <SequencePoint vc="1" uspid="5172" ordinal="0" offset="19" sl="22" sc="9" el="22" ec="9" bec="0" bev="0" fileid="30" />
                <SequencePoint vc="1" uspid="5173" ordinal="0" offset="25" sl="23" sc="9" el="23" ec="9" bec="0" bev="0" fileid="30" />
                <SequencePoint vc="1" uspid="5174" ordinal="0" offset="37" sl="24" sc="9" el="24" ec="9" bec="0" bev="0" fileid="30" />
                <SequencePoint vc="1" uspid="5175" ordinal="0" offset="54" sl="25" sc="5" el="25" ec="5" bec="0" bev="0" fileid="30" />
              </SequencePoints>
              <BranchPoints />
            </Method>
          </Methods>
        </Class>
        <Class>
          <Summary numSequencePoints="8" visitedSequencePoints="8" numBranchPoints="0" visitedBranchPoints="0" sequenceCoverage="100.0" branchCoverage="0.0" maxCyclomaticComplexity="0" minCyclomaticComplexity="0" maxCrapScore="0" minCrapScore="0" visitedClasses="1" numClasses="1" visitedMethods="1" numMethods="1" />
          <FullName>DifficultySceneTests/&lt;난이도_3으로_설정하고_게임씬으로_이동&gt;d__3</FullName>
          <Methods>
            <Method visited="true" cyclomaticComplexity="0" nPathComplexity="0" sequenceCoverage="100.0" branchCoverage="0" crapScore="0" isConstructor="false" isStatic="false" isGetter="false" isSetter="false">
              <Summary numSequencePoints="8" visitedSequencePoints="8" numBranchPoints="0" visitedBranchPoints="0" sequenceCoverage="100.0" branchCoverage="0" maxCyclomaticComplexity="0" minCyclomaticComplexity="0" maxCrapScore="0" minCrapScore="0" visitedClasses="0" numClasses="0" visitedMethods="1" numMethods="1" />
              <MetadataToken>100663313</MetadataToken>
              <Name>System.Boolean DifficultySceneTests/&lt;난이도_3으로_설정하고_게임씬으로_이동&gt;d__3::MoveNext()</Name>
              <FileRef uid="30" />
              <SequencePoints>
                <SequencePoint vc="1" uspid="5187" ordinal="0" offset="31" sl="29" sc="5" el="29" ec="5" bec="0" bev="0" fileid="30" />
                <SequencePoint vc="1" uspid="5188" ordinal="0" offset="32" sl="31" sc="9" el="31" ec="9" bec="0" bev="0" fileid="30" />
                <SequencePoint vc="1" uspid="5189" ordinal="0" offset="51" sl="34" sc="9" el="34" ec="9" bec="0" bev="0" fileid="30" />
                <SequencePoint vc="1" uspid="5190" ordinal="0" offset="79" sl="37" sc="9" el="37" ec="9" bec="0" bev="0" fileid="30" />
                <SequencePoint vc="1" uspid="5191" ordinal="0" offset="111" sl="38" sc="9" el="38" ec="9" bec="0" bev="0" fileid="30" />
                <SequencePoint vc="1" uspid="5192" ordinal="0" offset="136" sl="41" sc="9" el="41" ec="9" bec="0" bev="0" fileid="30" />
                <SequencePoint vc="1" uspid="5193" ordinal="0" offset="163" sl="44" sc="9" el="44" ec="9" bec="0" bev="0" fileid="30" />
                <SequencePoint vc="1" uspid="5194" ordinal="0" offset="197" sl="45" sc="5" el="45" ec="5" bec="0" bev="0" fileid="30" />
              </SequencePoints>
              <BranchPoints />
            </Method>
          </Methods>
        </Class>
      </Classes>
    </Module>
  </Modules>
</CoverageSession>