<?xml version="1.0" encoding="utf-8"?>
<CoverageSession xmlns:xsd="http://www.w3.org/2001/XMLSchema" xmlns:xsi="http://www.w3.org/2001/XMLSchema-instance" Version="0.0.0.0">
  <Summary numSequencePoints="2621" visitedSequencePoints="0" numBranchPoints="0" visitedBranchPoints="0" sequenceCoverage="0.0" branchCoverage="0.0" maxCyclomaticComplexity="0" minCyclomaticComplexity="0" maxCrapScore="0" minCrapScore="0" visitedClasses="0" numClasses="46" visitedMethods="0" numMethods="157" />
  <Modules>
    <Module>
      <Summary numSequencePoints="1954" visitedSequencePoints="0" numBranchPoints="0" visitedBranchPoints="0" sequenceCoverage="0.0" branchCoverage="0.0" maxCyclomaticComplexity="0" minCyclomaticComplexity="0" maxCrapScore="0" minCrapScore="0" visitedClasses="0" numClasses="5" visitedMethods="0" numMethods="45" />
      <ModuleTime>0001-01-01T00:00:00</ModuleTime>
      <ModuleName>Assembly-CSharp-Editor</ModuleName>
      <Files>
        <File uid="1" fullPath="C:/Users/limkt/Desktop/S11P12E204/game/Assets/Toon/Editor/RemoveUnusedMaterialProperties.cs" />
        <File uid="2" fullPath="C:/Users/limkt/Desktop/S11P12E204/game/Assets/Toon/Editor/CopyMaterialParameter.cs" />
        <File uid="3" fullPath="C:/Users/limkt/Desktop/S11P12E204/game/Assets/Toon/Editor/RemoveUnusedShaderKeywordsFromUTS2Material.cs" />
        <File uid="4" fullPath="C:/Users/limkt/Desktop/S11P12E204/game/Assets/Toon/Editor/UTS2GUI.cs" />
      </Files>
      <Classes>
        <Class>
          <Summary numSequencePoints="43" visitedSequencePoints="0" numBranchPoints="0" visitedBranchPoints="0" sequenceCoverage="0.0" branchCoverage="0.0" maxCyclomaticComplexity="0" minCyclomaticComplexity="0" maxCrapScore="0" minCrapScore="0" visitedClasses="0" numClasses="1" visitedMethods="0" numMethods="1" />
          <FullName>Example</FullName>
          <Methods>
            <Method visited="false" cyclomaticComplexity="0" nPathComplexity="0" sequenceCoverage="0.0" branchCoverage="0" crapScore="0" isConstructor="false" isStatic="true" isGetter="false" isSetter="false">
              <Summary numSequencePoints="43" visitedSequencePoints="0" numBranchPoints="0" visitedBranchPoints="0" sequenceCoverage="0.0" branchCoverage="0" maxCyclomaticComplexity="0" minCyclomaticComplexity="0" maxCrapScore="0" minCrapScore="0" visitedClasses="0" numClasses="0" visitedMethods="0" numMethods="1" />
              <MetadataToken>100663297</MetadataToken>
              <Name>static System.Void Example::RemoveUnusedMaterialProperties(UnityEditor.MenuCommand)</Name>
              <FileRef uid="1" />
              <SequencePoints>
                <SequencePoint vc="0" uspid="1" ordinal="0" offset="0" sl="13" sc="0" el="13" ec="0" bec="0" bev="0" fileid="1" />
                <SequencePoint vc="0" uspid="2" ordinal="0" offset="1" sl="14" sc="0" el="14" ec="0" bec="0" bev="0" fileid="1" />
                <SequencePoint vc="0" uspid="3" ordinal="0" offset="13" sl="15" sc="0" el="15" ec="0" bec="0" bev="0" fileid="1" />
                <SequencePoint vc="0" uspid="4" ordinal="0" offset="26" sl="15" sc="0" el="15" ec="0" bec="0" bev="0" fileid="1" />
                <SequencePoint vc="0" uspid="5" ordinal="0" offset="27" sl="16" sc="0" el="16" ec="0" bec="0" bev="0" fileid="1" />
                <SequencePoint vc="0" uspid="6" ordinal="0" offset="32" sl="19" sc="0" el="19" ec="0" bec="0" bev="0" fileid="1" />
                <SequencePoint vc="0" uspid="7" ordinal="0" offset="39" sl="20" sc="0" el="20" ec="0" bec="0" bev="0" fileid="1" />
                <SequencePoint vc="0" uspid="8" ordinal="0" offset="46" sl="22" sc="0" el="22" ec="0" bec="0" bev="0" fileid="1" />
                <SequencePoint vc="0" uspid="9" ordinal="0" offset="58" sl="25" sc="0" el="25" ec="0" bec="0" bev="0" fileid="1" />
                <SequencePoint vc="0" uspid="10" ordinal="0" offset="70" sl="26" sc="0" el="26" ec="0" bec="0" bev="0" fileid="1" />
                <SequencePoint vc="0" uspid="11" ordinal="0" offset="82" sl="26" sc="0" el="26" ec="0" bec="0" bev="0" fileid="1" />
                <SequencePoint vc="0" uspid="12" ordinal="0" offset="83" sl="27" sc="0" el="27" ec="0" bec="0" bev="0" fileid="1" />
                <SequencePoint vc="0" uspid="13" ordinal="0" offset="108" sl="28" sc="0" el="28" ec="0" bec="0" bev="0" fileid="1" />
                <SequencePoint vc="0" uspid="14" ordinal="0" offset="125" sl="28" sc="0" el="28" ec="0" bec="0" bev="0" fileid="1" />
                <SequencePoint vc="0" uspid="15" ordinal="0" offset="126" sl="29" sc="0" el="29" ec="0" bec="0" bev="0" fileid="1" />
                <SequencePoint vc="0" uspid="16" ordinal="0" offset="135" sl="30" sc="0" el="30" ec="0" bec="0" bev="0" fileid="1" />
                <SequencePoint vc="0" uspid="17" ordinal="0" offset="136" sl="31" sc="0" el="31" ec="0" bec="0" bev="0" fileid="1" />
                <SequencePoint vc="0" uspid="18" ordinal="0" offset="137" sl="26" sc="0" el="26" ec="0" bec="0" bev="0" fileid="1" />
                <SequencePoint vc="0" uspid="19" ordinal="0" offset="143" sl="26" sc="0" el="26" ec="0" bec="0" bev="0" fileid="1" />
                <SequencePoint vc="0" uspid="20" ordinal="0" offset="157" sl="34" sc="0" el="34" ec="0" bec="0" bev="0" fileid="1" />
                <SequencePoint vc="0" uspid="21" ordinal="0" offset="170" sl="35" sc="0" el="35" ec="0" bec="0" bev="0" fileid="1" />
                <SequencePoint vc="0" uspid="22" ordinal="0" offset="183" sl="35" sc="0" el="35" ec="0" bec="0" bev="0" fileid="1" />
                <SequencePoint vc="0" uspid="23" ordinal="0" offset="184" sl="36" sc="0" el="36" ec="0" bec="0" bev="0" fileid="1" />
                <SequencePoint vc="0" uspid="24" ordinal="0" offset="210" sl="37" sc="0" el="37" ec="0" bec="0" bev="0" fileid="1" />
                <SequencePoint vc="0" uspid="25" ordinal="0" offset="227" sl="37" sc="0" el="37" ec="0" bec="0" bev="0" fileid="1" />
                <SequencePoint vc="0" uspid="26" ordinal="0" offset="228" sl="38" sc="0" el="38" ec="0" bec="0" bev="0" fileid="1" />
                <SequencePoint vc="0" uspid="27" ordinal="0" offset="238" sl="39" sc="0" el="39" ec="0" bec="0" bev="0" fileid="1" />
                <SequencePoint vc="0" uspid="28" ordinal="0" offset="239" sl="40" sc="0" el="40" ec="0" bec="0" bev="0" fileid="1" />
                <SequencePoint vc="0" uspid="29" ordinal="0" offset="240" sl="35" sc="0" el="35" ec="0" bec="0" bev="0" fileid="1" />
                <SequencePoint vc="0" uspid="30" ordinal="0" offset="246" sl="35" sc="0" el="35" ec="0" bec="0" bev="0" fileid="1" />
                <SequencePoint vc="0" uspid="31" ordinal="0" offset="260" sl="43" sc="0" el="43" ec="0" bec="0" bev="0" fileid="1" />
                <SequencePoint vc="0" uspid="32" ordinal="0" offset="273" sl="44" sc="0" el="44" ec="0" bec="0" bev="0" fileid="1" />
                <SequencePoint vc="0" uspid="33" ordinal="0" offset="286" sl="44" sc="0" el="44" ec="0" bec="0" bev="0" fileid="1" />
                <SequencePoint vc="0" uspid="34" ordinal="0" offset="287" sl="45" sc="0" el="45" ec="0" bec="0" bev="0" fileid="1" />
                <SequencePoint vc="0" uspid="35" ordinal="0" offset="313" sl="46" sc="0" el="46" ec="0" bec="0" bev="0" fileid="1" />
                <SequencePoint vc="0" uspid="36" ordinal="0" offset="330" sl="46" sc="0" el="46" ec="0" bec="0" bev="0" fileid="1" />
                <SequencePoint vc="0" uspid="37" ordinal="0" offset="331" sl="47" sc="0" el="47" ec="0" bec="0" bev="0" fileid="1" />
                <SequencePoint vc="0" uspid="38" ordinal="0" offset="341" sl="48" sc="0" el="48" ec="0" bec="0" bev="0" fileid="1" />
                <SequencePoint vc="0" uspid="39" ordinal="0" offset="342" sl="49" sc="0" el="49" ec="0" bec="0" bev="0" fileid="1" />
                <SequencePoint vc="0" uspid="40" ordinal="0" offset="343" sl="44" sc="0" el="44" ec="0" bec="0" bev="0" fileid="1" />
                <SequencePoint vc="0" uspid="41" ordinal="0" offset="349" sl="44" sc="0" el="44" ec="0" bec="0" bev="0" fileid="1" />
                <SequencePoint vc="0" uspid="42" ordinal="0" offset="363" sl="51" sc="0" el="51" ec="0" bec="0" bev="0" fileid="1" />
                <SequencePoint vc="0" uspid="43" ordinal="0" offset="370" sl="52" sc="0" el="52" ec="0" bec="0" bev="0" fileid="1" />
              </SequencePoints>
              <BranchPoints />
            </Method>
          </Methods>
        </Class>
        <Class>
          <Summary numSequencePoints="75" visitedSequencePoints="0" numBranchPoints="0" visitedBranchPoints="0" sequenceCoverage="0.0" branchCoverage="0.0" maxCyclomaticComplexity="0" minCyclomaticComplexity="0" maxCrapScore="0" minCrapScore="0" visitedClasses="0" numClasses="1" visitedMethods="0" numMethods="5" />
          <FullName>UnityChan.CopyMaterialParameter</FullName>
          <Methods>
            <Method visited="false" cyclomaticComplexity="0" nPathComplexity="0" sequenceCoverage="0.0" branchCoverage="0" crapScore="0" isConstructor="false" isStatic="true" isGetter="false" isSetter="false">
              <Summary numSequencePoints="5" visitedSequencePoints="0" numBranchPoints="0" visitedBranchPoints="0" sequenceCoverage="0.0" branchCoverage="0" maxCyclomaticComplexity="0" minCyclomaticComplexity="0" maxCrapScore="0" minCrapScore="0" visitedClasses="0" numClasses="0" visitedMethods="0" numMethods="1" />
              <MetadataToken>100663301</MetadataToken>
              <Name>static System.Void UnityChan.CopyMaterialParameter::Init(UnityEditor.MenuCommand)</Name>
              <FileRef uid="2" />
              <SequencePoints>
                <SequencePoint vc="0" uspid="44" ordinal="0" offset="0" sl="18" sc="0" el="18" ec="0" bec="0" bev="0" fileid="2" />
                <SequencePoint vc="0" uspid="45" ordinal="0" offset="1" sl="19" sc="0" el="19" ec="0" bec="0" bev="0" fileid="2" />
                <SequencePoint vc="0" uspid="46" ordinal="0" offset="17" sl="20" sc="0" el="20" ec="0" bec="0" bev="0" fileid="2" />
                <SequencePoint vc="0" uspid="47" ordinal="0" offset="34" sl="21" sc="0" el="21" ec="0" bec="0" bev="0" fileid="2" />
                <SequencePoint vc="0" uspid="48" ordinal="0" offset="45" sl="22" sc="0" el="22" ec="0" bec="0" bev="0" fileid="2" />
              </SequencePoints>
              <BranchPoints />
            </Method>
            <Method visited="false" cyclomaticComplexity="0" nPathComplexity="0" sequenceCoverage="0.0" branchCoverage="0" crapScore="0" isConstructor="false" isStatic="false" isGetter="false" isSetter="false">
              <Summary numSequencePoints="26" visitedSequencePoints="0" numBranchPoints="0" visitedBranchPoints="0" sequenceCoverage="0.0" branchCoverage="0" maxCyclomaticComplexity="0" minCyclomaticComplexity="0" maxCrapScore="0" minCrapScore="0" visitedClasses="0" numClasses="0" visitedMethods="0" numMethods="1" />
              <MetadataToken>100663302</MetadataToken>
              <Name>System.Void UnityChan.CopyMaterialParameter::OnGUI()</Name>
              <FileRef uid="2" />
              <SequencePoints>
                <SequencePoint vc="0" uspid="49" ordinal="0" offset="0" sl="25" sc="0" el="25" ec="0" bec="0" bev="0" fileid="2" />
                <SequencePoint vc="0" uspid="50" ordinal="0" offset="1" sl="26" sc="0" el="26" ec="0" bec="0" bev="0" fileid="2" />
                <SequencePoint vc="0" uspid="51" ordinal="0" offset="42" sl="27" sc="0" el="27" ec="0" bec="0" bev="0" fileid="2" />
                <SequencePoint vc="0" uspid="52" ordinal="0" offset="85" sl="29" sc="0" el="29" ec="0" bec="0" bev="0" fileid="2" />
                <SequencePoint vc="0" uspid="53" ordinal="0" offset="91" sl="31" sc="0" el="31" ec="0" bec="0" bev="0" fileid="2" />
                <SequencePoint vc="0" uspid="54" ordinal="0" offset="110" sl="31" sc="0" el="31" ec="0" bec="0" bev="0" fileid="2" />
                <SequencePoint vc="0" uspid="55" ordinal="0" offset="111" sl="32" sc="0" el="32" ec="0" bec="0" bev="0" fileid="2" />
                <SequencePoint vc="0" uspid="56" ordinal="0" offset="129" sl="33" sc="0" el="33" ec="0" bec="0" bev="0" fileid="2" />
                <SequencePoint vc="0" uspid="57" ordinal="0" offset="140" sl="34" sc="0" el="34" ec="0" bec="0" bev="0" fileid="2" />
                <SequencePoint vc="0" uspid="58" ordinal="0" offset="141" sl="36" sc="0" el="36" ec="0" bec="0" bev="0" fileid="2" />
                <SequencePoint vc="0" uspid="59" ordinal="0" offset="160" sl="36" sc="0" el="36" ec="0" bec="0" bev="0" fileid="2" />
                <SequencePoint vc="0" uspid="60" ordinal="0" offset="161" sl="37" sc="0" el="37" ec="0" bec="0" bev="0" fileid="2" />
                <SequencePoint vc="0" uspid="61" ordinal="0" offset="168" sl="38" sc="0" el="38" ec="0" bec="0" bev="0" fileid="2" />
                <SequencePoint vc="0" uspid="62" ordinal="0" offset="175" sl="39" sc="0" el="39" ec="0" bec="0" bev="0" fileid="2" />
                <SequencePoint vc="0" uspid="63" ordinal="0" offset="186" sl="40" sc="0" el="40" ec="0" bec="0" bev="0" fileid="2" />
                <SequencePoint vc="0" uspid="64" ordinal="0" offset="192" sl="41" sc="0" el="41" ec="0" bec="0" bev="0" fileid="2" />
                <SequencePoint vc="0" uspid="65" ordinal="0" offset="193" sl="43" sc="0" el="43" ec="0" bec="0" bev="0" fileid="2" />
                <SequencePoint vc="0" uspid="66" ordinal="0" offset="212" sl="43" sc="0" el="43" ec="0" bec="0" bev="0" fileid="2" />
                <SequencePoint vc="0" uspid="67" ordinal="0" offset="213" sl="44" sc="0" el="44" ec="0" bec="0" bev="0" fileid="2" />
                <SequencePoint vc="0" uspid="68" ordinal="0" offset="225" sl="45" sc="0" el="45" ec="0" bec="0" bev="0" fileid="2" />
                <SequencePoint vc="0" uspid="69" ordinal="0" offset="232" sl="46" sc="0" el="46" ec="0" bec="0" bev="0" fileid="2" />
                <SequencePoint vc="0" uspid="70" ordinal="0" offset="233" sl="48" sc="0" el="48" ec="0" bec="0" bev="0" fileid="2" />
                <SequencePoint vc="0" uspid="71" ordinal="0" offset="245" sl="48" sc="0" el="48" ec="0" bec="0" bev="0" fileid="2" />
                <SequencePoint vc="0" uspid="72" ordinal="0" offset="246" sl="49" sc="0" el="49" ec="0" bec="0" bev="0" fileid="2" />
                <SequencePoint vc="0" uspid="73" ordinal="0" offset="258" sl="50" sc="0" el="50" ec="0" bec="0" bev="0" fileid="2" />
                <SequencePoint vc="0" uspid="74" ordinal="0" offset="259" sl="51" sc="0" el="51" ec="0" bec="0" bev="0" fileid="2" />
              </SequencePoints>
              <BranchPoints />
            </Method>
            <Method visited="false" cyclomaticComplexity="0" nPathComplexity="0" sequenceCoverage="0.0" branchCoverage="0" crapScore="0" isConstructor="false" isStatic="false" isGetter="false" isSetter="false">
              <Summary numSequencePoints="4" visitedSequencePoints="0" numBranchPoints="0" visitedBranchPoints="0" sequenceCoverage="0.0" branchCoverage="0" maxCyclomaticComplexity="0" minCyclomaticComplexity="0" maxCrapScore="0" minCrapScore="0" visitedClasses="0" numClasses="0" visitedMethods="0" numMethods="1" />
              <MetadataToken>100663303</MetadataToken>
              <Name>System.Void UnityChan.CopyMaterialParameter::CopyMaterial(UnityEngine.Material, UnityEngine.Material)</Name>
              <FileRef uid="2" />
              <SequencePoints>
                <SequencePoint vc="0" uspid="75" ordinal="0" offset="0" sl="54" sc="0" el="54" ec="0" bec="0" bev="0" fileid="2" />
                <SequencePoint vc="0" uspid="76" ordinal="0" offset="1" sl="55" sc="0" el="55" ec="0" bec="0" bev="0" fileid="2" />
                <SequencePoint vc="0" uspid="77" ordinal="0" offset="14" sl="56" sc="0" el="56" ec="0" bec="0" bev="0" fileid="2" />
                <SequencePoint vc="0" uspid="78" ordinal="0" offset="22" sl="57" sc="0" el="57" ec="0" bec="0" bev="0" fileid="2" />
              </SequencePoints>
              <BranchPoints />
            </Method>
            <Method visited="false" cyclomaticComplexity="0" nPathComplexity="0" sequenceCoverage="0.0" branchCoverage="0" crapScore="0" isConstructor="false" isStatic="false" isGetter="false" isSetter="false">
              <Summary numSequencePoints="39" visitedSequencePoints="0" numBranchPoints="0" visitedBranchPoints="0" sequenceCoverage="0.0" branchCoverage="0" maxCyclomaticComplexity="0" minCyclomaticComplexity="0" maxCrapScore="0" minCrapScore="0" visitedClasses="0" numClasses="0" visitedMethods="0" numMethods="1" />
              <MetadataToken>100663304</MetadataToken>
              <Name>System.Void UnityChan.CopyMaterialParameter::RemoveUnusedMaterialProperties(UnityEngine.Material)</Name>
              <FileRef uid="2" />
              <SequencePoints>
                <SequencePoint vc="0" uspid="79" ordinal="0" offset="0" sl="61" sc="0" el="61" ec="0" bec="0" bev="0" fileid="2" />
                <SequencePoint vc="0" uspid="80" ordinal="0" offset="1" sl="62" sc="0" el="62" ec="0" bec="0" bev="0" fileid="2" />
                <SequencePoint vc="0" uspid="81" ordinal="0" offset="8" sl="63" sc="0" el="63" ec="0" bec="0" bev="0" fileid="2" />
                <SequencePoint vc="0" uspid="82" ordinal="0" offset="15" sl="65" sc="0" el="65" ec="0" bec="0" bev="0" fileid="2" />
                <SequencePoint vc="0" uspid="83" ordinal="0" offset="27" sl="68" sc="0" el="68" ec="0" bec="0" bev="0" fileid="2" />
                <SequencePoint vc="0" uspid="84" ordinal="0" offset="39" sl="69" sc="0" el="69" ec="0" bec="0" bev="0" fileid="2" />
                <SequencePoint vc="0" uspid="85" ordinal="0" offset="51" sl="69" sc="0" el="69" ec="0" bec="0" bev="0" fileid="2" />
                <SequencePoint vc="0" uspid="86" ordinal="0" offset="52" sl="70" sc="0" el="70" ec="0" bec="0" bev="0" fileid="2" />
                <SequencePoint vc="0" uspid="87" ordinal="0" offset="77" sl="71" sc="0" el="71" ec="0" bec="0" bev="0" fileid="2" />
                <SequencePoint vc="0" uspid="88" ordinal="0" offset="94" sl="71" sc="0" el="71" ec="0" bec="0" bev="0" fileid="2" />
                <SequencePoint vc="0" uspid="89" ordinal="0" offset="95" sl="72" sc="0" el="72" ec="0" bec="0" bev="0" fileid="2" />
                <SequencePoint vc="0" uspid="90" ordinal="0" offset="104" sl="73" sc="0" el="73" ec="0" bec="0" bev="0" fileid="2" />
                <SequencePoint vc="0" uspid="91" ordinal="0" offset="105" sl="74" sc="0" el="74" ec="0" bec="0" bev="0" fileid="2" />
                <SequencePoint vc="0" uspid="92" ordinal="0" offset="106" sl="69" sc="0" el="69" ec="0" bec="0" bev="0" fileid="2" />
                <SequencePoint vc="0" uspid="93" ordinal="0" offset="112" sl="69" sc="0" el="69" ec="0" bec="0" bev="0" fileid="2" />
                <SequencePoint vc="0" uspid="94" ordinal="0" offset="126" sl="77" sc="0" el="77" ec="0" bec="0" bev="0" fileid="2" />
                <SequencePoint vc="0" uspid="95" ordinal="0" offset="138" sl="78" sc="0" el="78" ec="0" bec="0" bev="0" fileid="2" />
                <SequencePoint vc="0" uspid="96" ordinal="0" offset="150" sl="78" sc="0" el="78" ec="0" bec="0" bev="0" fileid="2" />
                <SequencePoint vc="0" uspid="97" ordinal="0" offset="151" sl="79" sc="0" el="79" ec="0" bec="0" bev="0" fileid="2" />
                <SequencePoint vc="0" uspid="98" ordinal="0" offset="176" sl="80" sc="0" el="80" ec="0" bec="0" bev="0" fileid="2" />
                <SequencePoint vc="0" uspid="99" ordinal="0" offset="193" sl="80" sc="0" el="80" ec="0" bec="0" bev="0" fileid="2" />
                <SequencePoint vc="0" uspid="100" ordinal="0" offset="194" sl="81" sc="0" el="81" ec="0" bec="0" bev="0" fileid="2" />
                <SequencePoint vc="0" uspid="101" ordinal="0" offset="203" sl="82" sc="0" el="82" ec="0" bec="0" bev="0" fileid="2" />
                <SequencePoint vc="0" uspid="102" ordinal="0" offset="204" sl="83" sc="0" el="83" ec="0" bec="0" bev="0" fileid="2" />
                <SequencePoint vc="0" uspid="103" ordinal="0" offset="205" sl="78" sc="0" el="78" ec="0" bec="0" bev="0" fileid="2" />
                <SequencePoint vc="0" uspid="104" ordinal="0" offset="211" sl="78" sc="0" el="78" ec="0" bec="0" bev="0" fileid="2" />
                <SequencePoint vc="0" uspid="105" ordinal="0" offset="225" sl="86" sc="0" el="86" ec="0" bec="0" bev="0" fileid="2" />
                <SequencePoint vc="0" uspid="106" ordinal="0" offset="238" sl="87" sc="0" el="87" ec="0" bec="0" bev="0" fileid="2" />
                <SequencePoint vc="0" uspid="107" ordinal="0" offset="251" sl="87" sc="0" el="87" ec="0" bec="0" bev="0" fileid="2" />
                <SequencePoint vc="0" uspid="108" ordinal="0" offset="252" sl="88" sc="0" el="88" ec="0" bec="0" bev="0" fileid="2" />
                <SequencePoint vc="0" uspid="109" ordinal="0" offset="278" sl="89" sc="0" el="89" ec="0" bec="0" bev="0" fileid="2" />
                <SequencePoint vc="0" uspid="110" ordinal="0" offset="295" sl="89" sc="0" el="89" ec="0" bec="0" bev="0" fileid="2" />
                <SequencePoint vc="0" uspid="111" ordinal="0" offset="296" sl="90" sc="0" el="90" ec="0" bec="0" bev="0" fileid="2" />
                <SequencePoint vc="0" uspid="112" ordinal="0" offset="306" sl="91" sc="0" el="91" ec="0" bec="0" bev="0" fileid="2" />
                <SequencePoint vc="0" uspid="113" ordinal="0" offset="307" sl="92" sc="0" el="92" ec="0" bec="0" bev="0" fileid="2" />
                <SequencePoint vc="0" uspid="114" ordinal="0" offset="308" sl="87" sc="0" el="87" ec="0" bec="0" bev="0" fileid="2" />
                <SequencePoint vc="0" uspid="115" ordinal="0" offset="314" sl="87" sc="0" el="87" ec="0" bec="0" bev="0" fileid="2" />
                <SequencePoint vc="0" uspid="116" ordinal="0" offset="328" sl="93" sc="0" el="93" ec="0" bec="0" bev="0" fileid="2" />
                <SequencePoint vc="0" uspid="117" ordinal="0" offset="335" sl="94" sc="0" el="94" ec="0" bec="0" bev="0" fileid="2" />
              </SequencePoints>
              <BranchPoints />
            </Method>
            <Method visited="false" cyclomaticComplexity="0" nPathComplexity="0" sequenceCoverage="0.0" branchCoverage="0" crapScore="0" isConstructor="true" isStatic="false" isGetter="false" isSetter="false">
              <Summary numSequencePoints="1" visitedSequencePoints="0" numBranchPoints="0" visitedBranchPoints="0" sequenceCoverage="0.0" branchCoverage="0" maxCyclomaticComplexity="0" minCyclomaticComplexity="0" maxCrapScore="0" minCrapScore="0" visitedClasses="0" numClasses="0" visitedMethods="0" numMethods="1" />
              <MetadataToken>100663305</MetadataToken>
              <Name>UnityChan.CopyMaterialParameter::CopyMaterialParameter()</Name>
              <FileRef uid="2" />
              <SequencePoints>
                <SequencePoint vc="0" uspid="118" ordinal="0" offset="0" sl="14" sc="0" el="14" ec="0" bec="0" bev="0" fileid="2" />
              </SequencePoints>
              <BranchPoints />
            </Method>
          </Methods>
        </Class>
        <Class>
          <Summary numSequencePoints="93" visitedSequencePoints="0" numBranchPoints="0" visitedBranchPoints="0" sequenceCoverage="0.0" branchCoverage="0.0" maxCyclomaticComplexity="0" minCyclomaticComplexity="0" maxCrapScore="0" minCrapScore="0" visitedClasses="0" numClasses="1" visitedMethods="0" numMethods="5" />
          <FullName>UnityChan.RemoveUnusedShaderKeywordsFromUTS2Material</FullName>
          <Methods>
            <Method visited="false" cyclomaticComplexity="0" nPathComplexity="0" sequenceCoverage="0.0" branchCoverage="0" crapScore="0" isConstructor="false" isStatic="true" isGetter="false" isSetter="false">
              <Summary numSequencePoints="5" visitedSequencePoints="0" numBranchPoints="0" visitedBranchPoints="0" sequenceCoverage="0.0" branchCoverage="0" maxCyclomaticComplexity="0" minCyclomaticComplexity="0" maxCrapScore="0" minCrapScore="0" visitedClasses="0" numClasses="0" visitedMethods="0" numMethods="1" />
              <MetadataToken>100663306</MetadataToken>
              <Name>static System.Void UnityChan.RemoveUnusedShaderKeywordsFromUTS2Material::Init(UnityEditor.MenuCommand)</Name>
              <FileRef uid="3" />
              <SequencePoints>
                <SequencePoint vc="0" uspid="119" ordinal="0" offset="0" sl="20" sc="0" el="20" ec="0" bec="0" bev="0" fileid="3" />
                <SequencePoint vc="0" uspid="120" ordinal="0" offset="1" sl="21" sc="0" el="21" ec="0" bec="0" bev="0" fileid="3" />
                <SequencePoint vc="0" uspid="121" ordinal="0" offset="17" sl="22" sc="0" el="22" ec="0" bec="0" bev="0" fileid="3" />
                <SequencePoint vc="0" uspid="122" ordinal="0" offset="34" sl="23" sc="0" el="23" ec="0" bec="0" bev="0" fileid="3" />
                <SequencePoint vc="0" uspid="123" ordinal="0" offset="45" sl="24" sc="0" el="24" ec="0" bec="0" bev="0" fileid="3" />
              </SequencePoints>
              <BranchPoints />
            </Method>
            <Method visited="false" cyclomaticComplexity="0" nPathComplexity="0" sequenceCoverage="0.0" branchCoverage="0" crapScore="0" isConstructor="false" isStatic="false" isGetter="false" isSetter="false">
              <Summary numSequencePoints="19" visitedSequencePoints="0" numBranchPoints="0" visitedBranchPoints="0" sequenceCoverage="0.0" branchCoverage="0" maxCyclomaticComplexity="0" minCyclomaticComplexity="0" maxCrapScore="0" minCrapScore="0" visitedClasses="0" numClasses="0" visitedMethods="0" numMethods="1" />
              <MetadataToken>100663307</MetadataToken>
              <Name>System.Void UnityChan.RemoveUnusedShaderKeywordsFromUTS2Material::OnGUI()</Name>
              <FileRef uid="3" />
              <SequencePoints>
                <SequencePoint vc="0" uspid="124" ordinal="0" offset="0" sl="27" sc="0" el="27" ec="0" bec="0" bev="0" fileid="3" />
                <SequencePoint vc="0" uspid="125" ordinal="0" offset="1" sl="28" sc="0" el="28" ec="0" bec="0" bev="0" fileid="3" />
                <SequencePoint vc="0" uspid="126" ordinal="0" offset="42" sl="30" sc="0" el="30" ec="0" bec="0" bev="0" fileid="3" />
                <SequencePoint vc="0" uspid="127" ordinal="0" offset="48" sl="32" sc="0" el="32" ec="0" bec="0" bev="0" fileid="3" />
                <SequencePoint vc="0" uspid="128" ordinal="0" offset="67" sl="32" sc="0" el="32" ec="0" bec="0" bev="0" fileid="3" />
                <SequencePoint vc="0" uspid="129" ordinal="0" offset="68" sl="33" sc="0" el="33" ec="0" bec="0" bev="0" fileid="3" />
                <SequencePoint vc="0" uspid="130" ordinal="0" offset="80" sl="34" sc="0" el="34" ec="0" bec="0" bev="0" fileid="3" />
                <SequencePoint vc="0" uspid="131" ordinal="0" offset="92" sl="35" sc="0" el="35" ec="0" bec="0" bev="0" fileid="3" />
                <SequencePoint vc="0" uspid="132" ordinal="0" offset="99" sl="36" sc="0" el="36" ec="0" bec="0" bev="0" fileid="3" />
                <SequencePoint vc="0" uspid="133" ordinal="0" offset="109" sl="38" sc="0" el="38" ec="0" bec="0" bev="0" fileid="3" />
                <SequencePoint vc="0" uspid="134" ordinal="0" offset="110" sl="40" sc="0" el="40" ec="0" bec="0" bev="0" fileid="3" />
                <SequencePoint vc="0" uspid="135" ordinal="0" offset="120" sl="40" sc="0" el="40" ec="0" bec="0" bev="0" fileid="3" />
                <SequencePoint vc="0" uspid="136" ordinal="0" offset="121" sl="41" sc="0" el="41" ec="0" bec="0" bev="0" fileid="3" />
                <SequencePoint vc="0" uspid="137" ordinal="0" offset="133" sl="42" sc="0" el="42" ec="0" bec="0" bev="0" fileid="3" />
                <SequencePoint vc="0" uspid="138" ordinal="0" offset="134" sl="44" sc="0" el="44" ec="0" bec="0" bev="0" fileid="3" />
                <SequencePoint vc="0" uspid="139" ordinal="0" offset="153" sl="44" sc="0" el="44" ec="0" bec="0" bev="0" fileid="3" />
                <SequencePoint vc="0" uspid="140" ordinal="0" offset="154" sl="45" sc="0" el="45" ec="0" bec="0" bev="0" fileid="3" />
                <SequencePoint vc="0" uspid="141" ordinal="0" offset="161" sl="46" sc="0" el="46" ec="0" bec="0" bev="0" fileid="3" />
                <SequencePoint vc="0" uspid="142" ordinal="0" offset="162" sl="48" sc="0" el="48" ec="0" bec="0" bev="0" fileid="3" />
              </SequencePoints>
              <BranchPoints />
            </Method>
            <Method visited="false" cyclomaticComplexity="0" nPathComplexity="0" sequenceCoverage="0.0" branchCoverage="0" crapScore="0" isConstructor="false" isStatic="false" isGetter="false" isSetter="false">
              <Summary numSequencePoints="29" visitedSequencePoints="0" numBranchPoints="0" visitedBranchPoints="0" sequenceCoverage="0.0" branchCoverage="0" maxCyclomaticComplexity="0" minCyclomaticComplexity="0" maxCrapScore="0" minCrapScore="0" visitedClasses="0" numClasses="0" visitedMethods="0" numMethods="1" />
              <MetadataToken>100663308</MetadataToken>
              <Name>System.Void UnityChan.RemoveUnusedShaderKeywordsFromUTS2Material::RemoveShaderKeywords(UnityEngine.Material)</Name>
              <FileRef uid="3" />
              <SequencePoints>
                <SequencePoint vc="0" uspid="143" ordinal="0" offset="0" sl="51" sc="0" el="51" ec="0" bec="0" bev="0" fileid="3" />
                <SequencePoint vc="0" uspid="144" ordinal="0" offset="1" sl="52" sc="0" el="52" ec="0" bec="0" bev="0" fileid="3" />
                <SequencePoint vc="0" uspid="145" ordinal="0" offset="7" sl="54" sc="0" el="54" ec="0" bec="0" bev="0" fileid="3" />
                <SequencePoint vc="0" uspid="146" ordinal="0" offset="22" sl="54" sc="0" el="54" ec="0" bec="0" bev="0" fileid="3" />
                <SequencePoint vc="0" uspid="147" ordinal="0" offset="23" sl="55" sc="0" el="55" ec="0" bec="0" bev="0" fileid="3" />
                <SequencePoint vc="0" uspid="148" ordinal="0" offset="35" sl="56" sc="0" el="56" ec="0" bec="0" bev="0" fileid="3" />
                <SequencePoint vc="0" uspid="149" ordinal="0" offset="49" sl="57" sc="0" el="57" ec="0" bec="0" bev="0" fileid="3" />
                <SequencePoint vc="0" uspid="150" ordinal="0" offset="50" sl="58" sc="0" el="58" ec="0" bec="0" bev="0" fileid="3" />
                <SequencePoint vc="0" uspid="151" ordinal="0" offset="62" sl="59" sc="0" el="59" ec="0" bec="0" bev="0" fileid="3" />
                <SequencePoint vc="0" uspid="152" ordinal="0" offset="65" sl="59" sc="0" el="59" ec="0" bec="0" bev="0" fileid="3" />
                <SequencePoint vc="0" uspid="153" ordinal="0" offset="66" sl="60" sc="0" el="60" ec="0" bec="0" bev="0" fileid="3" />
                <SequencePoint vc="0" uspid="154" ordinal="0" offset="78" sl="61" sc="0" el="61" ec="0" bec="0" bev="0" fileid="3" />
                <SequencePoint vc="0" uspid="155" ordinal="0" offset="79" sl="62" sc="0" el="62" ec="0" bec="0" bev="0" fileid="3" />
                <SequencePoint vc="0" uspid="156" ordinal="0" offset="80" sl="63" sc="0" el="63" ec="0" bec="0" bev="0" fileid="3" />
                <SequencePoint vc="0" uspid="157" ordinal="0" offset="97" sl="63" sc="0" el="63" ec="0" bec="0" bev="0" fileid="3" />
                <SequencePoint vc="0" uspid="158" ordinal="0" offset="98" sl="64" sc="0" el="64" ec="0" bec="0" bev="0" fileid="3" />
                <SequencePoint vc="0" uspid="159" ordinal="0" offset="111" sl="65" sc="0" el="65" ec="0" bec="0" bev="0" fileid="3" />
                <SequencePoint vc="0" uspid="160" ordinal="0" offset="126" sl="66" sc="0" el="66" ec="0" bec="0" bev="0" fileid="3" />
                <SequencePoint vc="0" uspid="161" ordinal="0" offset="127" sl="67" sc="0" el="67" ec="0" bec="0" bev="0" fileid="3" />
                <SequencePoint vc="0" uspid="162" ordinal="0" offset="139" sl="68" sc="0" el="68" ec="0" bec="0" bev="0" fileid="3" />
                <SequencePoint vc="0" uspid="163" ordinal="0" offset="142" sl="68" sc="0" el="68" ec="0" bec="0" bev="0" fileid="3" />
                <SequencePoint vc="0" uspid="164" ordinal="0" offset="143" sl="69" sc="0" el="69" ec="0" bec="0" bev="0" fileid="3" />
                <SequencePoint vc="0" uspid="165" ordinal="0" offset="155" sl="70" sc="0" el="70" ec="0" bec="0" bev="0" fileid="3" />
                <SequencePoint vc="0" uspid="166" ordinal="0" offset="156" sl="71" sc="0" el="71" ec="0" bec="0" bev="0" fileid="3" />
                <SequencePoint vc="0" uspid="167" ordinal="0" offset="157" sl="73" sc="0" el="73" ec="0" bec="0" bev="0" fileid="3" />
                <SequencePoint vc="0" uspid="168" ordinal="0" offset="164" sl="74" sc="0" el="74" ec="0" bec="0" bev="0" fileid="3" />
                <SequencePoint vc="0" uspid="169" ordinal="0" offset="171" sl="75" sc="0" el="75" ec="0" bec="0" bev="0" fileid="3" />
                <SequencePoint vc="0" uspid="170" ordinal="0" offset="189" sl="76" sc="0" el="76" ec="0" bec="0" bev="0" fileid="3" />
                <SequencePoint vc="0" uspid="171" ordinal="0" offset="196" sl="77" sc="0" el="77" ec="0" bec="0" bev="0" fileid="3" />
              </SequencePoints>
              <BranchPoints />
            </Method>
            <Method visited="false" cyclomaticComplexity="0" nPathComplexity="0" sequenceCoverage="0.0" branchCoverage="0" crapScore="0" isConstructor="false" isStatic="false" isGetter="false" isSetter="false">
              <Summary numSequencePoints="39" visitedSequencePoints="0" numBranchPoints="0" visitedBranchPoints="0" sequenceCoverage="0.0" branchCoverage="0" maxCyclomaticComplexity="0" minCyclomaticComplexity="0" maxCrapScore="0" minCrapScore="0" visitedClasses="0" numClasses="0" visitedMethods="0" numMethods="1" />
              <MetadataToken>100663309</MetadataToken>
              <Name>System.Void UnityChan.RemoveUnusedShaderKeywordsFromUTS2Material::RemoveUnusedMaterialProperties(UnityEngine.Material)</Name>
              <FileRef uid="3" />
              <SequencePoints>
                <SequencePoint vc="0" uspid="172" ordinal="0" offset="0" sl="81" sc="0" el="81" ec="0" bec="0" bev="0" fileid="3" />
                <SequencePoint vc="0" uspid="173" ordinal="0" offset="1" sl="82" sc="0" el="82" ec="0" bec="0" bev="0" fileid="3" />
                <SequencePoint vc="0" uspid="174" ordinal="0" offset="8" sl="83" sc="0" el="83" ec="0" bec="0" bev="0" fileid="3" />
                <SequencePoint vc="0" uspid="175" ordinal="0" offset="15" sl="85" sc="0" el="85" ec="0" bec="0" bev="0" fileid="3" />
                <SequencePoint vc="0" uspid="176" ordinal="0" offset="27" sl="88" sc="0" el="88" ec="0" bec="0" bev="0" fileid="3" />
                <SequencePoint vc="0" uspid="177" ordinal="0" offset="39" sl="89" sc="0" el="89" ec="0" bec="0" bev="0" fileid="3" />
                <SequencePoint vc="0" uspid="178" ordinal="0" offset="51" sl="89" sc="0" el="89" ec="0" bec="0" bev="0" fileid="3" />
                <SequencePoint vc="0" uspid="179" ordinal="0" offset="52" sl="90" sc="0" el="90" ec="0" bec="0" bev="0" fileid="3" />
                <SequencePoint vc="0" uspid="180" ordinal="0" offset="77" sl="91" sc="0" el="91" ec="0" bec="0" bev="0" fileid="3" />
                <SequencePoint vc="0" uspid="181" ordinal="0" offset="94" sl="91" sc="0" el="91" ec="0" bec="0" bev="0" fileid="3" />
                <SequencePoint vc="0" uspid="182" ordinal="0" offset="95" sl="92" sc="0" el="92" ec="0" bec="0" bev="0" fileid="3" />
                <SequencePoint vc="0" uspid="183" ordinal="0" offset="104" sl="93" sc="0" el="93" ec="0" bec="0" bev="0" fileid="3" />
                <SequencePoint vc="0" uspid="184" ordinal="0" offset="105" sl="94" sc="0" el="94" ec="0" bec="0" bev="0" fileid="3" />
                <SequencePoint vc="0" uspid="185" ordinal="0" offset="106" sl="89" sc="0" el="89" ec="0" bec="0" bev="0" fileid="3" />
                <SequencePoint vc="0" uspid="186" ordinal="0" offset="112" sl="89" sc="0" el="89" ec="0" bec="0" bev="0" fileid="3" />
                <SequencePoint vc="0" uspid="187" ordinal="0" offset="126" sl="97" sc="0" el="97" ec="0" bec="0" bev="0" fileid="3" />
                <SequencePoint vc="0" uspid="188" ordinal="0" offset="138" sl="98" sc="0" el="98" ec="0" bec="0" bev="0" fileid="3" />
                <SequencePoint vc="0" uspid="189" ordinal="0" offset="150" sl="98" sc="0" el="98" ec="0" bec="0" bev="0" fileid="3" />
                <SequencePoint vc="0" uspid="190" ordinal="0" offset="151" sl="99" sc="0" el="99" ec="0" bec="0" bev="0" fileid="3" />
                <SequencePoint vc="0" uspid="191" ordinal="0" offset="176" sl="100" sc="0" el="100" ec="0" bec="0" bev="0" fileid="3" />
                <SequencePoint vc="0" uspid="192" ordinal="0" offset="193" sl="100" sc="0" el="100" ec="0" bec="0" bev="0" fileid="3" />
                <SequencePoint vc="0" uspid="193" ordinal="0" offset="194" sl="101" sc="0" el="101" ec="0" bec="0" bev="0" fileid="3" />
                <SequencePoint vc="0" uspid="194" ordinal="0" offset="203" sl="102" sc="0" el="102" ec="0" bec="0" bev="0" fileid="3" />
                <SequencePoint vc="0" uspid="195" ordinal="0" offset="204" sl="103" sc="0" el="103" ec="0" bec="0" bev="0" fileid="3" />
                <SequencePoint vc="0" uspid="196" ordinal="0" offset="205" sl="98" sc="0" el="98" ec="0" bec="0" bev="0" fileid="3" />
                <SequencePoint vc="0" uspid="197" ordinal="0" offset="211" sl="98" sc="0" el="98" ec="0" bec="0" bev="0" fileid="3" />
                <SequencePoint vc="0" uspid="198" ordinal="0" offset="225" sl="106" sc="0" el="106" ec="0" bec="0" bev="0" fileid="3" />
                <SequencePoint vc="0" uspid="199" ordinal="0" offset="238" sl="107" sc="0" el="107" ec="0" bec="0" bev="0" fileid="3" />
                <SequencePoint vc="0" uspid="200" ordinal="0" offset="251" sl="107" sc="0" el="107" ec="0" bec="0" bev="0" fileid="3" />
                <SequencePoint vc="0" uspid="201" ordinal="0" offset="252" sl="108" sc="0" el="108" ec="0" bec="0" bev="0" fileid="3" />
                <SequencePoint vc="0" uspid="202" ordinal="0" offset="278" sl="109" sc="0" el="109" ec="0" bec="0" bev="0" fileid="3" />
                <SequencePoint vc="0" uspid="203" ordinal="0" offset="295" sl="109" sc="0" el="109" ec="0" bec="0" bev="0" fileid="3" />
                <SequencePoint vc="0" uspid="204" ordinal="0" offset="296" sl="110" sc="0" el="110" ec="0" bec="0" bev="0" fileid="3" />
                <SequencePoint vc="0" uspid="205" ordinal="0" offset="306" sl="111" sc="0" el="111" ec="0" bec="0" bev="0" fileid="3" />
                <SequencePoint vc="0" uspid="206" ordinal="0" offset="307" sl="112" sc="0" el="112" ec="0" bec="0" bev="0" fileid="3" />
                <SequencePoint vc="0" uspid="207" ordinal="0" offset="308" sl="107" sc="0" el="107" ec="0" bec="0" bev="0" fileid="3" />
                <SequencePoint vc="0" uspid="208" ordinal="0" offset="314" sl="107" sc="0" el="107" ec="0" bec="0" bev="0" fileid="3" />
                <SequencePoint vc="0" uspid="209" ordinal="0" offset="328" sl="113" sc="0" el="113" ec="0" bec="0" bev="0" fileid="3" />
                <SequencePoint vc="0" uspid="210" ordinal="0" offset="335" sl="114" sc="0" el="114" ec="0" bec="0" bev="0" fileid="3" />
              </SequencePoints>
              <BranchPoints />
            </Method>
            <Method visited="false" cyclomaticComplexity="0" nPathComplexity="0" sequenceCoverage="0.0" branchCoverage="0" crapScore="0" isConstructor="true" isStatic="false" isGetter="false" isSetter="false">
              <Summary numSequencePoints="1" visitedSequencePoints="0" numBranchPoints="0" visitedBranchPoints="0" sequenceCoverage="0.0" branchCoverage="0" maxCyclomaticComplexity="0" minCyclomaticComplexity="0" maxCrapScore="0" minCrapScore="0" visitedClasses="0" numClasses="0" visitedMethods="0" numMethods="1" />
              <MetadataToken>100663310</MetadataToken>
              <Name>UnityChan.RemoveUnusedShaderKeywordsFromUTS2Material::RemoveUnusedShaderKeywordsFromUTS2Material()</Name>
              <FileRef uid="3" />
              <SequencePoints>
                <SequencePoint vc="0" uspid="211" ordinal="0" offset="0" sl="16" sc="0" el="16" ec="0" bec="0" bev="0" fileid="3" />
              </SequencePoints>
              <BranchPoints />
            </Method>
          </Methods>
        </Class>
        <Class>
          <Summary numSequencePoints="1725" visitedSequencePoints="0" numBranchPoints="0" visitedBranchPoints="0" sequenceCoverage="0.0" branchCoverage="0.0" maxCyclomaticComplexity="0" minCyclomaticComplexity="0" maxCrapScore="0" minCrapScore="0" visitedClasses="0" numClasses="1" visitedMethods="0" numMethods="33" />
          <FullName>UnityChan.UTS2GUI</FullName>
          <Methods>
            <Method visited="false" cyclomaticComplexity="0" nPathComplexity="0" sequenceCoverage="0.0" branchCoverage="0" crapScore="0" isConstructor="false" isStatic="false" isGetter="false" isSetter="false">
              <Summary numSequencePoints="81" visitedSequencePoints="0" numBranchPoints="0" visitedBranchPoints="0" sequenceCoverage="0.0" branchCoverage="0" maxCyclomaticComplexity="0" minCyclomaticComplexity="0" maxCrapScore="0" minCrapScore="0" visitedClasses="0" numClasses="0" visitedMethods="0" numMethods="1" />
              <MetadataToken>100663311</MetadataToken>
              <Name>System.Void UnityChan.UTS2GUI::FindProperties(UnityEditor.MaterialProperty[])</Name>
              <FileRef uid="4" />
              <SequencePoints>
                <SequencePoint vc="0" uspid="212" ordinal="0" offset="0" sl="156" sc="0" el="156" ec="0" bec="0" bev="0" fileid="4" />
                <SequencePoint vc="0" uspid="213" ordinal="0" offset="1" sl="158" sc="0" el="158" ec="0" bec="0" bev="0" fileid="4" />
                <SequencePoint vc="0" uspid="214" ordinal="0" offset="19" sl="159" sc="0" el="159" ec="0" bec="0" bev="0" fileid="4" />
                <SequencePoint vc="0" uspid="215" ordinal="0" offset="37" sl="160" sc="0" el="160" ec="0" bec="0" bev="0" fileid="4" />
                <SequencePoint vc="0" uspid="216" ordinal="0" offset="55" sl="161" sc="0" el="161" ec="0" bec="0" bev="0" fileid="4" />
                <SequencePoint vc="0" uspid="217" ordinal="0" offset="72" sl="162" sc="0" el="162" ec="0" bec="0" bev="0" fileid="4" />
                <SequencePoint vc="0" uspid="218" ordinal="0" offset="89" sl="163" sc="0" el="163" ec="0" bec="0" bev="0" fileid="4" />
                <SequencePoint vc="0" uspid="219" ordinal="0" offset="106" sl="164" sc="0" el="164" ec="0" bec="0" bev="0" fileid="4" />
                <SequencePoint vc="0" uspid="220" ordinal="0" offset="123" sl="165" sc="0" el="165" ec="0" bec="0" bev="0" fileid="4" />
                <SequencePoint vc="0" uspid="221" ordinal="0" offset="140" sl="166" sc="0" el="166" ec="0" bec="0" bev="0" fileid="4" />
                <SequencePoint vc="0" uspid="222" ordinal="0" offset="157" sl="167" sc="0" el="167" ec="0" bec="0" bev="0" fileid="4" />
                <SequencePoint vc="0" uspid="223" ordinal="0" offset="174" sl="168" sc="0" el="168" ec="0" bec="0" bev="0" fileid="4" />
                <SequencePoint vc="0" uspid="224" ordinal="0" offset="191" sl="169" sc="0" el="169" ec="0" bec="0" bev="0" fileid="4" />
                <SequencePoint vc="0" uspid="225" ordinal="0" offset="209" sl="170" sc="0" el="170" ec="0" bec="0" bev="0" fileid="4" />
                <SequencePoint vc="0" uspid="226" ordinal="0" offset="227" sl="171" sc="0" el="171" ec="0" bec="0" bev="0" fileid="4" />
                <SequencePoint vc="0" uspid="227" ordinal="0" offset="245" sl="172" sc="0" el="172" ec="0" bec="0" bev="0" fileid="4" />
                <SequencePoint vc="0" uspid="228" ordinal="0" offset="263" sl="173" sc="0" el="173" ec="0" bec="0" bev="0" fileid="4" />
                <SequencePoint vc="0" uspid="229" ordinal="0" offset="281" sl="174" sc="0" el="174" ec="0" bec="0" bev="0" fileid="4" />
                <SequencePoint vc="0" uspid="230" ordinal="0" offset="298" sl="175" sc="0" el="175" ec="0" bec="0" bev="0" fileid="4" />
                <SequencePoint vc="0" uspid="231" ordinal="0" offset="315" sl="176" sc="0" el="176" ec="0" bec="0" bev="0" fileid="4" />
                <SequencePoint vc="0" uspid="232" ordinal="0" offset="332" sl="177" sc="0" el="177" ec="0" bec="0" bev="0" fileid="4" />
                <SequencePoint vc="0" uspid="233" ordinal="0" offset="349" sl="178" sc="0" el="178" ec="0" bec="0" bev="0" fileid="4" />
                <SequencePoint vc="0" uspid="234" ordinal="0" offset="366" sl="179" sc="0" el="179" ec="0" bec="0" bev="0" fileid="4" />
                <SequencePoint vc="0" uspid="235" ordinal="0" offset="383" sl="180" sc="0" el="180" ec="0" bec="0" bev="0" fileid="4" />
                <SequencePoint vc="0" uspid="236" ordinal="0" offset="400" sl="181" sc="0" el="181" ec="0" bec="0" bev="0" fileid="4" />
                <SequencePoint vc="0" uspid="237" ordinal="0" offset="417" sl="182" sc="0" el="182" ec="0" bec="0" bev="0" fileid="4" />
                <SequencePoint vc="0" uspid="238" ordinal="0" offset="434" sl="183" sc="0" el="183" ec="0" bec="0" bev="0" fileid="4" />
                <SequencePoint vc="0" uspid="239" ordinal="0" offset="452" sl="184" sc="0" el="184" ec="0" bec="0" bev="0" fileid="4" />
                <SequencePoint vc="0" uspid="240" ordinal="0" offset="469" sl="185" sc="0" el="185" ec="0" bec="0" bev="0" fileid="4" />
                <SequencePoint vc="0" uspid="241" ordinal="0" offset="486" sl="186" sc="0" el="186" ec="0" bec="0" bev="0" fileid="4" />
                <SequencePoint vc="0" uspid="242" ordinal="0" offset="503" sl="187" sc="0" el="187" ec="0" bec="0" bev="0" fileid="4" />
                <SequencePoint vc="0" uspid="243" ordinal="0" offset="520" sl="188" sc="0" el="188" ec="0" bec="0" bev="0" fileid="4" />
                <SequencePoint vc="0" uspid="244" ordinal="0" offset="537" sl="189" sc="0" el="189" ec="0" bec="0" bev="0" fileid="4" />
                <SequencePoint vc="0" uspid="245" ordinal="0" offset="554" sl="190" sc="0" el="190" ec="0" bec="0" bev="0" fileid="4" />
                <SequencePoint vc="0" uspid="246" ordinal="0" offset="571" sl="191" sc="0" el="191" ec="0" bec="0" bev="0" fileid="4" />
                <SequencePoint vc="0" uspid="247" ordinal="0" offset="588" sl="192" sc="0" el="192" ec="0" bec="0" bev="0" fileid="4" />
                <SequencePoint vc="0" uspid="248" ordinal="0" offset="605" sl="193" sc="0" el="193" ec="0" bec="0" bev="0" fileid="4" />
                <SequencePoint vc="0" uspid="249" ordinal="0" offset="622" sl="194" sc="0" el="194" ec="0" bec="0" bev="0" fileid="4" />
                <SequencePoint vc="0" uspid="250" ordinal="0" offset="639" sl="195" sc="0" el="195" ec="0" bec="0" bev="0" fileid="4" />
                <SequencePoint vc="0" uspid="251" ordinal="0" offset="656" sl="196" sc="0" el="196" ec="0" bec="0" bev="0" fileid="4" />
                <SequencePoint vc="0" uspid="252" ordinal="0" offset="673" sl="197" sc="0" el="197" ec="0" bec="0" bev="0" fileid="4" />
                <SequencePoint vc="0" uspid="253" ordinal="0" offset="690" sl="198" sc="0" el="198" ec="0" bec="0" bev="0" fileid="4" />
                <SequencePoint vc="0" uspid="254" ordinal="0" offset="707" sl="199" sc="0" el="199" ec="0" bec="0" bev="0" fileid="4" />
                <SequencePoint vc="0" uspid="255" ordinal="0" offset="724" sl="200" sc="0" el="200" ec="0" bec="0" bev="0" fileid="4" />
                <SequencePoint vc="0" uspid="256" ordinal="0" offset="741" sl="201" sc="0" el="201" ec="0" bec="0" bev="0" fileid="4" />
                <SequencePoint vc="0" uspid="257" ordinal="0" offset="758" sl="202" sc="0" el="202" ec="0" bec="0" bev="0" fileid="4" />
                <SequencePoint vc="0" uspid="258" ordinal="0" offset="775" sl="203" sc="0" el="203" ec="0" bec="0" bev="0" fileid="4" />
                <SequencePoint vc="0" uspid="259" ordinal="0" offset="792" sl="204" sc="0" el="204" ec="0" bec="0" bev="0" fileid="4" />
                <SequencePoint vc="0" uspid="260" ordinal="0" offset="809" sl="205" sc="0" el="205" ec="0" bec="0" bev="0" fileid="4" />
                <SequencePoint vc="0" uspid="261" ordinal="0" offset="826" sl="206" sc="0" el="206" ec="0" bec="0" bev="0" fileid="4" />
                <SequencePoint vc="0" uspid="262" ordinal="0" offset="843" sl="207" sc="0" el="207" ec="0" bec="0" bev="0" fileid="4" />
                <SequencePoint vc="0" uspid="263" ordinal="0" offset="860" sl="208" sc="0" el="208" ec="0" bec="0" bev="0" fileid="4" />
                <SequencePoint vc="0" uspid="264" ordinal="0" offset="877" sl="209" sc="0" el="209" ec="0" bec="0" bev="0" fileid="4" />
                <SequencePoint vc="0" uspid="265" ordinal="0" offset="895" sl="210" sc="0" el="210" ec="0" bec="0" bev="0" fileid="4" />
                <SequencePoint vc="0" uspid="266" ordinal="0" offset="913" sl="211" sc="0" el="211" ec="0" bec="0" bev="0" fileid="4" />
                <SequencePoint vc="0" uspid="267" ordinal="0" offset="931" sl="212" sc="0" el="212" ec="0" bec="0" bev="0" fileid="4" />
                <SequencePoint vc="0" uspid="268" ordinal="0" offset="949" sl="213" sc="0" el="213" ec="0" bec="0" bev="0" fileid="4" />
                <SequencePoint vc="0" uspid="269" ordinal="0" offset="966" sl="214" sc="0" el="214" ec="0" bec="0" bev="0" fileid="4" />
                <SequencePoint vc="0" uspid="270" ordinal="0" offset="983" sl="215" sc="0" el="215" ec="0" bec="0" bev="0" fileid="4" />
                <SequencePoint vc="0" uspid="271" ordinal="0" offset="1000" sl="216" sc="0" el="216" ec="0" bec="0" bev="0" fileid="4" />
                <SequencePoint vc="0" uspid="272" ordinal="0" offset="1017" sl="217" sc="0" el="217" ec="0" bec="0" bev="0" fileid="4" />
                <SequencePoint vc="0" uspid="273" ordinal="0" offset="1034" sl="218" sc="0" el="218" ec="0" bec="0" bev="0" fileid="4" />
                <SequencePoint vc="0" uspid="274" ordinal="0" offset="1051" sl="219" sc="0" el="219" ec="0" bec="0" bev="0" fileid="4" />
                <SequencePoint vc="0" uspid="275" ordinal="0" offset="1068" sl="220" sc="0" el="220" ec="0" bec="0" bev="0" fileid="4" />
                <SequencePoint vc="0" uspid="276" ordinal="0" offset="1085" sl="221" sc="0" el="221" ec="0" bec="0" bev="0" fileid="4" />
                <SequencePoint vc="0" uspid="277" ordinal="0" offset="1102" sl="222" sc="0" el="222" ec="0" bec="0" bev="0" fileid="4" />
                <SequencePoint vc="0" uspid="278" ordinal="0" offset="1120" sl="223" sc="0" el="223" ec="0" bec="0" bev="0" fileid="4" />
                <SequencePoint vc="0" uspid="279" ordinal="0" offset="1138" sl="224" sc="0" el="224" ec="0" bec="0" bev="0" fileid="4" />
                <SequencePoint vc="0" uspid="280" ordinal="0" offset="1156" sl="225" sc="0" el="225" ec="0" bec="0" bev="0" fileid="4" />
                <SequencePoint vc="0" uspid="281" ordinal="0" offset="1174" sl="226" sc="0" el="226" ec="0" bec="0" bev="0" fileid="4" />
                <SequencePoint vc="0" uspid="282" ordinal="0" offset="1192" sl="227" sc="0" el="227" ec="0" bec="0" bev="0" fileid="4" />
                <SequencePoint vc="0" uspid="283" ordinal="0" offset="1210" sl="228" sc="0" el="228" ec="0" bec="0" bev="0" fileid="4" />
                <SequencePoint vc="0" uspid="284" ordinal="0" offset="1228" sl="229" sc="0" el="229" ec="0" bec="0" bev="0" fileid="4" />
                <SequencePoint vc="0" uspid="285" ordinal="0" offset="1246" sl="230" sc="0" el="230" ec="0" bec="0" bev="0" fileid="4" />
                <SequencePoint vc="0" uspid="286" ordinal="0" offset="1264" sl="231" sc="0" el="231" ec="0" bec="0" bev="0" fileid="4" />
                <SequencePoint vc="0" uspid="287" ordinal="0" offset="1282" sl="232" sc="0" el="232" ec="0" bec="0" bev="0" fileid="4" />
                <SequencePoint vc="0" uspid="288" ordinal="0" offset="1300" sl="233" sc="0" el="233" ec="0" bec="0" bev="0" fileid="4" />
                <SequencePoint vc="0" uspid="289" ordinal="0" offset="1317" sl="234" sc="0" el="234" ec="0" bec="0" bev="0" fileid="4" />
                <SequencePoint vc="0" uspid="290" ordinal="0" offset="1334" sl="235" sc="0" el="235" ec="0" bec="0" bev="0" fileid="4" />
                <SequencePoint vc="0" uspid="291" ordinal="0" offset="1351" sl="236" sc="0" el="236" ec="0" bec="0" bev="0" fileid="4" />
                <SequencePoint vc="0" uspid="292" ordinal="0" offset="1368" sl="237" sc="0" el="237" ec="0" bec="0" bev="0" fileid="4" />
              </SequencePoints>
              <BranchPoints />
            </Method>
            <Method visited="false" cyclomaticComplexity="0" nPathComplexity="0" sequenceCoverage="0.0" branchCoverage="0" crapScore="0" isConstructor="false" isStatic="true" isGetter="false" isSetter="false">
              <Summary numSequencePoints="3" visitedSequencePoints="0" numBranchPoints="0" visitedBranchPoints="0" sequenceCoverage="0.0" branchCoverage="0" maxCyclomaticComplexity="0" minCyclomaticComplexity="0" maxCrapScore="0" minCrapScore="0" visitedClasses="0" numClasses="0" visitedMethods="0" numMethods="1" />
              <MetadataToken>100663312</MetadataToken>
              <Name>static System.Void UnityChan.UTS2GUI::Line()</Name>
              <FileRef uid="4" />
              <SequencePoints>
                <SequencePoint vc="0" uspid="293" ordinal="0" offset="0" sl="242" sc="0" el="242" ec="0" bec="0" bev="0" fileid="4" />
                <SequencePoint vc="0" uspid="294" ordinal="0" offset="1" sl="243" sc="0" el="243" ec="0" bec="0" bev="0" fileid="4" />
                <SequencePoint vc="0" uspid="295" ordinal="0" offset="40" sl="244" sc="0" el="244" ec="0" bec="0" bev="0" fileid="4" />
              </SequencePoints>
              <BranchPoints />
            </Method>
            <Method visited="false" cyclomaticComplexity="0" nPathComplexity="0" sequenceCoverage="0.0" branchCoverage="0" crapScore="0" isConstructor="false" isStatic="true" isGetter="false" isSetter="false">
              <Summary numSequencePoints="21" visitedSequencePoints="0" numBranchPoints="0" visitedBranchPoints="0" sequenceCoverage="0.0" branchCoverage="0" maxCyclomaticComplexity="0" minCyclomaticComplexity="0" maxCrapScore="0" minCrapScore="0" visitedClasses="0" numClasses="0" visitedMethods="0" numMethods="1" />
              <MetadataToken>100663313</MetadataToken>
              <Name>static System.Boolean UnityChan.UTS2GUI::Foldout(System.Boolean, System.String)</Name>
              <FileRef uid="4" />
              <SequencePoints>
                <SequencePoint vc="0" uspid="296" ordinal="0" offset="0" sl="247" sc="0" el="247" ec="0" bec="0" bev="0" fileid="4" />
                <SequencePoint vc="0" uspid="297" ordinal="0" offset="1" sl="248" sc="0" el="248" ec="0" bec="0" bev="0" fileid="4" />
                <SequencePoint vc="0" uspid="298" ordinal="0" offset="17" sl="249" sc="0" el="249" ec="0" bec="0" bev="0" fileid="4" />
                <SequencePoint vc="0" uspid="299" ordinal="0" offset="39" sl="250" sc="0" el="250" ec="0" bec="0" bev="0" fileid="4" />
                <SequencePoint vc="0" uspid="300" ordinal="0" offset="56" sl="251" sc="0" el="251" ec="0" bec="0" bev="0" fileid="4" />
                <SequencePoint vc="0" uspid="301" ordinal="0" offset="68" sl="252" sc="0" el="252" ec="0" bec="0" bev="0" fileid="4" />
                <SequencePoint vc="0" uspid="302" ordinal="0" offset="90" sl="254" sc="0" el="254" ec="0" bec="0" bev="0" fileid="4" />
                <SequencePoint vc="0" uspid="303" ordinal="0" offset="107" sl="255" sc="0" el="255" ec="0" bec="0" bev="0" fileid="4" />
                <SequencePoint vc="0" uspid="304" ordinal="0" offset="116" sl="257" sc="0" el="257" ec="0" bec="0" bev="0" fileid="4" />
                <SequencePoint vc="0" uspid="305" ordinal="0" offset="122" sl="259" sc="0" el="259" ec="0" bec="0" bev="0" fileid="4" />
                <SequencePoint vc="0" uspid="306" ordinal="0" offset="165" sl="260" sc="0" el="260" ec="0" bec="0" bev="0" fileid="4" />
                <SequencePoint vc="0" uspid="307" ordinal="0" offset="180" sl="261" sc="0" el="261" ec="0" bec="0" bev="0" fileid="4" />
                <SequencePoint vc="0" uspid="308" ordinal="0" offset="181" sl="262" sc="0" el="262" ec="0" bec="0" bev="0" fileid="4" />
                <SequencePoint vc="0" uspid="309" ordinal="0" offset="197" sl="263" sc="0" el="263" ec="0" bec="0" bev="0" fileid="4" />
                <SequencePoint vc="0" uspid="310" ordinal="0" offset="198" sl="265" sc="0" el="265" ec="0" bec="0" bev="0" fileid="4" />
                <SequencePoint vc="0" uspid="311" ordinal="0" offset="228" sl="266" sc="0" el="266" ec="0" bec="0" bev="0" fileid="4" />
                <SequencePoint vc="0" uspid="312" ordinal="0" offset="229" sl="267" sc="0" el="267" ec="0" bec="0" bev="0" fileid="4" />
                <SequencePoint vc="0" uspid="313" ordinal="0" offset="235" sl="268" sc="0" el="268" ec="0" bec="0" bev="0" fileid="4" />
                <SequencePoint vc="0" uspid="314" ordinal="0" offset="242" sl="269" sc="0" el="269" ec="0" bec="0" bev="0" fileid="4" />
                <SequencePoint vc="0" uspid="315" ordinal="0" offset="243" sl="271" sc="0" el="271" ec="0" bec="0" bev="0" fileid="4" />
                <SequencePoint vc="0" uspid="316" ordinal="0" offset="248" sl="272" sc="0" el="272" ec="0" bec="0" bev="0" fileid="4" />
              </SequencePoints>
              <BranchPoints />
            </Method>
            <Method visited="false" cyclomaticComplexity="0" nPathComplexity="0" sequenceCoverage="0.0" branchCoverage="0" crapScore="0" isConstructor="false" isStatic="true" isGetter="false" isSetter="false">
              <Summary numSequencePoints="22" visitedSequencePoints="0" numBranchPoints="0" visitedBranchPoints="0" sequenceCoverage="0.0" branchCoverage="0" maxCyclomaticComplexity="0" minCyclomaticComplexity="0" maxCrapScore="0" minCrapScore="0" visitedClasses="0" numClasses="0" visitedMethods="0" numMethods="1" />
              <MetadataToken>100663314</MetadataToken>
              <Name>static System.Boolean UnityChan.UTS2GUI::FoldoutSubMenu(System.Boolean, System.String)</Name>
              <FileRef uid="4" />
              <SequencePoints>
                <SequencePoint vc="0" uspid="317" ordinal="0" offset="0" sl="275" sc="0" el="275" ec="0" bec="0" bev="0" fileid="4" />
                <SequencePoint vc="0" uspid="318" ordinal="0" offset="1" sl="276" sc="0" el="276" ec="0" bec="0" bev="0" fileid="4" />
                <SequencePoint vc="0" uspid="319" ordinal="0" offset="17" sl="277" sc="0" el="277" ec="0" bec="0" bev="0" fileid="4" />
                <SequencePoint vc="0" uspid="320" ordinal="0" offset="39" sl="278" sc="0" el="278" ec="0" bec="0" bev="0" fileid="4" />
                <SequencePoint vc="0" uspid="321" ordinal="0" offset="56" sl="279" sc="0" el="279" ec="0" bec="0" bev="0" fileid="4" />
                <SequencePoint vc="0" uspid="322" ordinal="0" offset="72" sl="280" sc="0" el="280" ec="0" bec="0" bev="0" fileid="4" />
                <SequencePoint vc="0" uspid="323" ordinal="0" offset="84" sl="281" sc="0" el="281" ec="0" bec="0" bev="0" fileid="4" />
                <SequencePoint vc="0" uspid="324" ordinal="0" offset="106" sl="283" sc="0" el="283" ec="0" bec="0" bev="0" fileid="4" />
                <SequencePoint vc="0" uspid="325" ordinal="0" offset="123" sl="284" sc="0" el="284" ec="0" bec="0" bev="0" fileid="4" />
                <SequencePoint vc="0" uspid="326" ordinal="0" offset="132" sl="286" sc="0" el="286" ec="0" bec="0" bev="0" fileid="4" />
                <SequencePoint vc="0" uspid="327" ordinal="0" offset="138" sl="288" sc="0" el="288" ec="0" bec="0" bev="0" fileid="4" />
                <SequencePoint vc="0" uspid="328" ordinal="0" offset="181" sl="289" sc="0" el="289" ec="0" bec="0" bev="0" fileid="4" />
                <SequencePoint vc="0" uspid="329" ordinal="0" offset="196" sl="290" sc="0" el="290" ec="0" bec="0" bev="0" fileid="4" />
                <SequencePoint vc="0" uspid="330" ordinal="0" offset="197" sl="291" sc="0" el="291" ec="0" bec="0" bev="0" fileid="4" />
                <SequencePoint vc="0" uspid="331" ordinal="0" offset="213" sl="292" sc="0" el="292" ec="0" bec="0" bev="0" fileid="4" />
                <SequencePoint vc="0" uspid="332" ordinal="0" offset="214" sl="294" sc="0" el="294" ec="0" bec="0" bev="0" fileid="4" />
                <SequencePoint vc="0" uspid="333" ordinal="0" offset="244" sl="295" sc="0" el="295" ec="0" bec="0" bev="0" fileid="4" />
                <SequencePoint vc="0" uspid="334" ordinal="0" offset="245" sl="296" sc="0" el="296" ec="0" bec="0" bev="0" fileid="4" />
                <SequencePoint vc="0" uspid="335" ordinal="0" offset="251" sl="297" sc="0" el="297" ec="0" bec="0" bev="0" fileid="4" />
                <SequencePoint vc="0" uspid="336" ordinal="0" offset="258" sl="298" sc="0" el="298" ec="0" bec="0" bev="0" fileid="4" />
                <SequencePoint vc="0" uspid="337" ordinal="0" offset="259" sl="300" sc="0" el="300" ec="0" bec="0" bev="0" fileid="4" />
                <SequencePoint vc="0" uspid="338" ordinal="0" offset="264" sl="301" sc="0" el="301" ec="0" bec="0" bev="0" fileid="4" />
              </SequencePoints>
              <BranchPoints />
            </Method>
            <Method visited="false" cyclomaticComplexity="0" nPathComplexity="0" sequenceCoverage="0.0" branchCoverage="0" crapScore="0" isConstructor="false" isStatic="false" isGetter="false" isSetter="false">
              <Summary numSequencePoints="183" visitedSequencePoints="0" numBranchPoints="0" visitedBranchPoints="0" sequenceCoverage="0.0" branchCoverage="0" maxCyclomaticComplexity="0" minCyclomaticComplexity="0" maxCrapScore="0" minCrapScore="0" visitedClasses="0" numClasses="0" visitedMethods="0" numMethods="1" />
              <MetadataToken>100663315</MetadataToken>
              <Name>System.Void UnityChan.UTS2GUI::OnGUI(UnityEditor.MaterialEditor, UnityEditor.MaterialProperty[])</Name>
              <FileRef uid="4" />
              <SequencePoints>
                <SequencePoint vc="0" uspid="339" ordinal="0" offset="0" sl="332" sc="0" el="332" ec="0" bec="0" bev="0" fileid="4" />
                <SequencePoint vc="0" uspid="340" ordinal="0" offset="1" sl="333" sc="0" el="333" ec="0" bec="0" bev="0" fileid="4" />
                <SequencePoint vc="0" uspid="341" ordinal="0" offset="12" sl="334" sc="0" el="334" ec="0" bec="0" bev="0" fileid="4" />
                <SequencePoint vc="0" uspid="342" ordinal="0" offset="20" sl="335" sc="0" el="335" ec="0" bec="0" bev="0" fileid="4" />
                <SequencePoint vc="0" uspid="343" ordinal="0" offset="27" sl="336" sc="0" el="336" ec="0" bec="0" bev="0" fileid="4" />
                <SequencePoint vc="0" uspid="344" ordinal="0" offset="39" sl="341" sc="0" el="341" ec="0" bec="0" bev="0" fileid="4" />
                <SequencePoint vc="0" uspid="345" ordinal="0" offset="61" sl="342" sc="0" el="342" ec="0" bec="0" bev="0" fileid="4" />
                <SequencePoint vc="0" uspid="346" ordinal="0" offset="62" sl="344" sc="0" el="344" ec="0" bec="0" bev="0" fileid="4" />
                <SequencePoint vc="0" uspid="347" ordinal="0" offset="83" sl="345" sc="0" el="345" ec="0" bec="0" bev="0" fileid="4" />
                <SequencePoint vc="0" uspid="348" ordinal="0" offset="84" sl="347" sc="0" el="347" ec="0" bec="0" bev="0" fileid="4" />
                <SequencePoint vc="0" uspid="349" ordinal="0" offset="107" sl="349" sc="0" el="349" ec="0" bec="0" bev="0" fileid="4" />
                <SequencePoint vc="0" uspid="350" ordinal="0" offset="124" sl="350" sc="0" el="350" ec="0" bec="0" bev="0" fileid="4" />
                <SequencePoint vc="0" uspid="351" ordinal="0" offset="127" sl="350" sc="0" el="350" ec="0" bec="0" bev="0" fileid="4" />
                <SequencePoint vc="0" uspid="352" ordinal="0" offset="128" sl="352" sc="0" el="352" ec="0" bec="0" bev="0" fileid="4" />
                <SequencePoint vc="0" uspid="353" ordinal="0" offset="145" sl="353" sc="0" el="353" ec="0" bec="0" bev="0" fileid="4" />
                <SequencePoint vc="0" uspid="354" ordinal="0" offset="146" sl="354" sc="0" el="354" ec="0" bec="0" bev="0" fileid="4" />
                <SequencePoint vc="0" uspid="355" ordinal="0" offset="147" sl="358" sc="0" el="358" ec="0" bec="0" bev="0" fileid="4" />
                <SequencePoint vc="0" uspid="356" ordinal="0" offset="155" sl="361" sc="0" el="361" ec="0" bec="0" bev="0" fileid="4" />
                <SequencePoint vc="0" uspid="357" ordinal="0" offset="166" sl="363" sc="0" el="363" ec="0" bec="0" bev="0" fileid="4" />
                <SequencePoint vc="0" uspid="358" ordinal="0" offset="184" sl="363" sc="0" el="363" ec="0" bec="0" bev="0" fileid="4" />
                <SequencePoint vc="0" uspid="359" ordinal="0" offset="185" sl="364" sc="0" el="364" ec="0" bec="0" bev="0" fileid="4" />
                <SequencePoint vc="0" uspid="360" ordinal="0" offset="198" sl="365" sc="0" el="365" ec="0" bec="0" bev="0" fileid="4" />
                <SequencePoint vc="0" uspid="361" ordinal="0" offset="209" sl="365" sc="0" el="365" ec="0" bec="0" bev="0" fileid="4" />
                <SequencePoint vc="0" uspid="362" ordinal="0" offset="210" sl="366" sc="0" el="366" ec="0" bec="0" bev="0" fileid="4" />
                <SequencePoint vc="0" uspid="363" ordinal="0" offset="216" sl="367" sc="0" el="367" ec="0" bec="0" bev="0" fileid="4" />
                <SequencePoint vc="0" uspid="364" ordinal="0" offset="219" sl="367" sc="0" el="367" ec="0" bec="0" bev="0" fileid="4" />
                <SequencePoint vc="0" uspid="365" ordinal="0" offset="230" sl="367" sc="0" el="367" ec="0" bec="0" bev="0" fileid="4" />
                <SequencePoint vc="0" uspid="366" ordinal="0" offset="231" sl="368" sc="0" el="368" ec="0" bec="0" bev="0" fileid="4" />
                <SequencePoint vc="0" uspid="367" ordinal="0" offset="237" sl="369" sc="0" el="369" ec="0" bec="0" bev="0" fileid="4" />
                <SequencePoint vc="0" uspid="368" ordinal="0" offset="238" sl="371" sc="0" el="371" ec="0" bec="0" bev="0" fileid="4" />
                <SequencePoint vc="0" uspid="369" ordinal="0" offset="249" sl="372" sc="0" el="372" ec="0" bec="0" bev="0" fileid="4" />
                <SequencePoint vc="0" uspid="370" ordinal="0" offset="250" sl="373" sc="0" el="373" ec="0" bec="0" bev="0" fileid="4" />
                <SequencePoint vc="0" uspid="371" ordinal="0" offset="272" sl="374" sc="0" el="374" ec="0" bec="0" bev="0" fileid="4" />
                <SequencePoint vc="0" uspid="372" ordinal="0" offset="273" sl="375" sc="0" el="375" ec="0" bec="0" bev="0" fileid="4" />
                <SequencePoint vc="0" uspid="373" ordinal="0" offset="279" sl="376" sc="0" el="376" ec="0" bec="0" bev="0" fileid="4" />
                <SequencePoint vc="0" uspid="374" ordinal="0" offset="292" sl="377" sc="0" el="377" ec="0" bec="0" bev="0" fileid="4" />
                <SequencePoint vc="0" uspid="375" ordinal="0" offset="293" sl="378" sc="0" el="378" ec="0" bec="0" bev="0" fileid="4" />
                <SequencePoint vc="0" uspid="376" ordinal="0" offset="300" sl="380" sc="0" el="380" ec="0" bec="0" bev="0" fileid="4" />
                <SequencePoint vc="0" uspid="377" ordinal="0" offset="306" sl="382" sc="0" el="382" ec="0" bec="0" bev="0" fileid="4" />
                <SequencePoint vc="0" uspid="378" ordinal="0" offset="319" sl="383" sc="0" el="383" ec="0" bec="0" bev="0" fileid="4" />
                <SequencePoint vc="0" uspid="379" ordinal="0" offset="324" sl="385" sc="0" el="385" ec="0" bec="0" bev="0" fileid="4" />
                <SequencePoint vc="0" uspid="380" ordinal="0" offset="346" sl="386" sc="0" el="386" ec="0" bec="0" bev="0" fileid="4" />
                <SequencePoint vc="0" uspid="381" ordinal="0" offset="347" sl="387" sc="0" el="387" ec="0" bec="0" bev="0" fileid="4" />
                <SequencePoint vc="0" uspid="382" ordinal="0" offset="353" sl="388" sc="0" el="388" ec="0" bec="0" bev="0" fileid="4" />
                <SequencePoint vc="0" uspid="383" ordinal="0" offset="366" sl="389" sc="0" el="389" ec="0" bec="0" bev="0" fileid="4" />
                <SequencePoint vc="0" uspid="384" ordinal="0" offset="367" sl="390" sc="0" el="390" ec="0" bec="0" bev="0" fileid="4" />
                <SequencePoint vc="0" uspid="385" ordinal="0" offset="368" sl="392" sc="0" el="392" ec="0" bec="0" bev="0" fileid="4" />
                <SequencePoint vc="0" uspid="386" ordinal="0" offset="375" sl="393" sc="0" el="393" ec="0" bec="0" bev="0" fileid="4" />
                <SequencePoint vc="0" uspid="387" ordinal="0" offset="381" sl="395" sc="0" el="395" ec="0" bec="0" bev="0" fileid="4" />
                <SequencePoint vc="0" uspid="388" ordinal="0" offset="387" sl="397" sc="0" el="397" ec="0" bec="0" bev="0" fileid="4" />
                <SequencePoint vc="0" uspid="389" ordinal="0" offset="393" sl="399" sc="0" el="399" ec="0" bec="0" bev="0" fileid="4" />
                <SequencePoint vc="0" uspid="390" ordinal="0" offset="413" sl="400" sc="0" el="400" ec="0" bec="0" bev="0" fileid="4" />
                <SequencePoint vc="0" uspid="391" ordinal="0" offset="424" sl="401" sc="0" el="401" ec="0" bec="0" bev="0" fileid="4" />
                <SequencePoint vc="0" uspid="392" ordinal="0" offset="425" sl="402" sc="0" el="402" ec="0" bec="0" bev="0" fileid="4" />
                <SequencePoint vc="0" uspid="393" ordinal="0" offset="438" sl="404" sc="0" el="404" ec="0" bec="0" bev="0" fileid="4" />
                <SequencePoint vc="0" uspid="394" ordinal="0" offset="446" sl="406" sc="0" el="406" ec="0" bec="0" bev="0" fileid="4" />
                <SequencePoint vc="0" uspid="395" ordinal="0" offset="463" sl="406" sc="0" el="406" ec="0" bec="0" bev="0" fileid="4" />
                <SequencePoint vc="0" uspid="396" ordinal="0" offset="464" sl="408" sc="0" el="408" ec="0" bec="0" bev="0" fileid="4" />
                <SequencePoint vc="0" uspid="397" ordinal="0" offset="472" sl="409" sc="0" el="409" ec="0" bec="0" bev="0" fileid="4" />
                <SequencePoint vc="0" uspid="398" ordinal="0" offset="473" sl="411" sc="0" el="411" ec="0" bec="0" bev="0" fileid="4" />
                <SequencePoint vc="0" uspid="399" ordinal="0" offset="490" sl="411" sc="0" el="411" ec="0" bec="0" bev="0" fileid="4" />
                <SequencePoint vc="0" uspid="400" ordinal="0" offset="491" sl="412" sc="0" el="412" ec="0" bec="0" bev="0" fileid="4" />
                <SequencePoint vc="0" uspid="401" ordinal="0" offset="499" sl="413" sc="0" el="413" ec="0" bec="0" bev="0" fileid="4" />
                <SequencePoint vc="0" uspid="402" ordinal="0" offset="500" sl="415" sc="0" el="415" ec="0" bec="0" bev="0" fileid="4" />
                <SequencePoint vc="0" uspid="403" ordinal="0" offset="517" sl="415" sc="0" el="415" ec="0" bec="0" bev="0" fileid="4" />
                <SequencePoint vc="0" uspid="404" ordinal="0" offset="518" sl="416" sc="0" el="416" ec="0" bec="0" bev="0" fileid="4" />
                <SequencePoint vc="0" uspid="405" ordinal="0" offset="526" sl="417" sc="0" el="417" ec="0" bec="0" bev="0" fileid="4" />
                <SequencePoint vc="0" uspid="406" ordinal="0" offset="527" sl="419" sc="0" el="419" ec="0" bec="0" bev="0" fileid="4" />
                <SequencePoint vc="0" uspid="407" ordinal="0" offset="535" sl="421" sc="0" el="421" ec="0" bec="0" bev="0" fileid="4" />
                <SequencePoint vc="0" uspid="408" ordinal="0" offset="548" sl="422" sc="0" el="422" ec="0" bec="0" bev="0" fileid="4" />
                <SequencePoint vc="0" uspid="409" ordinal="0" offset="549" sl="424" sc="0" el="424" ec="0" bec="0" bev="0" fileid="4" />
                <SequencePoint vc="0" uspid="410" ordinal="0" offset="555" sl="426" sc="0" el="426" ec="0" bec="0" bev="0" fileid="4" />
                <SequencePoint vc="0" uspid="411" ordinal="0" offset="575" sl="427" sc="0" el="427" ec="0" bec="0" bev="0" fileid="4" />
                <SequencePoint vc="0" uspid="412" ordinal="0" offset="586" sl="428" sc="0" el="428" ec="0" bec="0" bev="0" fileid="4" />
                <SequencePoint vc="0" uspid="413" ordinal="0" offset="587" sl="429" sc="0" el="429" ec="0" bec="0" bev="0" fileid="4" />
                <SequencePoint vc="0" uspid="414" ordinal="0" offset="600" sl="431" sc="0" el="431" ec="0" bec="0" bev="0" fileid="4" />
                <SequencePoint vc="0" uspid="415" ordinal="0" offset="608" sl="432" sc="0" el="432" ec="0" bec="0" bev="0" fileid="4" />
                <SequencePoint vc="0" uspid="416" ordinal="0" offset="621" sl="433" sc="0" el="433" ec="0" bec="0" bev="0" fileid="4" />
                <SequencePoint vc="0" uspid="417" ordinal="0" offset="622" sl="435" sc="0" el="435" ec="0" bec="0" bev="0" fileid="4" />
                <SequencePoint vc="0" uspid="418" ordinal="0" offset="628" sl="437" sc="0" el="437" ec="0" bec="0" bev="0" fileid="4" />
                <SequencePoint vc="0" uspid="419" ordinal="0" offset="648" sl="438" sc="0" el="438" ec="0" bec="0" bev="0" fileid="4" />
                <SequencePoint vc="0" uspid="420" ordinal="0" offset="659" sl="439" sc="0" el="439" ec="0" bec="0" bev="0" fileid="4" />
                <SequencePoint vc="0" uspid="421" ordinal="0" offset="660" sl="440" sc="0" el="440" ec="0" bec="0" bev="0" fileid="4" />
                <SequencePoint vc="0" uspid="422" ordinal="0" offset="673" sl="442" sc="0" el="442" ec="0" bec="0" bev="0" fileid="4" />
                <SequencePoint vc="0" uspid="423" ordinal="0" offset="681" sl="443" sc="0" el="443" ec="0" bec="0" bev="0" fileid="4" />
                <SequencePoint vc="0" uspid="424" ordinal="0" offset="694" sl="444" sc="0" el="444" ec="0" bec="0" bev="0" fileid="4" />
                <SequencePoint vc="0" uspid="425" ordinal="0" offset="695" sl="446" sc="0" el="446" ec="0" bec="0" bev="0" fileid="4" />
                <SequencePoint vc="0" uspid="426" ordinal="0" offset="701" sl="448" sc="0" el="448" ec="0" bec="0" bev="0" fileid="4" />
                <SequencePoint vc="0" uspid="427" ordinal="0" offset="721" sl="449" sc="0" el="449" ec="0" bec="0" bev="0" fileid="4" />
                <SequencePoint vc="0" uspid="428" ordinal="0" offset="732" sl="450" sc="0" el="450" ec="0" bec="0" bev="0" fileid="4" />
                <SequencePoint vc="0" uspid="429" ordinal="0" offset="733" sl="451" sc="0" el="451" ec="0" bec="0" bev="0" fileid="4" />
                <SequencePoint vc="0" uspid="430" ordinal="0" offset="746" sl="452" sc="0" el="452" ec="0" bec="0" bev="0" fileid="4" />
                <SequencePoint vc="0" uspid="431" ordinal="0" offset="752" sl="453" sc="0" el="453" ec="0" bec="0" bev="0" fileid="4" />
                <SequencePoint vc="0" uspid="432" ordinal="0" offset="760" sl="454" sc="0" el="454" ec="0" bec="0" bev="0" fileid="4" />
                <SequencePoint vc="0" uspid="433" ordinal="0" offset="773" sl="455" sc="0" el="455" ec="0" bec="0" bev="0" fileid="4" />
                <SequencePoint vc="0" uspid="434" ordinal="0" offset="774" sl="457" sc="0" el="457" ec="0" bec="0" bev="0" fileid="4" />
                <SequencePoint vc="0" uspid="435" ordinal="0" offset="780" sl="459" sc="0" el="459" ec="0" bec="0" bev="0" fileid="4" />
                <SequencePoint vc="0" uspid="436" ordinal="0" offset="800" sl="460" sc="0" el="460" ec="0" bec="0" bev="0" fileid="4" />
                <SequencePoint vc="0" uspid="437" ordinal="0" offset="811" sl="461" sc="0" el="461" ec="0" bec="0" bev="0" fileid="4" />
                <SequencePoint vc="0" uspid="438" ordinal="0" offset="812" sl="462" sc="0" el="462" ec="0" bec="0" bev="0" fileid="4" />
                <SequencePoint vc="0" uspid="439" ordinal="0" offset="825" sl="463" sc="0" el="463" ec="0" bec="0" bev="0" fileid="4" />
                <SequencePoint vc="0" uspid="440" ordinal="0" offset="831" sl="464" sc="0" el="464" ec="0" bec="0" bev="0" fileid="4" />
                <SequencePoint vc="0" uspid="441" ordinal="0" offset="839" sl="465" sc="0" el="465" ec="0" bec="0" bev="0" fileid="4" />
                <SequencePoint vc="0" uspid="442" ordinal="0" offset="852" sl="466" sc="0" el="466" ec="0" bec="0" bev="0" fileid="4" />
                <SequencePoint vc="0" uspid="443" ordinal="0" offset="853" sl="468" sc="0" el="468" ec="0" bec="0" bev="0" fileid="4" />
                <SequencePoint vc="0" uspid="444" ordinal="0" offset="859" sl="470" sc="0" el="470" ec="0" bec="0" bev="0" fileid="4" />
                <SequencePoint vc="0" uspid="445" ordinal="0" offset="879" sl="471" sc="0" el="471" ec="0" bec="0" bev="0" fileid="4" />
                <SequencePoint vc="0" uspid="446" ordinal="0" offset="890" sl="472" sc="0" el="472" ec="0" bec="0" bev="0" fileid="4" />
                <SequencePoint vc="0" uspid="447" ordinal="0" offset="891" sl="473" sc="0" el="473" ec="0" bec="0" bev="0" fileid="4" />
                <SequencePoint vc="0" uspid="448" ordinal="0" offset="904" sl="474" sc="0" el="474" ec="0" bec="0" bev="0" fileid="4" />
                <SequencePoint vc="0" uspid="449" ordinal="0" offset="910" sl="475" sc="0" el="475" ec="0" bec="0" bev="0" fileid="4" />
                <SequencePoint vc="0" uspid="450" ordinal="0" offset="918" sl="476" sc="0" el="476" ec="0" bec="0" bev="0" fileid="4" />
                <SequencePoint vc="0" uspid="451" ordinal="0" offset="931" sl="477" sc="0" el="477" ec="0" bec="0" bev="0" fileid="4" />
                <SequencePoint vc="0" uspid="452" ordinal="0" offset="932" sl="479" sc="0" el="479" ec="0" bec="0" bev="0" fileid="4" />
                <SequencePoint vc="0" uspid="453" ordinal="0" offset="938" sl="481" sc="0" el="481" ec="0" bec="0" bev="0" fileid="4" />
                <SequencePoint vc="0" uspid="454" ordinal="0" offset="955" sl="481" sc="0" el="481" ec="0" bec="0" bev="0" fileid="4" />
                <SequencePoint vc="0" uspid="455" ordinal="0" offset="956" sl="482" sc="0" el="482" ec="0" bec="0" bev="0" fileid="4" />
                <SequencePoint vc="0" uspid="456" ordinal="0" offset="976" sl="483" sc="0" el="483" ec="0" bec="0" bev="0" fileid="4" />
                <SequencePoint vc="0" uspid="457" ordinal="0" offset="987" sl="484" sc="0" el="484" ec="0" bec="0" bev="0" fileid="4" />
                <SequencePoint vc="0" uspid="458" ordinal="0" offset="988" sl="485" sc="0" el="485" ec="0" bec="0" bev="0" fileid="4" />
                <SequencePoint vc="0" uspid="459" ordinal="0" offset="1001" sl="486" sc="0" el="486" ec="0" bec="0" bev="0" fileid="4" />
                <SequencePoint vc="0" uspid="460" ordinal="0" offset="1007" sl="487" sc="0" el="487" ec="0" bec="0" bev="0" fileid="4" />
                <SequencePoint vc="0" uspid="461" ordinal="0" offset="1015" sl="488" sc="0" el="488" ec="0" bec="0" bev="0" fileid="4" />
                <SequencePoint vc="0" uspid="462" ordinal="0" offset="1028" sl="489" sc="0" el="489" ec="0" bec="0" bev="0" fileid="4" />
                <SequencePoint vc="0" uspid="463" ordinal="0" offset="1029" sl="491" sc="0" el="491" ec="0" bec="0" bev="0" fileid="4" />
                <SequencePoint vc="0" uspid="464" ordinal="0" offset="1035" sl="492" sc="0" el="492" ec="0" bec="0" bev="0" fileid="4" />
                <SequencePoint vc="0" uspid="465" ordinal="0" offset="1036" sl="494" sc="0" el="494" ec="0" bec="0" bev="0" fileid="4" />
                <SequencePoint vc="0" uspid="466" ordinal="0" offset="1056" sl="495" sc="0" el="495" ec="0" bec="0" bev="0" fileid="4" />
[...]
              <MetadataToken>100663297</MetadataToken>
              <Name>System.Void DifficultySceneTests::Setup()</Name>
              <FileRef uid="30" />
              <SequencePoints>
                <SequencePoint vc="0" uspid="2554" ordinal="0" offset="0" sl="16" sc="0" el="16" ec="0" bec="0" bev="0" fileid="30" />
                <SequencePoint vc="0" uspid="2555" ordinal="0" offset="1" sl="18" sc="0" el="18" ec="0" bec="0" bev="0" fileid="30" />
                <SequencePoint vc="0" uspid="2556" ordinal="0" offset="7" sl="19" sc="0" el="19" ec="0" bec="0" bev="0" fileid="30" />
                <SequencePoint vc="0" uspid="2557" ordinal="0" offset="19" sl="22" sc="0" el="22" ec="0" bec="0" bev="0" fileid="30" />
                <SequencePoint vc="0" uspid="2558" ordinal="0" offset="25" sl="23" sc="0" el="23" ec="0" bec="0" bev="0" fileid="30" />
                <SequencePoint vc="0" uspid="2559" ordinal="0" offset="37" sl="24" sc="0" el="24" ec="0" bec="0" bev="0" fileid="30" />
                <SequencePoint vc="0" uspid="2560" ordinal="0" offset="54" sl="25" sc="0" el="25" ec="0" bec="0" bev="0" fileid="30" />
              </SequencePoints>
              <BranchPoints />
            </Method>
          </Methods>
        </Class>
        <Class>
          <Summary numSequencePoints="4" visitedSequencePoints="0" numBranchPoints="0" visitedBranchPoints="0" sequenceCoverage="0.0" branchCoverage="0.0" maxCyclomaticComplexity="0" minCyclomaticComplexity="0" maxCrapScore="0" minCrapScore="0" visitedClasses="0" numClasses="1" visitedMethods="0" numMethods="1" />
          <FullName>MainSceneTests</FullName>
          <Methods>
            <Method visited="false" cyclomaticComplexity="0" nPathComplexity="0" sequenceCoverage="0.0" branchCoverage="0" crapScore="0" isConstructor="false" isStatic="false" isGetter="false" isSetter="false">
              <Summary numSequencePoints="4" visitedSequencePoints="0" numBranchPoints="0" visitedBranchPoints="0" sequenceCoverage="0.0" branchCoverage="0" maxCyclomaticComplexity="0" minCyclomaticComplexity="0" maxCrapScore="0" minCrapScore="0" visitedClasses="0" numClasses="0" visitedMethods="0" numMethods="1" />
              <MetadataToken>100663300</MetadataToken>
              <Name>System.Void MainSceneTests::Setup()</Name>
              <FileRef uid="31" />
              <SequencePoints>
                <SequencePoint vc="0" uspid="2561" ordinal="0" offset="0" sl="14" sc="0" el="14" ec="0" bec="0" bev="0" fileid="31" />
                <SequencePoint vc="0" uspid="2562" ordinal="0" offset="1" sl="16" sc="0" el="16" ec="0" bec="0" bev="0" fileid="31" />
                <SequencePoint vc="0" uspid="2563" ordinal="0" offset="7" sl="17" sc="0" el="17" ec="0" bec="0" bev="0" fileid="31" />
                <SequencePoint vc="0" uspid="2564" ordinal="0" offset="19" sl="18" sc="0" el="18" ec="0" bec="0" bev="0" fileid="31" />
              </SequencePoints>
              <BranchPoints />
            </Method>
          </Methods>
        </Class>
        <Class>
          <Summary numSequencePoints="14" visitedSequencePoints="0" numBranchPoints="0" visitedBranchPoints="0" sequenceCoverage="0.0" branchCoverage="0.0" maxCyclomaticComplexity="0" minCyclomaticComplexity="0" maxCrapScore="0" minCrapScore="0" visitedClasses="0" numClasses="1" visitedMethods="0" numMethods="1" />
          <FullName>RoundSystemTests</FullName>
          <Methods>
            <Method visited="false" cyclomaticComplexity="0" nPathComplexity="0" sequenceCoverage="0.0" branchCoverage="0" crapScore="0" isConstructor="false" isStatic="false" isGetter="false" isSetter="false">
              <Summary numSequencePoints="14" visitedSequencePoints="0" numBranchPoints="0" visitedBranchPoints="0" sequenceCoverage="0.0" branchCoverage="0" maxCyclomaticComplexity="0" minCyclomaticComplexity="0" maxCrapScore="0" minCrapScore="0" visitedClasses="0" numClasses="0" visitedMethods="0" numMethods="1" />
              <MetadataToken>100663303</MetadataToken>
              <Name>System.Void RoundSystemTests::Setup()</Name>
              <FileRef uid="32" />
              <SequencePoints>
                <SequencePoint vc="0" uspid="2565" ordinal="0" offset="0" sl="15" sc="0" el="15" ec="0" bec="0" bev="0" fileid="32" />
                <SequencePoint vc="0" uspid="2566" ordinal="0" offset="1" sl="17" sc="0" el="17" ec="0" bec="0" bev="0" fileid="32" />
                <SequencePoint vc="0" uspid="2567" ordinal="0" offset="7" sl="18" sc="0" el="18" ec="0" bec="0" bev="0" fileid="32" />
                <SequencePoint vc="0" uspid="2568" ordinal="0" offset="19" sl="21" sc="0" el="21" ec="0" bec="0" bev="0" fileid="32" />
                <SequencePoint vc="0" uspid="2569" ordinal="0" offset="40" sl="22" sc="0" el="22" ec="0" bec="0" bev="0" fileid="32" />
                <SequencePoint vc="0" uspid="2570" ordinal="0" offset="61" sl="23" sc="0" el="23" ec="0" bec="0" bev="0" fileid="32" />
                <SequencePoint vc="0" uspid="2571" ordinal="0" offset="82" sl="24" sc="0" el="24" ec="0" bec="0" bev="0" fileid="32" />
                <SequencePoint vc="0" uspid="2572" ordinal="0" offset="103" sl="25" sc="0" el="25" ec="0" bec="0" bev="0" fileid="32" />
                <SequencePoint vc="0" uspid="2573" ordinal="0" offset="124" sl="26" sc="0" el="26" ec="0" bec="0" bev="0" fileid="32" />
                <SequencePoint vc="0" uspid="2574" ordinal="0" offset="145" sl="27" sc="0" el="27" ec="0" bec="0" bev="0" fileid="32" />
                <SequencePoint vc="0" uspid="2575" ordinal="0" offset="162" sl="30" sc="0" el="30" ec="0" bec="0" bev="0" fileid="32" />
                <SequencePoint vc="0" uspid="2576" ordinal="0" offset="174" sl="31" sc="0" el="31" ec="0" bec="0" bev="0" fileid="32" />
                <SequencePoint vc="0" uspid="2577" ordinal="0" offset="186" sl="32" sc="0" el="32" ec="0" bec="0" bev="0" fileid="32" />
                <SequencePoint vc="0" uspid="2578" ordinal="0" offset="202" sl="33" sc="0" el="33" ec="0" bec="0" bev="0" fileid="32" />
              </SequencePoints>
              <BranchPoints />
            </Method>
          </Methods>
        </Class>
        <Class>
          <Summary numSequencePoints="8" visitedSequencePoints="0" numBranchPoints="0" visitedBranchPoints="0" sequenceCoverage="0.0" branchCoverage="0.0" maxCyclomaticComplexity="0" minCyclomaticComplexity="0" maxCrapScore="0" minCrapScore="0" visitedClasses="0" numClasses="1" visitedMethods="0" numMethods="1" />
          <FullName>DifficultySceneTests/&lt;난이도_3으로_설정하고_게임씬으로_이동&gt;d__3</FullName>
          <Methods>
            <Method visited="false" cyclomaticComplexity="0" nPathComplexity="0" sequenceCoverage="0.0" branchCoverage="0" crapScore="0" isConstructor="false" isStatic="false" isGetter="false" isSetter="false">
              <Summary numSequencePoints="8" visitedSequencePoints="0" numBranchPoints="0" visitedBranchPoints="0" sequenceCoverage="0.0" branchCoverage="0" maxCyclomaticComplexity="0" minCyclomaticComplexity="0" maxCrapScore="0" minCrapScore="0" visitedClasses="0" numClasses="0" visitedMethods="0" numMethods="1" />
              <MetadataToken>100663313</MetadataToken>
              <Name>System.Boolean DifficultySceneTests/&lt;난이도_3으로_설정하고_게임씬으로_이동&gt;d__3::MoveNext()</Name>
              <FileRef uid="30" />
              <SequencePoints>
                <SequencePoint vc="0" uspid="2579" ordinal="0" offset="31" sl="29" sc="0" el="29" ec="0" bec="0" bev="0" fileid="30" />
                <SequencePoint vc="0" uspid="2580" ordinal="0" offset="32" sl="31" sc="0" el="31" ec="0" bec="0" bev="0" fileid="30" />
                <SequencePoint vc="0" uspid="2581" ordinal="0" offset="51" sl="34" sc="0" el="34" ec="0" bec="0" bev="0" fileid="30" />
                <SequencePoint vc="0" uspid="2582" ordinal="0" offset="79" sl="37" sc="0" el="37" ec="0" bec="0" bev="0" fileid="30" />
                <SequencePoint vc="0" uspid="2583" ordinal="0" offset="111" sl="38" sc="0" el="38" ec="0" bec="0" bev="0" fileid="30" />
                <SequencePoint vc="0" uspid="2584" ordinal="0" offset="136" sl="41" sc="0" el="41" ec="0" bec="0" bev="0" fileid="30" />
                <SequencePoint vc="0" uspid="2585" ordinal="0" offset="163" sl="44" sc="0" el="44" ec="0" bec="0" bev="0" fileid="30" />
                <SequencePoint vc="0" uspid="2586" ordinal="0" offset="197" sl="45" sc="0" el="45" ec="0" bec="0" bev="0" fileid="30" />
              </SequencePoints>
              <BranchPoints />
            </Method>
          </Methods>
        </Class>
        <Class>
          <Summary numSequencePoints="9" visitedSequencePoints="0" numBranchPoints="0" visitedBranchPoints="0" sequenceCoverage="0.0" branchCoverage="0.0" maxCyclomaticComplexity="0" minCyclomaticComplexity="0" maxCrapScore="0" minCrapScore="0" visitedClasses="0" numClasses="1" visitedMethods="0" numMethods="1" />
          <FullName>MainSceneTests/&lt;아무키나_누르면_난이도_선택씬으로_넘어감&gt;d__2</FullName>
          <Methods>
            <Method visited="false" cyclomaticComplexity="0" nPathComplexity="0" sequenceCoverage="0.0" branchCoverage="0" crapScore="0" isConstructor="false" isStatic="false" isGetter="false" isSetter="false">
              <Summary numSequencePoints="9" visitedSequencePoints="0" numBranchPoints="0" visitedBranchPoints="0" sequenceCoverage="0.0" branchCoverage="0" maxCyclomaticComplexity="0" minCyclomaticComplexity="0" maxCrapScore="0" minCrapScore="0" visitedClasses="0" numClasses="0" visitedMethods="0" numMethods="1" />
              <MetadataToken>100663319</MetadataToken>
              <Name>System.Boolean MainSceneTests/&lt;아무키나_누르면_난이도_선택씬으로_넘어감&gt;d__2::MoveNext()</Name>
              <FileRef uid="31" />
              <SequencePoints>
                <SequencePoint vc="0" uspid="2587" ordinal="0" offset="51" sl="22" sc="0" el="22" ec="0" bec="0" bev="0" fileid="31" />
                <SequencePoint vc="0" uspid="2588" ordinal="0" offset="52" sl="24" sc="0" el="24" ec="0" bec="0" bev="0" fileid="31" />
                <SequencePoint vc="0" uspid="2589" ordinal="0" offset="71" sl="27" sc="0" el="27" ec="0" bec="0" bev="0" fileid="31" />
                <SequencePoint vc="0" uspid="2590" ordinal="0" offset="103" sl="28" sc="0" el="28" ec="0" bec="0" bev="0" fileid="31" />
                <SequencePoint vc="0" uspid="2591" ordinal="0" offset="120" sl="31" sc="0" el="31" ec="0" bec="0" bev="0" fileid="31" />
                <SequencePoint vc="0" uspid="2592" ordinal="0" offset="152" sl="32" sc="0" el="32" ec="0" bec="0" bev="0" fileid="31" />
                <SequencePoint vc="0" uspid="2593" ordinal="0" offset="177" sl="35" sc="0" el="35" ec="0" bec="0" bev="0" fileid="31" />
                <SequencePoint vc="0" uspid="2594" ordinal="0" offset="209" sl="36" sc="0" el="36" ec="0" bec="0" bev="0" fileid="31" />
                <SequencePoint vc="0" uspid="2595" ordinal="0" offset="233" sl="37" sc="0" el="37" ec="0" bec="0" bev="0" fileid="31" />
              </SequencePoints>
              <BranchPoints />
            </Method>
          </Methods>
        </Class>
        <Class>
          <Summary numSequencePoints="6" visitedSequencePoints="0" numBranchPoints="0" visitedBranchPoints="0" sequenceCoverage="0.0" branchCoverage="0.0" maxCyclomaticComplexity="0" minCyclomaticComplexity="0" maxCrapScore="0" minCrapScore="0" visitedClasses="0" numClasses="1" visitedMethods="0" numMethods="1" />
          <FullName>RoundSystemTests/&lt;라운드1_이후에_라운드2가_시작됨&gt;d__3</FullName>
          <Methods>
            <Method visited="false" cyclomaticComplexity="0" nPathComplexity="0" sequenceCoverage="0.0" branchCoverage="0" crapScore="0" isConstructor="false" isStatic="false" isGetter="false" isSetter="false">
              <Summary numSequencePoints="6" visitedSequencePoints="0" numBranchPoints="0" visitedBranchPoints="0" sequenceCoverage="0.0" branchCoverage="0" maxCyclomaticComplexity="0" minCyclomaticComplexity="0" maxCrapScore="0" minCrapScore="0" visitedClasses="0" numClasses="0" visitedMethods="0" numMethods="1" />
              <MetadataToken>100663325</MetadataToken>
              <Name>System.Boolean RoundSystemTests/&lt;라운드1_이후에_라운드2가_시작됨&gt;d__3::MoveNext()</Name>
              <FileRef uid="32" />
              <SequencePoints>
                <SequencePoint vc="0" uspid="2596" ordinal="0" offset="31" sl="45" sc="0" el="45" ec="0" bec="0" bev="0" fileid="32" />
                <SequencePoint vc="0" uspid="2597" ordinal="0" offset="32" sl="47" sc="0" el="47" ec="0" bec="0" bev="0" fileid="32" />
                <SequencePoint vc="0" uspid="2598" ordinal="0" offset="53" sl="50" sc="0" el="50" ec="0" bec="0" bev="0" fileid="32" />
                <SequencePoint vc="0" uspid="2599" ordinal="0" offset="86" sl="51" sc="0" el="51" ec="0" bec="0" bev="0" fileid="32" />
                <SequencePoint vc="0" uspid="2600" ordinal="0" offset="118" sl="52" sc="0" el="52" ec="0" bec="0" bev="0" fileid="32" />
                <SequencePoint vc="0" uspid="2601" ordinal="0" offset="151" sl="53" sc="0" el="53" ec="0" bec="0" bev="0" fileid="32" />
              </SequencePoints>
              <BranchPoints />
            </Method>
          </Methods>
        </Class>
        <Class>
          <Summary numSequencePoints="4" visitedSequencePoints="0" numBranchPoints="0" visitedBranchPoints="0" sequenceCoverage="0.0" branchCoverage="0.0" maxCyclomaticComplexity="0" minCyclomaticComplexity="0" maxCrapScore="0" minCrapScore="0" visitedClasses="0" numClasses="1" visitedMethods="0" numMethods="1" />
          <FullName>RoundSystemTests/&lt;라운드1_정상적으로_시작됨&gt;d__2</FullName>
          <Methods>
            <Method visited="false" cyclomaticComplexity="0" nPathComplexity="0" sequenceCoverage="0.0" branchCoverage="0" crapScore="0" isConstructor="false" isStatic="false" isGetter="false" isSetter="false">
              <Summary numSequencePoints="4" visitedSequencePoints="0" numBranchPoints="0" visitedBranchPoints="0" sequenceCoverage="0.0" branchCoverage="0" maxCyclomaticComplexity="0" minCyclomaticComplexity="0" maxCrapScore="0" minCrapScore="0" visitedClasses="0" numClasses="0" visitedMethods="0" numMethods="1" />
              <MetadataToken>100663331</MetadataToken>
              <Name>System.Boolean RoundSystemTests/&lt;라운드1_정상적으로_시작됨&gt;d__2::MoveNext()</Name>
              <FileRef uid="32" />
              <SequencePoints>
                <SequencePoint vc="0" uspid="2602" ordinal="0" offset="31" sl="37" sc="0" el="37" ec="0" bec="0" bev="0" fileid="32" />
                <SequencePoint vc="0" uspid="2603" ordinal="0" offset="32" sl="39" sc="0" el="39" ec="0" bec="0" bev="0" fileid="32" />
                <SequencePoint vc="0" uspid="2604" ordinal="0" offset="64" sl="40" sc="0" el="40" ec="0" bec="0" bev="0" fileid="32" />
                <SequencePoint vc="0" uspid="2605" ordinal="0" offset="97" sl="41" sc="0" el="41" ec="0" bec="0" bev="0" fileid="32" />
              </SequencePoints>
              <BranchPoints />
            </Method>
          </Methods>
        </Class>
        <Class>
          <Summary numSequencePoints="7" visitedSequencePoints="0" numBranchPoints="0" visitedBranchPoints="0" sequenceCoverage="0.0" branchCoverage="0.0" maxCyclomaticComplexity="0" minCyclomaticComplexity="0" maxCrapScore="0" minCrapScore="0" visitedClasses="0" numClasses="1" visitedMethods="0" numMethods="1" />
          <FullName>RoundSystemTests/&lt;라운드2_이후에_라운드3가_시작됨&gt;d__4</FullName>
          <Methods>
            <Method visited="false" cyclomaticComplexity="0" nPathComplexity="0" sequenceCoverage="0.0" branchCoverage="0" crapScore="0" isConstructor="false" isStatic="false" isGetter="false" isSetter="false">
              <Summary numSequencePoints="7" visitedSequencePoints="0" numBranchPoints="0" visitedBranchPoints="0" sequenceCoverage="0.0" branchCoverage="0" maxCyclomaticComplexity="0" minCyclomaticComplexity="0" maxCrapScore="0" minCrapScore="0" visitedClasses="0" numClasses="0" visitedMethods="0" numMethods="1" />
              <MetadataToken>100663337</MetadataToken>
              <Name>System.Boolean RoundSystemTests/&lt;라운드2_이후에_라운드3가_시작됨&gt;d__4::MoveNext()</Name>
              <FileRef uid="32" />
              <SequencePoints>
                <SequencePoint vc="0" uspid="2606" ordinal="0" offset="34" sl="57" sc="0" el="57" ec="0" bec="0" bev="0" fileid="32" />
                <SequencePoint vc="0" uspid="2607" ordinal="0" offset="35" sl="59" sc="0" el="59" ec="0" bec="0" bev="0" fileid="32" />
                <SequencePoint vc="0" uspid="2608" ordinal="0" offset="57" sl="62" sc="0" el="62" ec="0" bec="0" bev="0" fileid="32" />
                <SequencePoint vc="0" uspid="2609" ordinal="0" offset="78" sl="65" sc="0" el="65" ec="0" bec="0" bev="0" fileid="32" />
                <SequencePoint vc="0" uspid="2610" ordinal="0" offset="111" sl="66" sc="0" el="66" ec="0" bec="0" bev="0" fileid="32" />
                <SequencePoint vc="0" uspid="2611" ordinal="0" offset="144" sl="68" sc="0" el="68" ec="0" bec="0" bev="0" fileid="32" />
                <SequencePoint vc="0" uspid="2612" ordinal="0" offset="167" sl="69" sc="0" el="69" ec="0" bec="0" bev="0" fileid="32" />
              </SequencePoints>
              <BranchPoints />
            </Method>
          </Methods>
        </Class>
        <Class>
          <Summary numSequencePoints="9" visitedSequencePoints="0" numBranchPoints="0" visitedBranchPoints="0" sequenceCoverage="0.0" branchCoverage="0.0" maxCyclomaticComplexity="0" minCyclomaticComplexity="0" maxCrapScore="0" minCrapScore="0" visitedClasses="0" numClasses="1" visitedMethods="0" numMethods="1" />
          <FullName>RoundSystemTests/&lt;라운드3_종료_및_클리어_화면_전환_확인&gt;d__5</FullName>
          <Methods>
            <Method visited="false" cyclomaticComplexity="0" nPathComplexity="0" sequenceCoverage="0.0" branchCoverage="0" crapScore="0" isConstructor="false" isStatic="false" isGetter="false" isSetter="false">
              <Summary numSequencePoints="9" visitedSequencePoints="0" numBranchPoints="0" visitedBranchPoints="0" sequenceCoverage="0.0" branchCoverage="0" maxCyclomaticComplexity="0" minCyclomaticComplexity="0" maxCrapScore="0" minCrapScore="0" visitedClasses="0" numClasses="0" visitedMethods="0" numMethods="1" />
              <MetadataToken>100663343</MetadataToken>
              <Name>System.Boolean RoundSystemTests/&lt;라운드3_종료_및_클리어_화면_전환_확인&gt;d__5::MoveNext()</Name>
              <FileRef uid="32" />
              <SequencePoints>
                <SequencePoint vc="0" uspid="2613" ordinal="0" offset="45" sl="73" sc="0" el="73" ec="0" bec="0" bev="0" fileid="32" />
                <SequencePoint vc="0" uspid="2614" ordinal="0" offset="46" sl="75" sc="0" el="75" ec="0" bec="0" bev="0" fileid="32" />
                <SequencePoint vc="0" uspid="2615" ordinal="0" offset="68" sl="78" sc="0" el="78" ec="0" bec="0" bev="0" fileid="32" />
                <SequencePoint vc="0" uspid="2616" ordinal="0" offset="89" sl="81" sc="0" el="81" ec="0" bec="0" bev="0" fileid="32" />
                <SequencePoint vc="0" uspid="2617" ordinal="0" offset="122" sl="84" sc="0" el="84" ec="0" bec="0" bev="0" fileid="32" />
                <SequencePoint vc="0" uspid="2618" ordinal="0" offset="154" sl="85" sc="0" el="85" ec="0" bec="0" bev="0" fileid="32" />
                <SequencePoint vc="0" uspid="2619" ordinal="0" offset="186" sl="88" sc="0" el="88" ec="0" bec="0" bev="0" fileid="32" />
                <SequencePoint vc="0" uspid="2620" ordinal="0" offset="218" sl="89" sc="0" el="89" ec="0" bec="0" bev="0" fileid="32" />
                <SequencePoint vc="0" uspid="2621" ordinal="0" offset="242" sl="90" sc="0" el="90" ec="0" bec="0" bev="0" fileid="32" />
              </SequencePoints>
              <BranchPoints />
            </Method>
          </Methods>
        </Class>
      </Classes>
    </Module>
  </Modules>
</CoverageSession>