<?xml version="1.0" encoding="utf-8"?>
<CoverageSession xmlns:xsd="http://www.w3.org/2001/XMLSchema" xmlns:xsi="http://www.w3.org/2001/XMLSchema-instance" Version="0.0.0.0">
  <Summary numSequencePoints="195" visitedSequencePoints="166" numBranchPoints="0" visitedBranchPoints="0" sequenceCoverage="85.13" branchCoverage="0.0" maxCyclomaticComplexity="0" minCyclomaticComplexity="0" maxCrapScore="0" minCrapScore="0" visitedClasses="13" numClasses="13" visitedMethods="33" numMethods="33" />
  <Modules>
    <Module>
      <Summary numSequencePoints="182" visitedSequencePoints="153" numBranchPoints="0" visitedBranchPoints="0" sequenceCoverage="84.07" branchCoverage="0.0" maxCyclomaticComplexity="0" minCyclomaticComplexity="0" maxCrapScore="0" minCrapScore="0" visitedClasses="11" numClasses="11" visitedMethods="31" numMethods="31" />
      <ModuleTime>0001-01-01T00:00:00</ModuleTime>
      <ModuleName>Scenes</ModuleName>
      <Files>
        <File uid="5" fullPath="C:/Users/limkt/Desktop/S11P12E204/game/Assets/Scripts/Game/BaseRound.cs" />
        <File uid="6" fullPath="C:/Users/limkt/Desktop/S11P12E204/game/Assets/Scripts/Game/GameRound.cs" />
        <File uid="7" fullPath="C:/Users/limkt/Desktop/S11P12E204/game/Assets/Scripts/Game/GameScore.cs" />
        <File uid="8" fullPath="C:/Users/limkt/Desktop/S11P12E204/game/Assets/Scripts/Managers/CoroutineManager.cs" />
        <File uid="9" fullPath="C:/Users/limkt/Desktop/S11P12E204/game/Assets/Scripts/Managers/ExSceneManager.cs" />
        <File uid="10" fullPath="C:/Users/limkt/Desktop/S11P12E204/game/Assets/Scripts/Managers/Managers.cs" />
        <File uid="11" fullPath="C:/Users/limkt/Desktop/S11P12E204/game/Assets/Scripts/Managers/MapManager.cs" />
        <File uid="12" fullPath="C:/Users/limkt/Desktop/S11P12E204/game/Assets/Scripts/Managers/NetworkManager.cs" />
        <File uid="13" fullPath="C:/Users/limkt/Desktop/S11P12E204/game/Assets/Scripts/Managers/PlayManager.cs" />
        <File uid="14" fullPath="C:/Users/limkt/Desktop/S11P12E204/game/Assets/Scripts/Managers/ResourceManager.cs" />
        <File uid="15" fullPath="C:/Users/limkt/Desktop/S11P12E204/game/Assets/Scripts/Managers/SoundManager.cs" />
        <File uid="16" fullPath="C:/Users/limkt/Desktop/S11P12E204/game/Assets/Scripts/Player/PlayerController.cs" />
        <File uid="17" fullPath="C:/Users/limkt/Desktop/S11P12E204/game/Assets/Scripts/Player/PlayerMovement.cs" />
        <File uid="18" fullPath="C:/Users/limkt/Desktop/S11P12E204/game/Assets/Scripts/Player/PlayerTrigger.cs" />
        <File uid="19" fullPath="C:/Users/limkt/Desktop/S11P12E204/game/Assets/Scripts/Scenes/BaseScene.cs" />
        <File uid="20" fullPath="C:/Users/limkt/Desktop/S11P12E204/game/Assets/Scripts/Scenes/DifficultyScene.cs" />
        <File uid="21" fullPath="C:/Users/limkt/Desktop/S11P12E204/game/Assets/Scripts/Scenes/GameScene.cs" />
        <File uid="22" fullPath="C:/Users/limkt/Desktop/S11P12E204/game/Assets/Scripts/Scenes/MainScene.cs" />
        <File uid="23" fullPath="C:/Users/limkt/Desktop/S11P12E204/game/Assets/Scripts/Scenes/ScoreScene.cs" />
        <File uid="24" fullPath="C:/Users/limkt/Desktop/S11P12E204/game/Assets/Scripts/UI/BlinkText.cs" />
        <File uid="25" fullPath="C:/Users/limkt/Desktop/S11P12E204/game/Assets/Scripts/UI/Button.cs" />
        <File uid="26" fullPath="C:/Users/limkt/Desktop/S11P12E204/game/Assets/Scripts/UI/StopBtn.cs" />
        <File uid="27" fullPath="C:/Users/limkt/Desktop/S11P12E204/game/Assets/Scripts/UI/VolumeController.cs" />
        <File uid="28" fullPath="C:/Users/limkt/Desktop/S11P12E204/game/Assets/Scripts/Walls/WallGenerator.cs" />
        <File uid="29" fullPath="C:/Users/limkt/Desktop/S11P12E204/game/Assets/Scripts/Walls/WallTrigger.cs" />
      </Files>
      <Classes>
        <Class>
          <Summary numSequencePoints="10" visitedSequencePoints="10" numBranchPoints="0" visitedBranchPoints="0" sequenceCoverage="100.0" branchCoverage="0.0" maxCyclomaticComplexity="0" minCyclomaticComplexity="0" maxCrapScore="0" minCrapScore="0" visitedClasses="1" numClasses="1" visitedMethods="2" numMethods="2" />
          <FullName>ExSceneManager</FullName>
          <Methods>
            <Method visited="true" cyclomaticComplexity="0" nPathComplexity="0" sequenceCoverage="100.0" branchCoverage="0" crapScore="0" isConstructor="false" isStatic="false" isGetter="false" isSetter="false">
              <Summary numSequencePoints="6" visitedSequencePoints="6" numBranchPoints="0" visitedBranchPoints="0" sequenceCoverage="100.0" branchCoverage="0" maxCyclomaticComplexity="0" minCyclomaticComplexity="0" maxCrapScore="0" minCrapScore="0" visitedClasses="0" numClasses="0" visitedMethods="1" numMethods="1" />
              <MetadataToken>100663321</MetadataToken>
              <Name>System.Void ExSceneManager::LoadScene(Define/Scene)</Name>
              <FileRef uid="9" />
              <SequencePoints>
                <SequencePoint vc="1" uspid="2033" ordinal="0" offset="0" sl="13" sc="5" el="13" ec="5" bec="0" bev="0" fileid="9" />
                <SequencePoint vc="1" uspid="2034" ordinal="0" offset="1" sl="14" sc="9" el="14" ec="9" bec="0" bev="0" fileid="9" />
                <SequencePoint vc="1" uspid="2035" ordinal="0" offset="12" sl="16" sc="9" el="16" ec="9" bec="0" bev="0" fileid="9" />
                <SequencePoint vc="1" uspid="2036" ordinal="0" offset="23" sl="17" sc="13" el="17" ec="13" bec="0" bev="0" fileid="9" />
                <SequencePoint vc="1" uspid="2037" ordinal="0" offset="40" sl="19" sc="9" el="19" ec="9" bec="0" bev="0" fileid="9" />
                <SequencePoint vc="1" uspid="2038" ordinal="0" offset="53" sl="20" sc="5" el="20" ec="5" bec="0" bev="0" fileid="9" />
              </SequencePoints>
              <BranchPoints />
            </Method>
            <Method visited="true" cyclomaticComplexity="0" nPathComplexity="0" sequenceCoverage="100.0" branchCoverage="0" crapScore="0" isConstructor="false" isStatic="false" isGetter="false" isSetter="false">
              <Summary numSequencePoints="4" visitedSequencePoints="4" numBranchPoints="0" visitedBranchPoints="0" sequenceCoverage="100.0" branchCoverage="0" maxCyclomaticComplexity="0" minCyclomaticComplexity="0" maxCrapScore="0" minCrapScore="0" visitedClasses="0" numClasses="0" visitedMethods="1" numMethods="1" />
              <MetadataToken>100663322</MetadataToken>
              <Name>System.String ExSceneManager::GetSceneName(Define/Scene)</Name>
              <FileRef uid="9" />
              <SequencePoints>
                <SequencePoint vc="1" uspid="2039" ordinal="0" offset="0" sl="24" sc="5" el="24" ec="5" bec="0" bev="0" fileid="9" />
                <SequencePoint vc="1" uspid="2040" ordinal="0" offset="1" sl="25" sc="9" el="25" ec="9" bec="0" bev="0" fileid="9" />
                <SequencePoint vc="1" uspid="2041" ordinal="0" offset="23" sl="26" sc="9" el="26" ec="9" bec="0" bev="0" fileid="9" />
                <SequencePoint vc="1" uspid="2042" ordinal="0" offset="27" sl="27" sc="5" el="27" ec="5" bec="0" bev="0" fileid="9" />
              </SequencePoints>
              <BranchPoints />
            </Method>
          </Methods>
        </Class>
        <Class>
          <Summary numSequencePoints="44" visitedSequencePoints="44" numBranchPoints="0" visitedBranchPoints="0" sequenceCoverage="100.0" branchCoverage="0.0" maxCyclomaticComplexity="0" minCyclomaticComplexity="0" maxCrapScore="0" minCrapScore="0" visitedClasses="1" numClasses="1" visitedMethods="11" numMethods="11" />
          <FullName>Managers</FullName>
          <Methods>
            <Method visited="true" cyclomaticComplexity="0" nPathComplexity="0" sequenceCoverage="100.0" branchCoverage="0" crapScore="0" isConstructor="false" isStatic="true" isGetter="true" isSetter="false">
              <Summary numSequencePoints="4" visitedSequencePoints="4" numBranchPoints="0" visitedBranchPoints="0" sequenceCoverage="100.0" branchCoverage="0" maxCyclomaticComplexity="0" minCyclomaticComplexity="0" maxCrapScore="0" minCrapScore="0" visitedClasses="0" numClasses="0" visitedMethods="1" numMethods="1" />
              <MetadataToken>100663324</MetadataToken>
              <Name>static Managers Managers::get_Instance()</Name>
              <FileRef uid="10" />
              <SequencePoints>
                <SequencePoint vc="5" uspid="2043" ordinal="0" offset="0" sl="8" sc="36" el="8" ec="36" bec="0" bev="0" fileid="10" />
                <SequencePoint vc="5" uspid="2044" ordinal="0" offset="1" sl="8" sc="38" el="8" ec="38" bec="0" bev="0" fileid="10" />
                <SequencePoint vc="5" uspid="2045" ordinal="0" offset="7" sl="8" sc="46" el="8" ec="46" bec="0" bev="0" fileid="10" />
                <SequencePoint vc="5" uspid="2046" ordinal="0" offset="15" sl="8" sc="63" el="8" ec="63" bec="0" bev="0" fileid="10" />
              </SequencePoints>
              <BranchPoints />
            </Method>
            <Method visited="true" cyclomaticComplexity="0" nPathComplexity="0" sequenceCoverage="100.0" branchCoverage="0" crapScore="0" isConstructor="false" isStatic="true" isGetter="false" isSetter="true">
              <Summary numSequencePoints="1" visitedSequencePoints="1" numBranchPoints="0" visitedBranchPoints="0" sequenceCoverage="100.0" branchCoverage="0" maxCyclomaticComplexity="0" minCyclomaticComplexity="0" maxCrapScore="0" minCrapScore="0" visitedClasses="0" numClasses="0" visitedMethods="1" numMethods="1" />
              <MetadataToken>100663326</MetadataToken>
              <Name>static System.Void Managers::set_Map(MapManager)</Name>
              <FileRef uid="10" />
              <SequencePoints>
                <SequencePoint vc="1" uspid="2048" ordinal="0" offset="0" sl="20" sc="41" el="20" ec="41" bec="0" bev="0" fileid="10" />
              </SequencePoints>
              <BranchPoints />
            </Method>
            <Method visited="true" cyclomaticComplexity="0" nPathComplexity="0" sequenceCoverage="100.0" branchCoverage="0" crapScore="0" isConstructor="false" isStatic="true" isGetter="false" isSetter="true">
              <Summary numSequencePoints="1" visitedSequencePoints="1" numBranchPoints="0" visitedBranchPoints="0" sequenceCoverage="100.0" branchCoverage="0" maxCyclomaticComplexity="0" minCyclomaticComplexity="0" maxCrapScore="0" minCrapScore="0" visitedClasses="0" numClasses="0" visitedMethods="1" numMethods="1" />
              <MetadataToken>100663328</MetadataToken>
              <Name>static System.Void Managers::set_Network(NetworkManager)</Name>
              <FileRef uid="10" />
              <SequencePoints>
                <SequencePoint vc="1" uspid="2050" ordinal="0" offset="0" sl="21" sc="49" el="21" ec="49" bec="0" bev="0" fileid="10" />
              </SequencePoints>
              <BranchPoints />
            </Method>
            <Method visited="true" cyclomaticComplexity="0" nPathComplexity="0" sequenceCoverage="100.0" branchCoverage="0" crapScore="0" isConstructor="false" isStatic="true" isGetter="true" isSetter="false">
              <Summary numSequencePoints="1" visitedSequencePoints="1" numBranchPoints="0" visitedBranchPoints="0" sequenceCoverage="100.0" branchCoverage="0" maxCyclomaticComplexity="0" minCyclomaticComplexity="0" maxCrapScore="0" minCrapScore="0" visitedClasses="0" numClasses="0" visitedMethods="1" numMethods="1" />
              <MetadataToken>100663329</MetadataToken>
              <Name>static CoroutineManager Managers::get_Coroutine()</Name>
              <FileRef uid="10" />
              <SequencePoints>
                <SequencePoint vc="1" uspid="2051" ordinal="0" offset="0" sl="22" sc="48" el="22" ec="48" bec="0" bev="0" fileid="10" />
              </SequencePoints>
              <BranchPoints />
            </Method>
            <Method visited="true" cyclomaticComplexity="0" nPathComplexity="0" sequenceCoverage="100.0" branchCoverage="0" crapScore="0" isConstructor="false" isStatic="true" isGetter="false" isSetter="true">
              <Summary numSequencePoints="1" visitedSequencePoints="1" numBranchPoints="0" visitedBranchPoints="0" sequenceCoverage="100.0" branchCoverage="0" maxCyclomaticComplexity="0" minCyclomaticComplexity="0" maxCrapScore="0" minCrapScore="0" visitedClasses="0" numClasses="0" visitedMethods="1" numMethods="1" />
              <MetadataToken>100663330</MetadataToken>
              <Name>static System.Void Managers::set_Coroutine(CoroutineManager)</Name>
              <FileRef uid="10" />
              <SequencePoints>
                <SequencePoint vc="1" uspid="2052" ordinal="0" offset="0" sl="22" sc="53" el="22" ec="53" bec="0" bev="0" fileid="10" />
              </SequencePoints>
              <BranchPoints />
            </Method>
            <Method visited="true" cyclomaticComplexity="0" nPathComplexity="0" sequenceCoverage="100.0" branchCoverage="0" crapScore="0" isConstructor="false" isStatic="true" isGetter="true" isSetter="false">
              <Summary numSequencePoints="3" visitedSequencePoints="3" numBranchPoints="0" visitedBranchPoints="0" sequenceCoverage="100.0" branchCoverage="0" maxCyclomaticComplexity="0" minCyclomaticComplexity="0" maxCrapScore="0" minCrapScore="0" visitedClasses="0" numClasses="0" visitedMethods="1" numMethods="1" />
              <MetadataToken>100663332</MetadataToken>
              <Name>static SoundManager Managers::get_Sound()</Name>
              <FileRef uid="10" />
              <SequencePoints>
                <SequencePoint vc="2" uspid="2056" ordinal="0" offset="0" sl="24" sc="44" el="24" ec="44" bec="0" bev="0" fileid="10" />
                <SequencePoint vc="2" uspid="2057" ordinal="0" offset="1" sl="24" sc="46" el="24" ec="46" bec="0" bev="0" fileid="10" />
                <SequencePoint vc="2" uspid="2058" ordinal="0" offset="14" sl="24" sc="70" el="24" ec="70" bec="0" bev="0" fileid="10" />
              </SequencePoints>
              <BranchPoints />
            </Method>
            <Method visited="true" cyclomaticComplexity="0" nPathComplexity="0" sequenceCoverage="100.0" branchCoverage="0" crapScore="0" isConstructor="false" isStatic="true" isGetter="true" isSetter="false">
              <Summary numSequencePoints="3" visitedSequencePoints="3" numBranchPoints="0" visitedBranchPoints="0" sequenceCoverage="100.0" branchCoverage="0" maxCyclomaticComplexity="0" minCyclomaticComplexity="0" maxCrapScore="0" minCrapScore="0" visitedClasses="0" numClasses="0" visitedMethods="1" numMethods="1" />
              <MetadataToken>100663333</MetadataToken>
              <Name>static ExSceneManager Managers::get_Scene()</Name>
              <FileRef uid="10" />
              <SequencePoints>
                <SequencePoint vc="1" uspid="2059" ordinal="0" offset="0" sl="25" sc="46" el="25" ec="46" bec="0" bev="0" fileid="10" />
                <SequencePoint vc="1" uspid="2060" ordinal="0" offset="1" sl="25" sc="48" el="25" ec="48" bec="0" bev="0" fileid="10" />
                <SequencePoint vc="1" uspid="2061" ordinal="0" offset="14" sl="25" sc="72" el="25" ec="72" bec="0" bev="0" fileid="10" />
              </SequencePoints>
              <BranchPoints />
            </Method>
            <Method visited="true" cyclomaticComplexity="0" nPathComplexity="0" sequenceCoverage="100.0" branchCoverage="0" crapScore="0" isConstructor="false" isStatic="true" isGetter="true" isSetter="false">
              <Summary numSequencePoints="3" visitedSequencePoints="3" numBranchPoints="0" visitedBranchPoints="0" sequenceCoverage="100.0" branchCoverage="0" maxCyclomaticComplexity="0" minCyclomaticComplexity="0" maxCrapScore="0" minCrapScore="0" visitedClasses="0" numClasses="0" visitedMethods="1" numMethods="1" />
              <MetadataToken>100663334</MetadataToken>
              <Name>static ResourceManager Managers::get_Resource()</Name>
              <FileRef uid="10" />
              <SequencePoints>
                <SequencePoint vc="2" uspid="2062" ordinal="0" offset="0" sl="26" sc="50" el="26" ec="50" bec="0" bev="0" fileid="10" />
                <SequencePoint vc="2" uspid="2063" ordinal="0" offset="1" sl="26" sc="52" el="26" ec="52" bec="0" bev="0" fileid="10" />
                <SequencePoint vc="2" uspid="2064" ordinal="0" offset="14" sl="26" sc="79" el="26" ec="79" bec="0" bev="0" fileid="10" />
              </SequencePoints>
              <BranchPoints />
            </Method>
            <Method visited="true" cyclomaticComplexity="0" nPathComplexity="0" sequenceCoverage="100.0" branchCoverage="0" crapScore="0" isConstructor="false" isStatic="false" isGetter="false" isSetter="false">
              <Summary numSequencePoints="3" visitedSequencePoints="3" numBranchPoints="0" visitedBranchPoints="0" sequenceCoverage="100.0" branchCoverage="0" maxCyclomaticComplexity="0" minCyclomaticComplexity="0" maxCrapScore="0" minCrapScore="0" visitedClasses="0" numClasses="0" visitedMethods="1" numMethods="1" />
              <MetadataToken>100663335</MetadataToken>
              <Name>System.Void Managers::Start()</Name>
              <FileRef uid="10" />
              <SequencePoints>
                <SequencePoint vc="1" uspid="2065" ordinal="0" offset="0" sl="30" sc="5" el="30" ec="5" bec="0" bev="0" fileid="10" />
                <SequencePoint vc="1" uspid="2066" ordinal="0" offset="1" sl="31" sc="9" el="31" ec="9" bec="0" bev="0" fileid="10" />
                <SequencePoint vc="1" uspid="2067" ordinal="0" offset="7" sl="32" sc="5" el="32" ec="5" bec="0" bev="0" fileid="10" />
              </SequencePoints>
              <BranchPoints />
            </Method>
            <Method visited="true" cyclomaticComplexity="0" nPathComplexity="0" sequenceCoverage="100.0" branchCoverage="0" crapScore="0" isConstructor="false" isStatic="true" isGetter="false" isSetter="false">
              <Summary numSequencePoints="20" visitedSequencePoints="20" numBranchPoints="0" visitedBranchPoints="0" sequenceCoverage="100.0" branchCoverage="0" maxCyclomaticComplexity="0" minCyclomaticComplexity="0" maxCrapScore="0" minCrapScore="0" visitedClasses="0" numClasses="0" visitedMethods="1" numMethods="1" />
              <MetadataToken>100663336</MetadataToken>
              <Name>static System.Void Managers::Init()</Name>
              <FileRef uid="10" />
              <SequencePoints>
                <SequencePoint vc="6" uspid="2068" ordinal="0" offset="0" sl="36" sc="5" el="36" ec="5" bec="0" bev="0" fileid="10" />
                <SequencePoint vc="6" uspid="2069" ordinal="0" offset="1" sl="37" sc="9" el="37" ec="9" bec="0" bev="0" fileid="10" />
                <SequencePoint vc="1" uspid="2070" ordinal="0" offset="19" sl="38" sc="9" el="38" ec="9" bec="0" bev="0" fileid="10" />
                <SequencePoint vc="1" uspid="2071" ordinal="0" offset="20" sl="40" sc="13" el="40" ec="13" bec="0" bev="0" fileid="10" />
                <SequencePoint vc="1" uspid="2072" ordinal="0" offset="31" sl="43" sc="13" el="43" ec="13" bec="0" bev="0" fileid="10" />
                <SequencePoint vc="1" uspid="2073" ordinal="0" offset="42" sl="44" sc="13" el="44" ec="13" bec="0" bev="0" fileid="10" />
                <SequencePoint vc="1" uspid="2074" ordinal="0" offset="43" sl="45" sc="17" el="45" ec="17" bec="0" bev="0" fileid="10" />
                <SequencePoint vc="1" uspid="2075" ordinal="0" offset="61" sl="46" sc="13" el="46" ec="13" bec="0" bev="0" fileid="10" />
                <SequencePoint vc="1" uspid="2076" ordinal="0" offset="62" sl="49" sc="13" el="49" ec="13" bec="0" bev="0" fileid="10" />
                <SequencePoint vc="1" uspid="2077" ordinal="0" offset="78" sl="50" sc="13" el="50" ec="13" bec="0" bev="0" fileid="10" />
                <SequencePoint vc="1" uspid="2078" ordinal="0" offset="79" sl="51" sc="17" el="51" ec="17" bec="0" bev="0" fileid="10" />
                <SequencePoint vc="1" uspid="2079" ordinal="0" offset="86" sl="52" sc="17" el="52" ec="17" bec="0" bev="0" fileid="10" />
                <SequencePoint vc="1" uspid="2080" ordinal="0" offset="98" sl="53" sc="17" el="53" ec="17" bec="0" bev="0" fileid="10" />
                <SequencePoint vc="1" uspid="2081" ordinal="0" offset="110" sl="54" sc="17" el="54" ec="17" bec="0" bev="0" fileid="10" />
                <SequencePoint vc="1" uspid="2082" ordinal="0" offset="122" sl="55" sc="13" el="55" ec="13" bec="0" bev="0" fileid="10" />
                <SequencePoint vc="1" uspid="2083" ordinal="0" offset="123" sl="58" sc="13" el="58" ec="13" bec="0" bev="0" fileid="10" />
                <SequencePoint vc="1" uspid="2084" ordinal="0" offset="130" sl="59" sc="13" el="59" ec="13" bec="0" bev="0" fileid="10" />
                <SequencePoint vc="1" uspid="2085" ordinal="0" offset="141" sl="61" sc="13" el="61" ec="13" bec="0" bev="0" fileid="10" />
                <SequencePoint vc="1" uspid="2086" ordinal="0" offset="157" sl="62" sc="9" el="62" ec="9" bec="0" bev="0" fileid="10" />
                <SequencePoint vc="6" uspid="2087" ordinal="0" offset="158" sl="63" sc="5" el="63" ec="5" bec="0" bev="0" fileid="10" />
              </SequencePoints>
              <BranchPoints />
            </Method>
            <Method visited="true" cyclomaticComplexity="0" nPathComplexity="0" sequenceCoverage="100.0" branchCoverage="0" crapScore="0" isConstructor="true" isStatic="false" isGetter="false" isSetter="false">
              <Summary numSequencePoints="4" visitedSequencePoints="4" numBranchPoints="0" visitedBranchPoints="0" sequenceCoverage="100.0" branchCoverage="0" maxCyclomaticComplexity="0" minCyclomaticComplexity="0" maxCrapScore="0" minCrapScore="0" visitedClasses="0" numClasses="0" visitedMethods="1" numMethods="1" />
              <MetadataToken>100663337</MetadataToken>
              <Name>Managers::Managers()</Name>
              <FileRef uid="10" />
              <SequencePoints>
                <SequencePoint vc="1" uspid="2088" ordinal="0" offset="0" sl="14" sc="5" el="14" ec="5" bec="0" bev="0" fileid="10" />
                <SequencePoint vc="1" uspid="2089" ordinal="0" offset="11" sl="15" sc="5" el="15" ec="5" bec="0" bev="0" fileid="10" />
                <SequencePoint vc="1" uspid="2090" ordinal="0" offset="22" sl="16" sc="5" el="16" ec="5" bec="0" bev="0" fileid="10" />
                <SequencePoint vc="1" uspid="2091" ordinal="0" offset="33" sl="17" sc="5" el="17" ec="5" bec="0" bev="0" fileid="10" />
              </SequencePoints>
              <BranchPoints />
            </Method>
          </Methods>
        </Class>
        <Class>
          <Summary numSequencePoints="4" visitedSequencePoints="4" numBranchPoints="0" visitedBranchPoints="0" sequenceCoverage="100.0" branchCoverage="0.0" maxCyclomaticComplexity="0" minCyclomaticComplexity="0" maxCrapScore="0" minCrapScore="0" visitedClasses="1" numClasses="1" visitedMethods="2" numMethods="2" />
          <FullName>NetworkManager</FullName>
          <Methods>
            <Method visited="true" cyclomaticComplexity="0" nPathComplexity="0" sequenceCoverage="100.0" branchCoverage="0" crapScore="0" isConstructor="false" isStatic="false" isGetter="false" isSetter="false">
              <Summary numSequencePoints="3" visitedSequencePoints="3" numBranchPoints="0" visitedBranchPoints="0" sequenceCoverage="100.0" branchCoverage="0" maxCyclomaticComplexity="0" minCyclomaticComplexity="0" maxCrapScore="0" minCrapScore="0" visitedClasses="0" numClasses="0" visitedMethods="1" numMethods="1" />
              <MetadataToken>100663342</MetadataToken>
              <Name>System.Void NetworkManager::Awake()</Name>
              <FileRef uid="12" />
              <SequencePoints>
                <SequencePoint vc="1" uspid="2099" ordinal="0" offset="0" sl="15" sc="5" el="15" ec="5" bec="0" bev="0" fileid="12" />
                <SequencePoint vc="1" uspid="2100" ordinal="0" offset="1" sl="16" sc="9" el="16" ec="9" bec="0" bev="0" fileid="12" />
                <SequencePoint vc="1" uspid="2101" ordinal="0" offset="8" sl="17" sc="5" el="17" ec="5" bec="0" bev="0" fileid="12" />
              </SequencePoints>
              <BranchPoints />
            </Method>
            <Method visited="true" cyclomaticComplexity="0" nPathComplexity="0" sequenceCoverage="100.0" branchCoverage="0" crapScore="0" isConstructor="true" isStatic="false" isGetter="false" isSetter="false">
              <Summary numSequencePoints="1" visitedSequencePoints="1" numBranchPoints="0" visitedBranchPoints="0" sequenceCoverage="100.0" branchCoverage="0" maxCyclomaticComplexity="0" minCyclomaticComplexity="0" maxCrapScore="0" minCrapScore="0" visitedClasses="0" numClasses="0" visitedMethods="1" numMethods="1" />
              <MetadataToken>100663346</MetadataToken>
              <Name>NetworkManager::NetworkManager()</Name>
              <FileRef uid="12" />
              <SequencePoints>
                <SequencePoint vc="1" uspid="2110" ordinal="0" offset="0" sl="11" sc="5" el="11" ec="5" bec="0" bev="0" fileid="12" />
              </SequencePoints>
              <BranchPoints />
            </Method>
          </Methods>
        </Class>
        <Class>
          <Summary numSequencePoints="1" visitedSequencePoints="1" numBranchPoints="0" visitedBranchPoints="0" sequenceCoverage="100.0" branchCoverage="0.0" maxCyclomaticComplexity="0" minCyclomaticComplexity="0" maxCrapScore="0" minCrapScore="0" visitedClasses="1" numClasses="1" visitedMethods="1" numMethods="1" />
          <FullName>PlayManager</FullName>
          <Methods>
            <Method visited="true" cyclomaticComplexity="0" nPathComplexity="0" sequenceCoverage="100.0" branchCoverage="0" crapScore="0" isConstructor="true" isStatic="false" isGetter="false" isSetter="false">
              <Summary numSequencePoints="1" visitedSequencePoints="1" numBranchPoints="0" visitedBranchPoints="0" sequenceCoverage="100.0" branchCoverage="0" maxCyclomaticComplexity="0" minCyclomaticComplexity="0" maxCrapScore="0" minCrapScore="0" visitedClasses="0" numClasses="0" visitedMethods="1" numMethods="1" />
              <MetadataToken>100663349</MetadataToken>
              <Name>PlayManager::PlayManager()</Name>
              <FileRef uid="13" />
              <SequencePoints>
                <SequencePoint vc="1" uspid="2117" ordinal="0" offset="0" sl="7" sc="5" el="7" ec="5" bec="0" bev="0" fileid="13" />
              </SequencePoints>
              <BranchPoints />
            </Method>
          </Methods>
        </Class>
        <Class>
          <Summary numSequencePoints="24" visitedSequencePoints="5" numBranchPoints="0" visitedBranchPoints="0" sequenceCoverage="20.83" branchCoverage="0.0" maxCyclomaticComplexity="0" minCyclomaticComplexity="0" maxCrapScore="0" minCrapScore="0" visitedClasses="1" numClasses="1" visitedMethods="2" numMethods="2" />
          <FullName>ResourceManager</FullName>
          <Methods>
            <Method visited="true" cyclomaticComplexity="0" nPathComplexity="0" sequenceCoverage="17.39" branchCoverage="0" crapScore="0" isConstructor="false" isStatic="false" isGetter="false" isSetter="false">
              <Summary numSequencePoints="23" visitedSequencePoints="4" numBranchPoints="0" visitedBranchPoints="0" sequenceCoverage="17.39" branchCoverage="0" maxCyclomaticComplexity="0" minCyclomaticComplexity="0" maxCrapScore="0" minCrapScore="0" visitedClasses="0" numClasses="0" visitedMethods="1" numMethods="1" />
              <MetadataToken>100663350</MetadataToken>
              <Name>T ResourceManager::Load[T](System.String)</Name>
              <FileRef uid="14" />
              <SequencePoints>
                <SequencePoint vc="2" uspid="2118" ordinal="0" offset="0" sl="12" sc="0" el="12" ec="0" bec="0" bev="0" fileid="14" />
                <SequencePoint vc="2" uspid="2119" ordinal="0" offset="1" sl="13" sc="0" el="13" ec="0" bec="0" bev="0" fileid="14" />
                <SequencePoint vc="0" uspid="2120" ordinal="0" offset="33" sl="14" sc="0" el="14" ec="0" bec="0" bev="0" fileid="14" />
                <SequencePoint vc="0" uspid="2121" ordinal="0" offset="34" sl="15" sc="0" el="15" ec="0" bec="0" bev="0" fileid="14" />
                <SequencePoint vc="0" uspid="2122" ordinal="0" offset="36" sl="16" sc="0" el="16" ec="0" bec="0" bev="0" fileid="14" />
                <SequencePoint vc="0" uspid="2123" ordinal="0" offset="45" sl="18" sc="0" el="18" ec="0" bec="0" bev="0" fileid="14" />
                <SequencePoint vc="0" uspid="2124" ordinal="0" offset="56" sl="18" sc="0" el="18" ec="0" bec="0" bev="0" fileid="14" />
                <SequencePoint vc="0" uspid="2125" ordinal="0" offset="66" sl="21" sc="0" el="21" ec="0" bec="0" bev="0" fileid="14" />
                <SequencePoint vc="0" uspid="2126" ordinal="0" offset="84" sl="22" sc="0" el="22" ec="0" bec="0" bev="0" fileid="14" />
                <SequencePoint vc="0" uspid="2127" ordinal="0" offset="85" sl="23" sc="0" el="23" ec="0" bec="0" bev="0" fileid="14" />
                <SequencePoint vc="0" uspid="2128" ordinal="0" offset="99" sl="25" sc="0" el="25" ec="0" bec="0" bev="0" fileid="14" />
                <SequencePoint vc="0" uspid="2129" ordinal="0" offset="113" sl="26" sc="0" el="26" ec="0" bec="0" bev="0" fileid="14" />
                <SequencePoint vc="0" uspid="2130" ordinal="0" offset="129" sl="27" sc="0" el="27" ec="0" bec="0" bev="0" fileid="14" />
                <SequencePoint vc="0" uspid="2131" ordinal="0" offset="132" sl="30" sc="0" el="30" ec="0" bec="0" bev="0" fileid="14" />
                <SequencePoint vc="0" uspid="2132" ordinal="0" offset="133" sl="31" sc="0" el="31" ec="0" bec="0" bev="0" fileid="14" />
                <SequencePoint vc="0" uspid="2133" ordinal="0" offset="141" sl="32" sc="0" el="32" ec="0" bec="0" bev="0" fileid="14" />
                <SequencePoint vc="0" uspid="2134" ordinal="0" offset="155" sl="33" sc="0" el="33" ec="0" bec="0" bev="0" fileid="14" />
                <SequencePoint vc="0" uspid="2135" ordinal="0" offset="156" sl="34" sc="0" el="34" ec="0" bec="0" bev="0" fileid="14" />
                <SequencePoint vc="0" uspid="2136" ordinal="0" offset="171" sl="35" sc="0" el="35" ec="0" bec="0" bev="0" fileid="14" />
                <SequencePoint vc="0" uspid="2137" ordinal="0" offset="187" sl="37" sc="0" el="37" ec="0" bec="0" bev="0" fileid="14" />
                <SequencePoint vc="0" uspid="2138" ordinal="0" offset="188" sl="38" sc="0" el="38" ec="0" bec="0" bev="0" fileid="14" />
                <SequencePoint vc="2" uspid="2139" ordinal="0" offset="189" sl="40" sc="0" el="40" ec="0" bec="0" bev="0" fileid="14" />
                <SequencePoint vc="2" uspid="2140" ordinal="0" offset="199" sl="41" sc="0" el="41" ec="0" bec="0" bev="0" fileid="14" />
              </SequencePoints>
              <BranchPoints />
            </Method>
            <Method visited="true" cyclomaticComplexity="0" nPathComplexity="0" sequenceCoverage="100.0" branchCoverage="0" crapScore="0" isConstructor="true" isStatic="false" isGetter="false" isSetter="false">
              <Summary numSequencePoints="1" visitedSequencePoints="1" numBranchPoints="0" visitedBranchPoints="0" sequenceCoverage="100.0" branchCoverage="0" maxCyclomaticComplexity="0" minCyclomaticComplexity="0" maxCrapScore="0" minCrapScore="0" visitedClasses="0" numClasses="0" visitedMethods="1" numMethods="1" />
              <MetadataToken>100663351</MetadataToken>
              <Name>ResourceManager::ResourceManager()</Name>
              <FileRef uid="14" />
              <SequencePoints>
                <SequencePoint vc="1" uspid="2141" ordinal="0" offset="0" sl="8" sc="5" el="8" ec="5" bec="0" bev="0" fileid="14" />
              </SequencePoints>
              <BranchPoints />
            </Method>
          </Methods>
        </Class>
        <Class>
          <Summary numSequencePoints="68" visitedSequencePoints="65" numBranchPoints="0" visitedBranchPoints="0" sequenceCoverage="95.59" branchCoverage="0.0" maxCyclomaticComplexity="0" minCyclomaticComplexity="0" maxCrapScore="0" minCrapScore="0" visitedClasses="1" numClasses="1" visitedMethods="5" numMethods="5" />
          <FullName>SoundManager</FullName>
          <Methods>
            <Method visited="true" cyclomaticComplexity="0" nPathComplexity="0" sequenceCoverage="100.0" branchCoverage="0" crapScore="0" isConstructor="false" isStatic="false" isGetter="false" isSetter="false">
              <Summary numSequencePoints="18" visitedSequencePoints="18" numBranchPoints="0" visitedBranchPoints="0" sequenceCoverage="100.0" branchCoverage="0" maxCyclomaticComplexity="0" minCyclomaticComplexity="0" maxCrapScore="0" minCrapScore="0" visitedClasses="0" numClasses="0" visitedMethods="1" numMethods="1" />
              <MetadataToken>100663354</MetadataToken>
              <Name>System.Void SoundManager::Init()</Name>
              <FileRef uid="15" />
              <SequencePoints>
                <SequencePoint vc="1" uspid="2148" ordinal="0" offset="0" sl="30" sc="5" el="30" ec="5" bec="0" bev="0" fileid="15" />
                <SequencePoint vc="1" uspid="2149" ordinal="0" offset="1" sl="32" sc="9" el="32" ec="9" bec="0" bev="0" fileid="15" />
                <SequencePoint vc="1" uspid="2150" ordinal="0" offset="12" sl="33" sc="9" el="33" ec="9" bec="0" bev="0" fileid="15" />
                <SequencePoint vc="1" uspid="2151" ordinal="0" offset="26" sl="34" sc="9" el="34" ec="9" bec="0" bev="0" fileid="15" />
                <SequencePoint vc="1" uspid="2152" ordinal="0" offset="27" sl="35" sc="13" el="35" ec="13" bec="0" bev="0" fileid="15" />
                <SequencePoint vc="1" uspid="2153" ordinal="0" offset="45" sl="36" sc="13" el="36" ec="13" bec="0" bev="0" fileid="15" />
                <SequencePoint vc="1" uspid="2154" ordinal="0" offset="52" sl="39" sc="13" el="39" ec="13" bec="0" bev="0" fileid="15" />
                <SequencePoint vc="1" uspid="2155" ordinal="0" offset="68" sl="40" sc="18" el="40" ec="18" bec="0" bev="0" fileid="15" />
                <SequencePoint vc="2" uspid="2156" ordinal="0" offset="72" sl="41" sc="13" el="41" ec="13" bec="0" bev="0" fileid="15" />
                <SequencePoint vc="2" uspid="2157" ordinal="0" offset="73" sl="42" sc="17" el="42" ec="17" bec="0" bev="0" fileid="15" />
                <SequencePoint vc="2" uspid="2158" ordinal="0" offset="90" sl="43" sc="17" el="43" ec="17" bec="0" bev="0" fileid="15" />
                <SequencePoint vc="2" uspid="2159" ordinal="0" offset="105" sl="44" sc="17" el="44" ec="17" bec="0" bev="0" fileid="15" />
                <SequencePoint vc="2" uspid="2160" ordinal="0" offset="124" sl="45" sc="13" el="45" ec="13" bec="0" bev="0" fileid="15" />
                <SequencePoint vc="2" uspid="2161" ordinal="0" offset="125" sl="40" sc="56" el="40" ec="56" bec="0" bev="0" fileid="15" />
                <SequencePoint vc="3" uspid="2162" ordinal="0" offset="129" sl="40" sc="29" el="40" ec="29" bec="0" bev="0" fileid="15" />
                <SequencePoint vc="1" uspid="2163" ordinal="0" offset="143" sl="47" sc="13" el="47" ec="13" bec="0" bev="0" fileid="15" />
                <SequencePoint vc="1" uspid="2164" ordinal="0" offset="158" sl="48" sc="9" el="48" ec="9" bec="0" bev="0" fileid="15" />
                <SequencePoint vc="1" uspid="2165" ordinal="0" offset="159" sl="49" sc="5" el="49" ec="5" bec="0" bev="0" fileid="15" />
              </SequencePoints>
              <BranchPoints />
            </Method>
            <Method visited="true" cyclomaticComplexity="0" nPathComplexity="0" sequenceCoverage="87.50" branchCoverage="0" crapScore="0" isConstructor="false" isStatic="false" isGetter="false" isSetter="false">
              <Summary numSequencePoints="8" visitedSequencePoints="7" numBranchPoints="0" visitedBranchPoints="0" sequenceCoverage="87.50" branchCoverage="0" maxCyclomaticComplexity="0" minCyclomaticComplexity="0" maxCrapScore="0" minCrapScore="0" visitedClasses="0" numClasses="0" visitedMethods="1" numMethods="1" />
              <MetadataToken>100663355</MetadataToken>
              <Name>System.Void SoundManager::Play(System.String, Define/Sound)</Name>
              <FileRef uid="15" />
              <SequencePoints>
                <SequencePoint vc="2" uspid="2166" ordinal="0" offset="0" sl="53" sc="5" el="53" ec="5" bec="0" bev="0" fileid="15" />
                <SequencePoint vc="2" uspid="2167" ordinal="0" offset="1" sl="54" sc="9" el="54" ec="9" bec="0" bev="0" fileid="15" />
                <SequencePoint vc="0" uspid="2168" ordinal="0" offset="23" sl="54" sc="63" el="54" ec="63" bec="0" bev="0" fileid="15" />
                <SequencePoint vc="2" uspid="2169" ordinal="0" offset="25" sl="56" sc="9" el="56" ec="9" bec="0" bev="0" fileid="15" />
                <SequencePoint vc="2" uspid="2170" ordinal="0" offset="34" sl="57" sc="9" el="57" ec="9" bec="0" bev="0" fileid="15" />
                <SequencePoint vc="2" uspid="2171" ordinal="0" offset="43" sl="59" sc="9" el="59" ec="9" bec="0" bev="0" fileid="15" />
                <SequencePoint vc="1" uspid="2172" ordinal="0" offset="51" sl="59" sc="39" el="59" ec="39" bec="0" bev="0" fileid="15" />
                <SequencePoint vc="2" uspid="2173" ordinal="0" offset="58" sl="60" sc="5" el="60" ec="5" bec="0" bev="0" fileid="15" />
              </SequencePoints>
              <BranchPoints />
            </Method>
            <Method visited="true" cyclomaticComplexity="0" nPathComplexity="0" sequenceCoverage="94.74" branchCoverage="0" crapScore="0" isConstructor="false" isStatic="false" isGetter="false" isSetter="false">
              <Summary numSequencePoints="19" visitedSequencePoints="18" numBranchPoints="0" visitedBranchPoints="0" sequenceCoverage="94.74" branchCoverage="0" maxCyclomaticComplexity="0" minCyclomaticComplexity="0" maxCrapScore="0" minCrapScore="0" visitedClasses="0" numClasses="0" visitedMethods="1" numMethods="1" />
              <MetadataToken>100663356</MetadataToken>
              <Name>System.Void SoundManager::Play(UnityEngine.AudioClip, Define/Sound)</Name>
              <FileRef uid="15" />
              <SequencePoints>
                <SequencePoint vc="2" uspid="2174" ordinal="0" offset="0" sl="64" sc="5" el="64" ec="5" bec="0" bev="0" fileid="15" />
                <SequencePoint vc="2" uspid="2175" ordinal="0" offset="1" sl="65" sc="9" el="65" ec="9" bec="0" bev="0" fileid="15" />
                <SequencePoint vc="0" uspid="2176" ordinal="0" offset="12" sl="65" sc="32" el="65" ec="32" bec="0" bev="0" fileid="15" />
                <SequencePoint vc="2" uspid="2177" ordinal="0" offset="14" sl="68" sc="9" el="68" ec="9" bec="0" bev="0" fileid="15" />
                <SequencePoint vc="1" uspid="2178" ordinal="0" offset="22" sl="69" sc="9" el="69" ec="9" bec="0" bev="0" fileid="15" />
                <SequencePoint vc="1" uspid="2179" ordinal="0" offset="23" sl="70" sc="13" el="70" ec="13" bec="0" bev="0" fileid="15" />
                <SequencePoint vc="1" uspid="2180" ordinal="0" offset="32" sl="71" sc="13" el="71" ec="13" bec="0" bev="0" fileid="15" />
                <SequencePoint vc="1" uspid="2181" ordinal="0" offset="42" sl="71" sc="40" el="71" ec="40" bec="0" bev="0" fileid="15" />
                <SequencePoint vc="1" uspid="2182" ordinal="0" offset="49" sl="72" sc="13" el="72" ec="13" bec="0" bev="0" fileid="15" />
                <SequencePoint vc="1" uspid="2183" ordinal="0" offset="62" sl="73" sc="13" el="73" ec="13" bec="0" bev="0" fileid="15" />
                <SequencePoint vc="1" uspid="2184" ordinal="0" offset="70" sl="74" sc="13" el="74" ec="13" bec="0" bev="0" fileid="15" />
                <SequencePoint vc="1" uspid="2185" ordinal="0" offset="77" sl="75" sc="13" el="75" ec="13" bec="0" bev="0" fileid="15" />
                <SequencePoint vc="1" uspid="2186" ordinal="0" offset="84" sl="76" sc="9" el="76" ec="9" bec="0" bev="0" fileid="15" />
                <SequencePoint vc="1" uspid="2187" ordinal="0" offset="87" sl="79" sc="9" el="79" ec="9" bec="0" bev="0" fileid="15" />
                <SequencePoint vc="1" uspid="2188" ordinal="0" offset="88" sl="80" sc="13" el="80" ec="13" bec="0" bev="0" fileid="15" />
                <SequencePoint vc="1" uspid="2189" ordinal="0" offset="98" sl="81" sc="13" el="81" ec="13" bec="0" bev="0" fileid="15" />
                <SequencePoint vc="1" uspid="2190" ordinal="0" offset="112" sl="82" sc="13" el="82" ec="13" bec="0" bev="0" fileid="15" />
                <SequencePoint vc="1" uspid="2191" ordinal="0" offset="121" sl="83" sc="9" el="83" ec="9" bec="0" bev="0" fileid="15" />
                <SequencePoint vc="2" uspid="2192" ordinal="0" offset="122" sl="84" sc="5" el="84" ec="5" bec="0" bev="0" fileid="15" />
              </SequencePoints>
              <BranchPoints />
            </Method>
            <Method visited="true" cyclomaticComplexity="0" nPathComplexity="0" sequenceCoverage="94.44" branchCoverage="0" crapScore="0" isConstructor="false" isStatic="false" isGetter="false" isSetter="false">
              <Summary numSequencePoints="18" visitedSequencePoints="17" numBranchPoints="0" visitedBranchPoints="0" sequenceCoverage="94.44" branchCoverage="0" maxCyclomaticComplexity="0" minCyclomaticComplexity="0" maxCrapScore="0" minCrapScore="0" visitedClasses="0" numClasses="0" visitedMethods="1" numMethods="1" />
              <MetadataToken>100663358</MetadataToken>
              <Name>UnityEngine.AudioClip SoundManager::GetOrAddAudioClip(System.String, Define/Sound)</Name>
              <FileRef uid="15" />
              <SequencePoints>
                <SequencePoint vc="2" uspid="2204" ordinal="0" offset="0" sl="99" sc="5" el="99" ec="5" bec="0" bev="0" fileid="15" />
                <SequencePoint vc="2" uspid="2205" ordinal="0" offset="1" sl="100" sc="9" el="100" ec="9" bec="0" bev="0" fileid="15" />
                <SequencePoint vc="2" uspid="2206" ordinal="0" offset="19" sl="100" sc="48" el="100" ec="48" bec="0" bev="0" fileid="15" />
                <SequencePoint vc="2" uspid="2207" ordinal="0" offset="32" sl="105" sc="9" el="105" ec="9" bec="0" bev="0" fileid="15" />
                <SequencePoint vc="1" uspid="2208" ordinal="0" offset="40" sl="106" sc="9" el="106" ec="9" bec="0" bev="0" fileid="15" />
                <SequencePoint vc="1" uspid="2209" ordinal="0" offset="41" sl="107" sc="13" el="107" ec="13" bec="0" bev="0" fileid="15" />
                <SequencePoint vc="1" uspid="2210" ordinal="0" offset="53" sl="109" sc="9" el="109" ec="9" bec="0" bev="0" fileid="15" />
                <SequencePoint vc="1" uspid="2211" ordinal="0" offset="56" sl="112" sc="9" el="112" ec="9" bec="0" bev="0" fileid="15" />
                <SequencePoint vc="1" uspid="2212" ordinal="0" offset="57" sl="113" sc="13" el="113" ec="13" bec="0" bev="0" fileid="15" />
                <SequencePoint vc="1" uspid="2213" ordinal="0" offset="78" sl="114" sc="13" el="114" ec="13" bec="0" bev="0" fileid="15" />
                <SequencePoint vc="1" uspid="2214" ordinal="0" offset="79" sl="115" sc="17" el="115" ec="17" bec="0" bev="0" fileid="15" />
                <SequencePoint vc="1" uspid="2215" ordinal="0" offset="91" sl="116" sc="17" el="116" ec="17" bec="0" bev="0" fileid="15" />
                <SequencePoint vc="1" uspid="2216" ordinal="0" offset="105" sl="117" sc="13" el="117" ec="13" bec="0" bev="0" fileid="15" />
                <SequencePoint vc="1" uspid="2217" ordinal="0" offset="106" sl="118" sc="9" el="118" ec="9" bec="0" bev="0" fileid="15" />
                <SequencePoint vc="2" uspid="2218" ordinal="0" offset="107" sl="121" sc="9" el="121" ec="9" bec="0" bev="0" fileid="15" />
                <SequencePoint vc="0" uspid="2219" ordinal="0" offset="120" sl="122" sc="13" el="122" ec="13" bec="0" bev="0" fileid="15" />
                <SequencePoint vc="2" uspid="2220" ordinal="0" offset="137" sl="124" sc="9" el="124" ec="9" bec="0" bev="0" fileid="15" />
                <SequencePoint vc="2" uspid="2221" ordinal="0" offset="142" sl="125" sc="5" el="125" ec="5" bec="0" bev="0" fileid="15" />
              </SequencePoints>
              <BranchPoints />
            </Method>
            <Method visited="true" cyclomaticComplexity="0" nPathComplexity="0" sequenceCoverage="100.0" branchCoverage="0" crapScore="0" isConstructor="true" isStatic="false" isGetter="false" isSetter="false">
              <Summary numSequencePoints="5" visitedSequencePoints="5" numBranchPoints="0" visitedBranchPoints="0" sequenceCoverage="100.0" branchCoverage="0" maxCyclomaticComplexity="0" minCyclomaticComplexity="0" maxCrapScore="0" minCrapScore="0" visitedClasses="0" numClasses="0" visitedMethods="1" numMethods="1" />
              <MetadataToken>100663361</MetadataToken>
              <Name>SoundManager::SoundManager()</Name>
              <FileRef uid="15" />
              <SequencePoints>
                <SequencePoint vc="1" uspid="2228" ordinal="0" offset="0" sl="9" sc="5" el="9" ec="5" bec="0" bev="0" fileid="15" />
                <SequencePoint vc="1" uspid="2229" ordinal="0" offset="12" sl="11" sc="5" el="11" ec="5" bec="0" bev="0" fileid="15" />
                <SequencePoint vc="1" uspid="2230" ordinal="0" offset="23" sl="13" sc="5" el="13" ec="5" bec="0" bev="0" fileid="15" />
                <SequencePoint vc="1" uspid="2231" ordinal="0" offset="34" sl="14" sc="5" el="14" ec="5" bec="0" bev="0" fileid="15" />
                <SequencePoint vc="1" uspid="2232" ordinal="0" offset="45" sl="15" sc="5" el="15" ec="5" bec="0" bev="0" fileid="15" />
              </SequencePoints>
              <BranchPoints />
            </Method>
          </Methods>
        </Class>
        <Class>
          <Summary numSequencePoints="14" visitedSequencePoints="10" numBranchPoints="0" visitedBranchPoints="0" sequenceCoverage="71.43" branchCoverage="0.0" maxCyclomaticComplexity="0" minCyclomaticComplexity="0" maxCrapScore="0" minCrapScore="0" visitedClasses="1" numClasses="1" visitedMethods="3" numMethods="3" />
          <FullName>BaseScene</FullName>
          <Methods>
            <Method visited="true" cyclomaticComplexity="0" nPathComplexity="0" sequenceCoverage="100.0" branchCoverage="0" crapScore="0" isConstructor="false" isStatic="false" isGetter="false" isSetter="false">
              <Summary numSequencePoints="3" visitedSequencePoints="3" numBranchPoints="0" visitedBranchPoints="0" sequenceCoverage="100.0" branchCoverage="0" maxCyclomaticComplexity="0" minCyclomaticComplexity="0" maxCrapScore="0" minCrapScore="0" visitedClasses="0" numClasses="0" visitedMethods="1" numMethods="1" />
              <MetadataToken>100663378</MetadataToken>
              <Name>System.Void BaseScene::Awake()</Name>
              <FileRef uid="19" />
              <SequencePoints>
                <SequencePoint vc="2" uspid="2345" ordinal="0" offset="0" sl="10" sc="5" el="10" ec="5" bec="0" bev="0" fileid="19" />
                <SequencePoint vc="2" uspid="2346" ordinal="0" offset="1" sl="11" sc="9" el="11" ec="9" bec="0" bev="0" fileid="19" />
                <SequencePoint vc="2" uspid="2347" ordinal="0" offset="19" sl="12" sc="5" el="12" ec="5" bec="0" bev="0" fileid="19" />
              </SequencePoints>
              <BranchPoints />
            </Method>
            <Method visited="true" cyclomaticComplexity="0" nPathComplexity="0" sequenceCoverage="60.00" branchCoverage="0" crapScore="0" isConstructor="false" isStatic="false" isGetter="false" isSetter="false">
              <Summary numSequencePoints="10" visitedSequencePoints="6" numBranchPoints="0" visitedBranchPoints="0" sequenceCoverage="60.00" branchCoverage="0" maxCyclomaticComplexity="0" minCyclomaticComplexity="0" maxCrapScore="0" minCrapScore="0" visitedClasses="0" numClasses="0" visitedMethods="1" numMethods="1" />
              <MetadataToken>100663379</MetadataToken>
              <Name>System.Void BaseScene::PlayBGM(System.String)</Name>
              <FileRef uid="19" />
              <SequencePoints>
                <SequencePoint vc="2" uspid="2348" ordinal="0" offset="0" sl="15" sc="5" el="15" ec="5" bec="0" bev="0" fileid="19" />
                <SequencePoint vc="2" uspid="2349" ordinal="0" offset="1" sl="16" sc="9" el="16" ec="9" bec="0" bev="0" fileid="19" />
                <SequencePoint vc="1" uspid="2350" ordinal="0" offset="46" sl="19" sc="17" el="19" ec="17" bec="0" bev="0" fileid="19" />
                <SequencePoint vc="1" uspid="2351" ordinal="0" offset="63" sl="20" sc="17" el="20" ec="17" bec="0" bev="0" fileid="19" />
                <SequencePoint vc="0" uspid="2352" ordinal="0" offset="65" sl="22" sc="17" el="22" ec="17" bec="0" bev="0" fileid="19" />
                <SequencePoint vc="0" uspid="2353" ordinal="0" offset="82" sl="23" sc="17" el="23" ec="17" bec="0" bev="0" fileid="19" />
                <SequencePoint vc="0" uspid="2354" ordinal="0" offset="84" sl="25" sc="17" el="25" ec="17" bec="0" bev="0" fileid="19" />
                <SequencePoint vc="0" uspid="2355" ordinal="0" offset="95" sl="26" sc="17" el="26" ec="17" bec="0" bev="0" fileid="19" />
                <SequencePoint vc="1" uspid="2356" ordinal="0" offset="97" sl="28" sc="17" el="28" ec="17" bec="0" bev="0" fileid="19" />
                <SequencePoint vc="2" uspid="2357" ordinal="0" offset="99" sl="30" sc="5" el="30" ec="5" bec="0" bev="0" fileid="19" />
              </SequencePoints>
              <BranchPoints />
            </Method>
            <Method visited="true" cyclomaticComplexity="0" nPathComplexity="0" sequenceCoverage="100.0" branchCoverage="0" crapScore="0" isConstructor="true" isStatic="false" isGetter="false" isSetter="false">
              <Summary numSequencePoints="1" visitedSequencePoints="1" numBranchPoints="0" visitedBranchPoints="0" sequenceCoverage="100.0" branchCoverage="0" maxCyclomaticComplexity="0" minCyclomaticComplexity="0" maxCrapScore="0" minCrapScore="0" visitedClasses="0" numClasses="0" visitedMethods="1" numMethods="1" />
              <MetadataToken>100663380</MetadataToken>
              <Name>BaseScene::BaseScene()</Name>
              <FileRef uid="19" />
              <SequencePoints>
                <SequencePoint vc="3" uspid="2358" ordinal="0" offset="0" sl="7" sc="61" el="7" ec="61" bec="0" bev="0" fileid="19" />
              </SequencePoints>
              <BranchPoints />
            </Method>
          </Methods>
        </Class>
        <Class>
          <Summary numSequencePoints="9" visitedSequencePoints="6" numBranchPoints="0" visitedBranchPoints="0" sequenceCoverage="66.67" branchCoverage="0.0" maxCyclomaticComplexity="0" minCyclomaticComplexity="0" maxCrapScore="0" minCrapScore="0" visitedClasses="1" numClasses="1" visitedMethods="2" numMethods="2" />
          <FullName>MainScene</FullName>
          <Methods>
            <Method visited="true" cyclomaticComplexity="0" nPathComplexity="0" sequenceCoverage="50.00" branchCoverage="0" crapScore="0" isConstructor="false" isStatic="false" isGetter="false" isSetter="false">
              <Summary numSequencePoints="6" visitedSequencePoints="3" numBranchPoints="0" visitedBranchPoints="0" sequenceCoverage="50.00" branchCoverage="0" maxCyclomaticComplexity="0" minCyclomaticComplexity="0" maxCrapScore="0" minCrapScore="0" visitedClasses="0" numClasses="0" visitedMethods="1" numMethods="1" />
              <MetadataToken>100663388</MetadataToken>
              <Name>System.Void MainScene::Update()</Name>
              <FileRef uid="22" />
              <SequencePoints>
                <SequencePoint vc="248" uspid="2391" ordinal="0" offset="0" sl="9" sc="5" el="9" ec="5" bec="0" bev="0" fileid="22" />
                <SequencePoint vc="248" uspid="2392" ordinal="0" offset="1" sl="10" sc="9" el="10" ec="9" bec="0" bev="0" fileid="22" />
                <SequencePoint vc="0" uspid="2393" ordinal="0" offset="10" sl="11" sc="9" el="11" ec="9" bec="0" bev="0" fileid="22" />
                <SequencePoint vc="0" uspid="2394" ordinal="0" offset="11" sl="12" sc="13" el="12" ec="13" bec="0" bev="0" fileid="22" />
                <SequencePoint vc="0" uspid="2395" ordinal="0" offset="18" sl="13" sc="9" el="13" ec="9" bec="0" bev="0" fileid="22" />
                <SequencePoint vc="248" uspid="2396" ordinal="0" offset="19" sl="14" sc="5" el="14" ec="5" bec="0" bev="0" fileid="22" />
              </SequencePoints>
              <BranchPoints />
            </Method>
            <Method visited="true" cyclomaticComplexity="0" nPathComplexity="0" sequenceCoverage="100.0" branchCoverage="0" crapScore="0" isConstructor="false" isStatic="false" isGetter="false" isSetter="false">
              <Summary numSequencePoints="3" visitedSequencePoints="3" numBranchPoints="0" visitedBranchPoints="0" sequenceCoverage="100.0" branchCoverage="0" maxCyclomaticComplexity="0" minCyclomaticComplexity="0" maxCrapScore="0" minCrapScore="0" visitedClasses="0" numClasses="0" visitedMethods="1" numMethods="1" />
              <MetadataToken>100663389</MetadataToken>
              <Name>System.Void MainScene::LoadNextScene()</Name>
              <FileRef uid="22" />
              <SequencePoints>
                <SequencePoint vc="1" uspid="2397" ordinal="0" offset="0" sl="17" sc="5" el="17" ec="5" bec="0" bev="0" fileid="22" />
                <SequencePoint vc="1" uspid="2398" ordinal="0" offset="1" sl="18" sc="9" el="18" ec="9" bec="0" bev="0" fileid="22" />
                <SequencePoint vc="1" uspid="2399" ordinal="0" offset="13" sl="19" sc="5" el="19" ec="5" bec="0" bev="0" fileid="22" />
              </SequencePoints>
              <BranchPoints />
            </Method>
          </Methods>
        </Class>
        <Class>
          <Summary numSequencePoints="1" visitedSequencePoints="1" numBranchPoints="0" visitedBranchPoints="0" sequenceCoverage="100.0" branchCoverage="0.0" maxCyclomaticComplexity="0" minCyclomaticComplexity="0" maxCrapScore="0" minCrapScore="0" visitedClasses="1" numClasses="1" visitedMethods="1" numMethods="1" />
          <FullName>BlinkText</FullName>
          <Methods>
            <Method visited="true" cyclomaticComplexity="0" nPathComplexity="0" sequenceCoverage="100.0" branchCoverage="0" crapScore="0" isConstructor="true" isStatic="false" isGetter="false" isSetter="false">
              <Summary numSequencePoints="1" visitedSequencePoints="1" numBranchPoints="0" visitedBranchPoints="0" sequenceCoverage="100.0" branchCoverage="0" maxCyclomaticComplexity="0" minCyclomaticComplexity="0" maxCrapScore="0" minCrapScore="0" visitedClasses="0" numClasses="0" visitedMethods="1" numMethods="1" />
              <MetadataToken>100663394</MetadataToken>
              <Name>BlinkText::BlinkText()</Name>
              <FileRef uid="24" />
              <SequencePoints>
                <SequencePoint vc="1" uspid="2409" ordinal="0" offset="0" sl="6" sc="5" el="6" ec="5" bec="0" bev="0" fileid="24" />
              </SequencePoints>
              <BranchPoints />
            </Method>
          </Methods>
        </Class>
        <Class>
          <Summary numSequencePoints="3" visitedSequencePoints="3" numBranchPoints="0" visitedBranchPoints="0" sequenceCoverage="100.0" branchCoverage="0.0" maxCyclomaticComplexity="0" minCyclomaticComplexity="0" maxCrapScore="0" minCrapScore="0" visitedClasses="1" numClasses="1" visitedMethods="1" numMethods="1" />
          <FullName>Button</FullName>
          <Methods>
            <Method visited="true" cyclomaticComplexity="0" nPathComplexity="0" sequenceCoverage="100.0" branchCoverage="0" crapScore="0" isConstructor="false" isStatic="false" isGetter="false" isSetter="false">
              <Summary numSequencePoints="3" visitedSequencePoints="3" numBranchPoints="0" visitedBranchPoints="0" sequenceCoverage="100.0" branchCoverage="0" maxCyclomaticComplexity="0" minCyclomaticComplexity="0" maxCrapScore="0" minCrapScore="0" visitedClasses="0" numClasses="0" visitedMethods="1" numMethods="1" />
              <MetadataToken>100663395</MetadataToken>
              <Name>System.Void Button::Start()</Name>
              <FileRef uid="25" />
              <SequencePoints>
                <SequencePoint vc="6" uspid="2410" ordinal="0" offset="0" sl="11" sc="5" el="11" ec="5" bec="0" bev="0" fileid="25" />
                <SequencePoint vc="6" uspid="2411" ordinal="0" offset="1" sl="12" sc="9" el="12" ec="9" bec="0" bev="0" fileid="25" />
                <SequencePoint vc="6" uspid="2412" ordinal="0" offset="18" sl="13" sc="5" el="13" ec="5" bec="0" bev="0" fileid="25" />
              </SequencePoints>
              <BranchPoints />
            </Method>
          </Methods>
        </Class>
        <Class>
          <Summary numSequencePoints="4" visitedSequencePoints="4" numBranchPoints="0" visitedBranchPoints="0" sequenceCoverage="100.0" branchCoverage="0.0" maxCyclomaticComplexity="0" minCyclomaticComplexity="0" maxCrapScore="0" minCrapScore="0" visitedClasses="1" numClasses="1" visitedMethods="1" numMethods="1" />
          <FullName>VolumeController</FullName>
          <Methods>
            <Method visited="true" cyclomaticComplexity="0" nPathComplexity="0" sequenceCoverage="100.0" branchCoverage="0" crapScore="0" isConstructor="false" isStatic="false" isGetter="false" isSetter="false">
              <Summary numSequencePoints="4" visitedSequencePoints="4" numBranchPoints="0" visitedBranchPoints="0" sequenceCoverage="100.0" branchCoverage="0" maxCyclomaticComplexity="0" minCyclomaticComplexity="0" maxCrapScore="0" minCrapScore="0" visitedClasses="0" numClasses="0" visitedMethods="1" numMethods="1" />
              <MetadataToken>100663405</MetadataToken>
              <Name>System.Void VolumeController::Start()</Name>
              <FileRef uid="27" />
              <SequencePoints>
                <SequencePoint vc="1" uspid="2452" ordinal="0" offset="0" sl="11" sc="5" el="11" ec="5" bec="0" bev="0" fileid="27" />
                <SequencePoint vc="1" uspid="2453" ordinal="0" offset="1" sl="12" sc="9" el="12" ec="9" bec="0" bev="0" fileid="27" />
                <SequencePoint vc="1" uspid="2454" ordinal="0" offset="18" sl="13" sc="9" el="13" ec="9" bec="0" bev="0" fileid="27" />
                <SequencePoint vc="1" uspid="2455" ordinal="0" offset="47" sl="14" sc="5" el="14" ec="5" bec="0" bev="0" fileid="27" />
              </SequencePoints>
              <BranchPoints />
            </Method>
          </Methods>
        </Class>
      </Classes>
    </Module>
    <Module>
      <Summary numSequencePoints="13" visitedSequencePoints="13" numBranchPoints="0" visitedBranchPoints="0" sequenceCoverage="100.0" branchCoverage="0.0" maxCyclomaticComplexity="0" minCyclomaticComplexity="0" maxCrapScore="0" minCrapScore="0" visitedClasses="2" numClasses="2" visitedMethods="2" numMethods="2" />
      <ModuleTime>0001-01-01T00:00:00</ModuleTime>
      <ModuleName>Tests</ModuleName>
      <Files>
        <File uid="30" fullPath="C:/Users/limkt/Desktop/S11P12E204/game/Assets/Tests/MainSceneTests.cs" />
        <File uid="31" fullPath="C:/Users/limkt/Desktop/S11P12E204/game/Assets/Tests/NewTestScript.cs" />
      </Files>
      <Classes>
        <Class>
          <Summary numSequencePoints="4" visitedSequencePoints="4" numBranchPoints="0" visitedBranchPoints="0" sequenceCoverage="100.0" branchCoverage="0.0" maxCyclomaticComplexity="0" minCyclomaticComplexity="0" maxCrapScore="0" minCrapScore="0" visitedClasses="1" numClasses="1" visitedMethods="1" numMethods="1" />
          <FullName>MainSceneTests</FullName>
          <Methods>
            <Method visited="true" cyclomaticComplexity="0" nPathComplexity="0" sequenceCoverage="100.0" branchCoverage="0" crapScore="0" isConstructor="false" isStatic="false" isGetter="false" isSetter="false">
              <Summary numSequencePoints="4" visitedSequencePoints="4" numBranchPoints="0" visitedBranchPoints="0" sequenceCoverage="100.0" branchCoverage="0" maxCyclomaticComplexity="0" minCyclomaticComplexity="0" maxCrapScore="0" minCrapScore="0" visitedClasses="0" numClasses="0" visitedMethods="1" numMethods="1" />
              <MetadataToken>100663297</MetadataToken>
              <Name>System.Void MainSceneTests::Setup()</Name>
              <FileRef uid="30" />
              <SequencePoints>
                <SequencePoint vc="1" uspid="2554" ordinal="0" offset="0" sl="14" sc="5" el="14" ec="5" bec="0" bev="0" fileid="30" />
                <SequencePoint vc="1" uspid="2555" ordinal="0" offset="1" sl="16" sc="9" el="16" ec="9" bec="0" bev="0" fileid="30" />
                <SequencePoint vc="1" uspid="2556" ordinal="0" offset="7" sl="17" sc="9" el="17" ec="9" bec="0" bev="0" fileid="30" />
                <SequencePoint vc="1" uspid="2557" ordinal="0" offset="19" sl="18" sc="5" el="18" ec="5" bec="0" bev="0" fileid="30" />
              </SequencePoints>
              <BranchPoints />
            </Method>
          </Methods>
        </Class>
        <Class>
          <Summary numSequencePoints="9" visitedSequencePoints="9" numBranchPoints="0" visitedBranchPoints="0" sequenceCoverage="100.0" branchCoverage="0.0" maxCyclomaticComplexity="0" minCyclomaticComplexity="0" maxCrapScore="0" minCrapScore="0" visitedClasses="1" numClasses="1" visitedMethods="1" numMethods="1" />
          <FullName>MainSceneTests/&lt;아무키나_누르면_난이도_선택씬으로_넘어감&gt;d__2</FullName>
          <Methods>
            <Method visited="true" cyclomaticComplexity="0" nPathComplexity="0" sequenceCoverage="100.0" branchCoverage="0" crapScore="0" isConstructor="false" isStatic="false" isGetter="false" isSetter="false">
              <Summary numSequencePoints="9" visitedSequencePoints="9" numBranchPoints="0" visitedBranchPoints="0" sequenceCoverage="100.0" branchCoverage="0" maxCyclomaticComplexity="0" minCyclomaticComplexity="0" maxCrapScore="0" minCrapScore="0" visitedClasses="0" numClasses="0" visitedMethods="1" numMethods="1" />
              <MetadataToken>100663310</MetadataToken>
              <Name>System.Boolean MainSceneTests/&lt;아무키나_누르면_난이도_선택씬으로_넘어감&gt;d__2::MoveNext()</Name>
              <FileRef uid="30" />
              <SequencePoints>
                <SequencePoint vc="1" uspid="2565" ordinal="0" offset="51" sl="22" sc="5" el="22" ec="5" bec="0" bev="0" fileid="30" />
                <SequencePoint vc="1" uspid="2566" ordinal="0" offset="52" sl="24" sc="9" el="24" ec="9" bec="0" bev="0" fileid="30" />
                <SequencePoint vc="1" uspid="2567" ordinal="0" offset="71" sl="27" sc="9" el="27" ec="9" bec="0" bev="0" fileid="30" />
                <SequencePoint vc="1" uspid="2568" ordinal="0" offset="103" sl="28" sc="9" el="28" ec="9" bec="0" bev="0" fileid="30" />
                <SequencePoint vc="1" uspid="2569" ordinal="0" offset="120" sl="31" sc="9" el="31" ec="9" bec="0" bev="0" fileid="30" />
                <SequencePoint vc="1" uspid="2570" ordinal="0" offset="152" sl="32" sc="9" el="32" ec="9" bec="0" bev="0" fileid="30" />
                <SequencePoint vc="1" uspid="2571" ordinal="0" offset="177" sl="35" sc="9" el="35" ec="9" bec="0" bev="0" fileid="30" />
                <SequencePoint vc="1" uspid="2572" ordinal="0" offset="209" sl="36" sc="9" el="36" ec="9" bec="0" bev="0" fileid="30" />
                <SequencePoint vc="1" uspid="2573" ordinal="0" offset="233" sl="37" sc="5" el="37" ec="5" bec="0" bev="0" fileid="30" />
              </SequencePoints>
              <BranchPoints />
            </Method>
          </Methods>
        </Class>
      </Classes>
    </Module>
  </Modules>
</CoverageSession>